<?xml version="1.0" encoding="UTF-8"?>
<testsuite xmlns:xsi="http://www.w3.org/2001/XMLSchema-instance" xsi:noNamespaceSchemaLocation="https://maven.apache.org/surefire/maven-surefire-plugin/xsd/surefire-test-report-3.0.xsd" version="3.0" name="TestSuite" time="219.528" tests="4" errors="0" skipped="0" failures="0">
  <properties>
    <property name="sun.desktop" value="windows"/>
    <property name="awt.toolkit" value="sun.awt.windows.WToolkit"/>
    <property name="file.encoding.pkg" value="sun.io"/>
    <property name="java.specification.version" value="1.8"/>
    <property name="sun.cpu.isalist" value="amd64"/>
    <property name="sun.jnu.encoding" value="Cp1252"/>
    <property name="java.class.path" value="D:\Selenium\AppiumFramework\target\test-classes;D:\Selenium\AppiumFramework\target\classes;C:\Users\jenis\.m2\repository\org\seleniumhq\selenium\selenium-java\3.141.59\selenium-java-3.141.59.jar;C:\Users\jenis\.m2\repository\org\seleniumhq\selenium\selenium-api\3.141.59\selenium-api-3.141.59.jar;C:\Users\jenis\.m2\repository\org\seleniumhq\selenium\selenium-chrome-driver\3.141.59\selenium-chrome-driver-3.141.59.jar;C:\Users\jenis\.m2\repository\org\seleniumhq\selenium\selenium-edge-driver\3.141.59\selenium-edge-driver-3.141.59.jar;C:\Users\jenis\.m2\repository\org\seleniumhq\selenium\selenium-firefox-driver\3.141.59\selenium-firefox-driver-3.141.59.jar;C:\Users\jenis\.m2\repository\org\seleniumhq\selenium\selenium-ie-driver\3.141.59\selenium-ie-driver-3.141.59.jar;C:\Users\jenis\.m2\repository\org\seleniumhq\selenium\selenium-opera-driver\3.141.59\selenium-opera-driver-3.141.59.jar;C:\Users\jenis\.m2\repository\org\seleniumhq\selenium\selenium-remote-driver\3.141.59\selenium-remote-driver-3.141.59.jar;C:\Users\jenis\.m2\repository\org\seleniumhq\selenium\selenium-safari-driver\3.141.59\selenium-safari-driver-3.141.59.jar;C:\Users\jenis\.m2\repository\org\seleniumhq\selenium\selenium-support\3.141.59\selenium-support-3.141.59.jar;C:\Users\jenis\.m2\repository\net\bytebuddy\byte-buddy\1.8.15\byte-buddy-1.8.15.jar;C:\Users\jenis\.m2\repository\org\apache\commons\commons-exec\1.3\commons-exec-1.3.jar;C:\Users\jenis\.m2\repository\com\google\guava\guava\25.0-jre\guava-25.0-jre.jar;C:\Users\jenis\.m2\repository\com\google\code\findbugs\jsr305\1.3.9\jsr305-1.3.9.jar;C:\Users\jenis\.m2\repository\org\checkerframework\checker-compat-qual\2.0.0\checker-compat-qual-2.0.0.jar;C:\Users\jenis\.m2\repository\com\google\errorprone\error_prone_annotations\2.1.3\error_prone_annotations-2.1.3.jar;C:\Users\jenis\.m2\repository\com\google\j2objc\j2objc-annotations\1.1\j2objc-annotations-1.1.jar;C:\Users\jenis\.m2\repository\org\codehaus\mojo\animal-sniffer-annotations\1.14\animal-sniffer-annotations-1.14.jar;C:\Users\jenis\.m2\repository\com\squareup\okhttp3\okhttp\3.11.0\okhttp-3.11.0.jar;C:\Users\jenis\.m2\repository\com\squareup\okio\okio\1.14.0\okio-1.14.0.jar;C:\Users\jenis\.m2\repository\io\appium\java-client\7.4.1\java-client-7.4.1.jar;C:\Users\jenis\.m2\repository\com\google\code\gson\gson\2.8.6\gson-2.8.6.jar;C:\Users\jenis\.m2\repository\org\apache\httpcomponents\httpclient\4.5.13\httpclient-4.5.13.jar;C:\Users\jenis\.m2\repository\org\apache\httpcomponents\httpcore\4.4.13\httpcore-4.4.13.jar;C:\Users\jenis\.m2\repository\commons-codec\commons-codec\1.11\commons-codec-1.11.jar;C:\Users\jenis\.m2\repository\cglib\cglib\3.3.0\cglib-3.3.0.jar;C:\Users\jenis\.m2\repository\org\ow2\asm\asm\7.1\asm-7.1.jar;C:\Users\jenis\.m2\repository\org\springframework\spring-context\5.3.1\spring-context-5.3.1.jar;C:\Users\jenis\.m2\repository\org\springframework\spring-aop\5.3.1\spring-aop-5.3.1.jar;C:\Users\jenis\.m2\repository\org\springframework\spring-beans\5.3.1\spring-beans-5.3.1.jar;C:\Users\jenis\.m2\repository\org\springframework\spring-core\5.3.1\spring-core-5.3.1.jar;C:\Users\jenis\.m2\repository\org\springframework\spring-jcl\5.3.1\spring-jcl-5.3.1.jar;C:\Users\jenis\.m2\repository\org\springframework\spring-expression\5.3.1\spring-expression-5.3.1.jar;C:\Users\jenis\.m2\repository\org\aspectj\aspectjweaver\1.9.6\aspectjweaver-1.9.6.jar;C:\Users\jenis\.m2\repository\org\slf4j\slf4j-simple\1.7.30\slf4j-simple-1.7.30.jar;C:\Users\jenis\.m2\repository\org\slf4j\slf4j-api\1.7.30\slf4j-api-1.7.30.jar;C:\Users\jenis\.m2\repository\org\apache\commons\commons-lang3\3.11\commons-lang3-3.11.jar;C:\Users\jenis\.m2\repository\commons-io\commons-io\2.8.0\commons-io-2.8.0.jar;C:\Users\jenis\.m2\repository\commons-validator\commons-validator\1.7\commons-validator-1.7.jar;C:\Users\jenis\.m2\repository\commons-beanutils\commons-beanutils\1.9.4\commons-beanutils-1.9.4.jar;C:\Users\jenis\.m2\repository\commons-digester\commons-digester\2.1\commons-digester-2.1.jar;C:\Users\jenis\.m2\repository\commons-logging\commons-logging\1.2\commons-logging-1.2.jar;C:\Users\jenis\.m2\repository\commons-collections\commons-collections\3.2.2\commons-collections-3.2.2.jar;C:\Users\jenis\.m2\repository\com\aventstack\extentreports\4.0.6\extentreports-4.0.6.jar;C:\Users\jenis\.m2\repository\org\freemarker\freemarker\2.3.23\freemarker-2.3.23.jar;C:\Users\jenis\.m2\repository\org\mongodb\mongodb-driver\3.3.0\mongodb-driver-3.3.0.jar;C:\Users\jenis\.m2\repository\org\mongodb\mongodb-driver-core\3.3.0\mongodb-driver-core-3.3.0.jar;C:\Users\jenis\.m2\repository\org\mongodb\bson\3.3.0\bson-3.3.0.jar;C:\Users\jenis\.m2\repository\org\apache\httpcomponents\httpmime\4.5.2\httpmime-4.5.2.jar;C:\Users\jenis\.m2\repository\org\testng\testng\7.3.0\testng-7.3.0.jar;C:\Users\jenis\.m2\repository\com\beust\jcommander\1.78\jcommander-1.78.jar;C:\Users\jenis\.m2\repository\org\apache\ant\ant\1.10.3\ant-1.10.3.jar;C:\Users\jenis\.m2\repository\org\apache\ant\ant-launcher\1.10.3\ant-launcher-1.10.3.jar;C:\Users\jenis\.m2\repository\junit\junit\4.12\junit-4.12.jar;C:\Users\jenis\.m2\repository\org\hamcrest\hamcrest-core\1.3\hamcrest-core-1.3.jar;C:\Users\jenis\.m2\repository\com\google\inject\guice\4.2.2\guice-4.2.2-no_aop.jar;C:\Users\jenis\.m2\repository\javax\inject\javax.inject\1\javax.inject-1.jar;C:\Users\jenis\.m2\repository\aopalliance\aopalliance\1.0\aopalliance-1.0.jar;C:\Users\jenis\.m2\repository\org\yaml\snakeyaml\1.21\snakeyaml-1.21.jar;"/>
    <property name="java.vm.vendor" value="Oracle Corporation"/>
    <property name="deviceName" value="Nexus_Emulator"/>
    <property name="sun.arch.data.model" value="64"/>
    <property name="user.variant" value=""/>
    <property name="java.vendor.url" value="http://java.oracle.com/"/>
    <property name="user.timezone" value="America/Chicago"/>
    <property name="java.vm.specification.version" value="1.8"/>
    <property name="os.name" value="Windows 10"/>
    <property name="user.country" value="US"/>
    <property name="sun.java.launcher" value="SUN_STANDARD"/>
    <property name="sun.boot.library.path" value="C:\Program Files\Java\jre1.8.0_271\bin"/>
    <property name="sun.java.command" value="C:\Users\jenis\AppData\Local\Temp\surefire8711799758520957699\surefirebooter7863136538083040549.jar C:\Users\jenis\AppData\Local\Temp\surefire8711799758520957699 2021-01-13T14-13-04_713-jvmRun1 surefire3818602199091757347tmp surefire_06141320485006392471tmp"/>
    <property name="surefire.test.class.path" value="D:\Selenium\AppiumFramework\target\test-classes;D:\Selenium\AppiumFramework\target\classes;C:\Users\jenis\.m2\repository\org\seleniumhq\selenium\selenium-java\3.141.59\selenium-java-3.141.59.jar;C:\Users\jenis\.m2\repository\org\seleniumhq\selenium\selenium-api\3.141.59\selenium-api-3.141.59.jar;C:\Users\jenis\.m2\repository\org\seleniumhq\selenium\selenium-chrome-driver\3.141.59\selenium-chrome-driver-3.141.59.jar;C:\Users\jenis\.m2\repository\org\seleniumhq\selenium\selenium-edge-driver\3.141.59\selenium-edge-driver-3.141.59.jar;C:\Users\jenis\.m2\repository\org\seleniumhq\selenium\selenium-firefox-driver\3.141.59\selenium-firefox-driver-3.141.59.jar;C:\Users\jenis\.m2\repository\org\seleniumhq\selenium\selenium-ie-driver\3.141.59\selenium-ie-driver-3.141.59.jar;C:\Users\jenis\.m2\repository\org\seleniumhq\selenium\selenium-opera-driver\3.141.59\selenium-opera-driver-3.141.59.jar;C:\Users\jenis\.m2\repository\org\seleniumhq\selenium\selenium-remote-driver\3.141.59\selenium-remote-driver-3.141.59.jar;C:\Users\jenis\.m2\repository\org\seleniumhq\selenium\selenium-safari-driver\3.141.59\selenium-safari-driver-3.141.59.jar;C:\Users\jenis\.m2\repository\org\seleniumhq\selenium\selenium-support\3.141.59\selenium-support-3.141.59.jar;C:\Users\jenis\.m2\repository\net\bytebuddy\byte-buddy\1.8.15\byte-buddy-1.8.15.jar;C:\Users\jenis\.m2\repository\org\apache\commons\commons-exec\1.3\commons-exec-1.3.jar;C:\Users\jenis\.m2\repository\com\google\guava\guava\25.0-jre\guava-25.0-jre.jar;C:\Users\jenis\.m2\repository\com\google\code\findbugs\jsr305\1.3.9\jsr305-1.3.9.jar;C:\Users\jenis\.m2\repository\org\checkerframework\checker-compat-qual\2.0.0\checker-compat-qual-2.0.0.jar;C:\Users\jenis\.m2\repository\com\google\errorprone\error_prone_annotations\2.1.3\error_prone_annotations-2.1.3.jar;C:\Users\jenis\.m2\repository\com\google\j2objc\j2objc-annotations\1.1\j2objc-annotations-1.1.jar;C:\Users\jenis\.m2\repository\org\codehaus\mojo\animal-sniffer-annotations\1.14\animal-sniffer-annotations-1.14.jar;C:\Users\jenis\.m2\repository\com\squareup\okhttp3\okhttp\3.11.0\okhttp-3.11.0.jar;C:\Users\jenis\.m2\repository\com\squareup\okio\okio\1.14.0\okio-1.14.0.jar;C:\Users\jenis\.m2\repository\io\appium\java-client\7.4.1\java-client-7.4.1.jar;C:\Users\jenis\.m2\repository\com\google\code\gson\gson\2.8.6\gson-2.8.6.jar;C:\Users\jenis\.m2\repository\org\apache\httpcomponents\httpclient\4.5.13\httpclient-4.5.13.jar;C:\Users\jenis\.m2\repository\org\apache\httpcomponents\httpcore\4.4.13\httpcore-4.4.13.jar;C:\Users\jenis\.m2\repository\commons-codec\commons-codec\1.11\commons-codec-1.11.jar;C:\Users\jenis\.m2\repository\cglib\cglib\3.3.0\cglib-3.3.0.jar;C:\Users\jenis\.m2\repository\org\ow2\asm\asm\7.1\asm-7.1.jar;C:\Users\jenis\.m2\repository\org\springframework\spring-context\5.3.1\spring-context-5.3.1.jar;C:\Users\jenis\.m2\repository\org\springframework\spring-aop\5.3.1\spring-aop-5.3.1.jar;C:\Users\jenis\.m2\repository\org\springframework\spring-beans\5.3.1\spring-beans-5.3.1.jar;C:\Users\jenis\.m2\repository\org\springframework\spring-core\5.3.1\spring-core-5.3.1.jar;C:\Users\jenis\.m2\repository\org\springframework\spring-jcl\5.3.1\spring-jcl-5.3.1.jar;C:\Users\jenis\.m2\repository\org\springframework\spring-expression\5.3.1\spring-expression-5.3.1.jar;C:\Users\jenis\.m2\repository\org\aspectj\aspectjweaver\1.9.6\aspectjweaver-1.9.6.jar;C:\Users\jenis\.m2\repository\org\slf4j\slf4j-simple\1.7.30\slf4j-simple-1.7.30.jar;C:\Users\jenis\.m2\repository\org\slf4j\slf4j-api\1.7.30\slf4j-api-1.7.30.jar;C:\Users\jenis\.m2\repository\org\apache\commons\commons-lang3\3.11\commons-lang3-3.11.jar;C:\Users\jenis\.m2\repository\commons-io\commons-io\2.8.0\commons-io-2.8.0.jar;C:\Users\jenis\.m2\repository\commons-validator\commons-validator\1.7\commons-validator-1.7.jar;C:\Users\jenis\.m2\repository\commons-beanutils\commons-beanutils\1.9.4\commons-beanutils-1.9.4.jar;C:\Users\jenis\.m2\repository\commons-digester\commons-digester\2.1\commons-digester-2.1.jar;C:\Users\jenis\.m2\repository\commons-logging\commons-logging\1.2\commons-logging-1.2.jar;C:\Users\jenis\.m2\repository\commons-collections\commons-collections\3.2.2\commons-collections-3.2.2.jar;C:\Users\jenis\.m2\repository\com\aventstack\extentreports\4.0.6\extentreports-4.0.6.jar;C:\Users\jenis\.m2\repository\org\freemarker\freemarker\2.3.23\freemarker-2.3.23.jar;C:\Users\jenis\.m2\repository\org\mongodb\mongodb-driver\3.3.0\mongodb-driver-3.3.0.jar;C:\Users\jenis\.m2\repository\org\mongodb\mongodb-driver-core\3.3.0\mongodb-driver-core-3.3.0.jar;C:\Users\jenis\.m2\repository\org\mongodb\bson\3.3.0\bson-3.3.0.jar;C:\Users\jenis\.m2\repository\org\apache\httpcomponents\httpmime\4.5.2\httpmime-4.5.2.jar;C:\Users\jenis\.m2\repository\org\testng\testng\7.3.0\testng-7.3.0.jar;C:\Users\jenis\.m2\repository\com\beust\jcommander\1.78\jcommander-1.78.jar;C:\Users\jenis\.m2\repository\org\apache\ant\ant\1.10.3\ant-1.10.3.jar;C:\Users\jenis\.m2\repository\org\apache\ant\ant-launcher\1.10.3\ant-launcher-1.10.3.jar;C:\Users\jenis\.m2\repository\junit\junit\4.12\junit-4.12.jar;C:\Users\jenis\.m2\repository\org\hamcrest\hamcrest-core\1.3\hamcrest-core-1.3.jar;C:\Users\jenis\.m2\repository\com\google\inject\guice\4.2.2\guice-4.2.2-no_aop.jar;C:\Users\jenis\.m2\repository\javax\inject\javax.inject\1\javax.inject-1.jar;C:\Users\jenis\.m2\repository\aopalliance\aopalliance\1.0\aopalliance-1.0.jar;C:\Users\jenis\.m2\repository\org\yaml\snakeyaml\1.21\snakeyaml-1.21.jar;"/>
    <property name="sun.cpu.endian" value="little"/>
    <property name="user.home" value="C:\Users\jenis"/>
    <property name="user.language" value="en"/>
    <property name="java.specification.vendor" value="Oracle Corporation"/>
    <property name="java.home" value="C:\Program Files\Java\jre1.8.0_271"/>
    <property name="basedir" value="D:\Selenium\AppiumFramework"/>
    <property name="file.separator" value="\"/>
    <property name="line.separator" value="&#10;"/>
    <property name="java.vm.specification.vendor" value="Oracle Corporation"/>
    <property name="java.specification.name" value="Java Platform API Specification"/>
    <property name="java.awt.graphicsenv" value="sun.awt.Win32GraphicsEnvironment"/>
    <property name="surefire.real.class.path" value="C:\Users\jenis\AppData\Local\Temp\surefire8711799758520957699\surefirebooter7863136538083040549.jar"/>
    <property name="sun.boot.class.path" value="C:\Program Files\Java\jre1.8.0_271\lib\resources.jar;C:\Program Files\Java\jre1.8.0_271\lib\rt.jar;C:\Program Files\Java\jre1.8.0_271\lib\sunrsasign.jar;C:\Program Files\Java\jre1.8.0_271\lib\jsse.jar;C:\Program Files\Java\jre1.8.0_271\lib\jce.jar;C:\Program Files\Java\jre1.8.0_271\lib\charsets.jar;C:\Program Files\Java\jre1.8.0_271\lib\jfr.jar;C:\Program Files\Java\jre1.8.0_271\classes"/>
    <property name="user.script" value=""/>
    <property name="sun.management.compiler" value="HotSpot 64-Bit Tiered Compilers"/>
    <property name="java.runtime.version" value="1.8.0_271-b09"/>
    <property name="user.name" value="jenis"/>
    <property name="path.separator" value=";"/>
    <property name="os.version" value="10.0"/>
    <property name="java.endorsed.dirs" value="C:\Program Files\Java\jre1.8.0_271\lib\endorsed"/>
    <property name="java.runtime.name" value="Java(TM) SE Runtime Environment"/>
    <property name="file.encoding" value="Cp1252"/>
    <property name="java.vm.name" value="Java HotSpot(TM) 64-Bit Server VM"/>
    <property name="localRepository" value="C:\Users\jenis\.m2\repository"/>
    <property name="java.vendor.url.bug" value="http://bugreport.sun.com/bugreport/"/>
    <property name="java.io.tmpdir" value="C:\Users\jenis\AppData\Local\Temp\"/>
    <property name="java.version" value="1.8.0_271"/>
    <property name="user.dir" value="D:\Selenium\AppiumFramework"/>
    <property name="os.arch" value="amd64"/>
    <property name="java.vm.specification.name" value="Java Virtual Machine Specification"/>
    <property name="java.awt.printerjob" value="sun.awt.windows.WPrinterJob"/>
    <property name="sun.os.patch.level" value=""/>
    <property name="java.library.path" value="C:\Program Files\Java\jre1.8.0_271\bin;C:\WINDOWS\Sun\Java\bin;C:\WINDOWS\system32;C:\WINDOWS;C:\Program Files (x86)\Common Files\Oracle\Java\javapath;C:\Program Files\Common Files\Oracle\Java\javapath;C:\Program Files (x86)\Intel\iCLS Client\;C:\Program Files\Intel\iCLS Client\;C:\Windows\system32;C:\Windows;C:\Windows\System32\Wbem;C:\Windows\System32\WindowsPowerShell\v1.0\;C:\Program Files (x86)\Intel\Intel(R) Management Engine Components\DAL;C:\Program Files\Intel\Intel(R) Management Engine Components\DAL;C:\Program Files (x86)\Intel\Intel(R) Management Engine Components\IPT;C:\Program Files\Intel\Intel(R) Management Engine Components\IPT;C:\Program Files\Intel\WiFi\bin\;C:\Program Files\Common Files\Intel\WirelessCommon\;C:\Program Files (x86)\NVIDIA Corporation\PhysX\Common;C:\WINDOWS\system32;C:\WINDOWS;C:\WINDOWS\System32\Wbem;C:\WINDOWS\System32\WindowsPowerShell\v1.0\;C:\WINDOWS\System32\OpenSSH\;C:\Program Files\Java\jre1.8.0_271\bin;C:\Program Files (x86)\nodejs\;C:\Users\jenis\AppData\Local\Android\Sdk\tools;C:\Users\jenis\AppData\Local\Android\Sdk\tools\bin;C:\Users\jenis\AppData\Local\Android\Sdk\platform-tools;C:\Program Files (x86)\nodejs\node_modules\npm\bin;C:\apache-maven-3.6.3\bin;C:\Program Files\Git\cmd;C:\Users\jenis\AppData\Local\Microsoft\WindowsApps;C:\Users\jenis\AppData\Roaming\npm;C:\Users\jenis\AppData\Local\GitHubDesktop\bin;."/>
    <property name="java.vm.info" value="mixed mode"/>
    <property name="java.vendor" value="Oracle Corporation"/>
    <property name="java.vm.version" value="25.271-b09"/>
    <property name="java.ext.dirs" value="C:\Program Files\Java\jre1.8.0_271\lib\ext;C:\WINDOWS\Sun\Java\lib\ext"/>
    <property name="sun.io.unicode.encoding" value="UnicodeLittle"/>
    <property name="java.class.version" value="52.0"/>
  </properties>
  <testcase name="testCase5" classname="Practies.AppiumFramework.Ecommerce_Shopping_APP_tc" time="153.552">
    <system-out><![CDATA[&amp#27;[35m[Appium]&amp#27;[39m Welcome to Appium v1.20.0
&amp#27;[35m[Appium]&amp#27;[39m Appium REST http interface listener started on 0.0.0.0:4723
&amp#27;[35m[HTTP]&amp#27;[39m &amp#27;[37m-->&amp#27;[39m &amp#27;[37mGET&amp#27;[39m &amp#27;[37m/wd/hub/status&amp#27;[39m
&amp#27;[35m[HTTP]&amp#27;[39m &amp#27;[90m{}&amp#27;[39m
[debug] &amp#27;[35m[GENERIC]&amp#27;[39m Calling AppiumDriver.getStatus() with args: []
[debug] &amp#27;[35m[GENERIC]&amp#27;[39m Responding to client with driver.getStatus() result: {"build":{"version":"1.20.0"}}
&amp#27;[35m[HTTP]&amp#27;[39m &amp#27;[37m<-- GET /wd/hub/status &amp#27;[39m&amp#27;[32m200&amp#27;[39m &amp#27;[90m5 ms - 68&amp#27;[39m
&amp#27;[35m[HTTP]&amp#27;[39m &amp#27;[90m&amp#27;[39m
[debug] &amp#27;[35m[HTTP]&amp#27;[39m Request idempotency key: 83cec53a-4d6b-407f-af17-1e84da2104f5
&amp#27;[35m[HTTP]&amp#27;[39m &amp#27;[37m-->&amp#27;[39m &amp#27;[37mPOST&amp#27;[39m &amp#27;[37m/wd/hub/session&amp#27;[39m
&amp#27;[35m[HTTP]&amp#27;[39m &amp#27;[90m{"desiredCapabilities":{"app":"D:\\Selenium\\AppiumFramework\\src\\General-Store.apk","noReset":true,"automationName":"uiautomator2","platformName":"Android","deviceName":"Nexus_Emulator","fullReset":false,"avd":"Nexus_Emulator"},"capabilities":{"firstMatch":[{"appium:app":"D:\\Selenium\\AppiumFramework\\src\\General-Store.apk","appium:automationName":"uiautomator2","appium:avd":"Nexus_Emulator","appium:deviceName":"Nexus_Emulator","appium:fullReset":false,"appium:noReset":true,"platformName":"android"}]}}&amp#27;[39m
[debug] &amp#27;[35m[W3C]&amp#27;[39m Calling AppiumDriver.createSession() with args: [{"app":"D:\\Selenium\\AppiumFramework\\src\\General-Store.apk","noReset":true,"automationName":"uiautomator2","platformName":"Android","deviceName":"Nexus_Emulator","fullReset":false,"avd":"Nexus_Emulator"},null,{"firstMatch":[{"appium:app":"D:\\Selenium\\AppiumFramework\\src\\General-Store.apk","appium:automationName":"uiautomator2","appium:avd":"Nexus_Emulator","appium:deviceName":"Nexus_Emulator","appium:fullReset":false,"appium:noReset":true,"platformName":"android"}]}]
[debug] &amp#27;[35m[BaseDriver]&amp#27;[39m Event 'newSessionRequested' logged at 1610568800726 (14:13:20 GMT-0600 (Central Standard Time))
&amp#27;[35m[Appium]&amp#27;[39m Appium v1.20.0 creating new AndroidUiautomator2Driver (v1.60.0) session
[debug] &amp#27;[35m[BaseDriver]&amp#27;[39m W3C capabilities and MJSONWP desired capabilities were provided
[debug] &amp#27;[35m[BaseDriver]&amp#27;[39m Creating session with W3C capabilities: {
[debug] &amp#27;[35m[BaseDriver]&amp#27;[39m   "alwaysMatch": {
[debug] &amp#27;[35m[BaseDriver]&amp#27;[39m     "platformName": "android",
[debug] &amp#27;[35m[BaseDriver]&amp#27;[39m     "appium:app": "D:\\Selenium\\AppiumFramework\\src\\General-Store.apk",
[debug] &amp#27;[35m[BaseDriver]&amp#27;[39m     "appium:automationName": "uiautomator2",
[debug] &amp#27;[35m[BaseDriver]&amp#27;[39m     "appium:avd": "Nexus_Emulator",
[debug] &amp#27;[35m[BaseDriver]&amp#27;[39m     "appium:deviceName": "Nexus_Emulator",
[debug] &amp#27;[35m[BaseDriver]&amp#27;[39m     "appium:fullReset": false,
[debug] &amp#27;[35m[BaseDriver]&amp#27;[39m     "appium:noReset": true
[debug] &amp#27;[35m[BaseDriver]&amp#27;[39m   },
[debug] &amp#27;[35m[BaseDriver]&amp#27;[39m   "firstMatch": [
[debug] &amp#27;[35m[BaseDriver]&amp#27;[39m     {}
[debug] &amp#27;[35m[BaseDriver]&amp#27;[39m   ]
[debug] &amp#27;[35m[BaseDriver]&amp#27;[39m }
&amp#27;[35m[BaseDriver]&amp#27;[39m Session created with session id: be1d943a-e054-4516-acb5-456fb78acbbf
&amp#27;[35m[BaseDriver]&amp#27;[39m Using local app 'D:\Selenium\AppiumFramework\src\General-Store.apk'
[debug] &amp#27;[35m[UiAutomator2]&amp#27;[39m Checking whether app is actually present
&amp#27;[35m[ADB]&amp#27;[39m Found 1 'build-tools' folders under 'C:\Users\jenis\AppData\Local\Android\Sdk' (newest first):
&amp#27;[35m[ADB]&amp#27;[39m     C:/Users/jenis/AppData/Local/Android/Sdk/build-tools/30.0.3
&amp#27;[35m[ADB]&amp#27;[39m Using 'adb.exe' from 'C:\Users\jenis\AppData\Local\Android\Sdk\platform-tools\adb.exe'
[debug] &amp#27;[35m[ADB]&amp#27;[39m Running 'C:\Users\jenis\AppData\Local\Android\Sdk\platform-tools\adb.exe -P 5037 start-server'
[debug] &amp#27;[35m[ADB]&amp#27;[39m Trying to find 'Nexus_Emulator' emulator
[debug] &amp#27;[35m[ADB]&amp#27;[39m Getting connected emulators
[debug] &amp#27;[35m[ADB]&amp#27;[39m Getting connected devices
[debug] &amp#27;[35m[ADB]&amp#27;[39m No connected devices have been detected
[debug] &amp#27;[35m[ADB]&amp#27;[39m 0 emulators connected
[debug] &amp#27;[35m[ADB]&amp#27;[39m Emulator 'Nexus_Emulator' not running
[debug] &amp#27;[35m[ADB]&amp#27;[39m Launching Emulator with AVD Nexus_Emulator, launchTimeout 60000ms and readyTimeout 60000ms
&amp#27;[35m[ADB]&amp#27;[39m Using 'emulator.exe' from 'C:\Users\jenis\AppData\Local\Android\Sdk\emulator\emulator.exe'
[debug] &amp#27;[35m[ADB]&amp#27;[39m Running 'C:\Users\jenis\AppData\Local\Android\Sdk\emulator\emulator.exe' with args: -avd Nexus_Emulator -delay-adb
[debug] &amp#27;[35m[ADB]&amp#27;[39m Trying to find 'Nexus_Emulator' emulator
[debug] &amp#27;[35m[ADB]&amp#27;[39m Getting connected emulators
[debug] &amp#27;[35m[ADB]&amp#27;[39m Getting connected devices
[debug] &amp#27;[35m[ADB]&amp#27;[39m No connected devices have been detected
[debug] &amp#27;[35m[ADB]&amp#27;[39m 0 emulators connected
[debug] &amp#27;[35m[ADB]&amp#27;[39m Emulator 'Nexus_Emulator' not running
&amp#27;[35m[ADB]&amp#27;[39m [AVD OUTPUT] handleCpuAcceleration: feat
&amp#27;[35m[ADB]&amp#27;[39m [AVD OUTPUT] ure check for hvf
[debug] &amp#27;[35m[ADB]&amp#27;[39m Trying to find 'Nexus_Emulator' emulator
[debug] &amp#27;[35m[ADB]&amp#27;[39m Getting connected emulators
[debug] &amp#27;[35m[ADB]&amp#27;[39m Getting connected devices
[debug] &amp#27;[35m[ADB]&amp#27;[39m No connected devices have been detected
[debug] &amp#27;[35m[ADB]&amp#27;[39m 0 emulators connected
[debug] &amp#27;[35m[ADB]&amp#27;[39m Emulator 'Nexus_Emulator' not running
&amp#27;[35m[ADB]&amp#27;[39m [AVD OUTPUT] added library vulkan-1.dll
&amp#27;[35m[ADB]&amp#27;[39m [AVD OUTPUT] Failed to open /qemu.conf, err: 2
&amp#27;[35m[ADB]&amp#27;[39m [AVD OUTPUT] HAX is working and emulator runs in fast virt mode.
[debug] &amp#27;[35m[ADB]&amp#27;[39m Trying to find 'Nexus_Emulator' emulator
[debug] &amp#27;[35m[ADB]&amp#27;[39m Getting connected emulators
[debug] &amp#27;[35m[ADB]&amp#27;[39m Getting connected devices
[debug] &amp#27;[35m[ADB]&amp#27;[39m No connected devices have been detected
[debug] &amp#27;[35m[ADB]&amp#27;[39m 0 emulators connected
[debug] &amp#27;[35m[ADB]&amp#27;[39m Emulator 'Nexus_Emulator' not running
[debug] &amp#27;[35m[ADB]&amp#27;[39m Trying to find 'Nexus_Emulator' emulator
[debug] &amp#27;[35m[ADB]&amp#27;[39m Getting connected emulators
[debug] &amp#27;[35m[ADB]&amp#27;[39m Getting connected devices
[debug] &amp#27;[35m[ADB]&amp#27;[39m No connected devices have been detected
[debug] &amp#27;[35m[ADB]&amp#27;[39m 0 emulators connected
[debug] &amp#27;[35m[ADB]&amp#27;[39m Emulator 'Nexus_Emulator' not running
&amp#27;[35m[ADB]&amp#27;[39m [AVD OUTPUT] emulator: INFO: GrpcServices.cpp:288: 
&amp#27;[35m[ADB]&amp#27;[39m [AVD OUTPUT] Started GRPC server at 127.0.0.1:8554, security: Local
&amp#27;[35m[ADB]&amp#27;[39m [AVD OUTPUT] checkValid: hw configs not eq
[debug] &amp#27;[35m[ADB]&amp#27;[39m Trying to find 'Nexus_Emulator' emulator
[debug] &amp#27;[35m[ADB]&amp#27;[39m Getting connected emulators
[debug] &amp#27;[35m[ADB]&amp#27;[39m Getting connected devices
[debug] &amp#27;[35m[ADB]&amp#27;[39m No connected devices have been detected
[debug] &amp#27;[35m[ADB]&amp#27;[39m 0 emulators connected
[debug] &amp#27;[35m[ADB]&amp#27;[39m Emulator 'Nexus_Emulator' not running
[debug] &amp#27;[35m[ADB]&amp#27;[39m Trying to find 'Nexus_Emulator' emulator
[debug] &amp#27;[35m[ADB]&amp#27;[39m Getting connected emulators
[debug] &amp#27;[35m[ADB]&amp#27;[39m Getting connected devices
[debug] &amp#27;[35m[ADB]&amp#27;[39m No connected devices have been detected
[debug] &amp#27;[35m[ADB]&amp#27;[39m 0 emulators connected
[debug] &amp#27;[35m[ADB]&amp#27;[39m Emulator 'Nexus_Emulator' not running
[debug] &amp#27;[35m[ADB]&amp#27;[39m Trying to find 'Nexus_Emulator' emulator
[debug] &amp#27;[35m[ADB]&amp#27;[39m Getting connected emulators
[debug] &amp#27;[35m[ADB]&amp#27;[39m Getting connected devices
[debug] &amp#27;[35m[ADB]&amp#27;[39m No connected devices have been detected
[debug] &amp#27;[35m[ADB]&amp#27;[39m 0 emulators connected
[debug] &amp#27;[35m[ADB]&amp#27;[39m Emulator 'Nexus_Emulator' not running
[debug] &amp#27;[35m[ADB]&amp#27;[39m Trying to find 'Nexus_Emulator' emulator
[debug] &amp#27;[35m[ADB]&amp#27;[39m Getting connected emulators
[debug] &amp#27;[35m[ADB]&amp#27;[39m Getting connected devices
[debug] &amp#27;[35m[ADB]&amp#27;[39m No connected devices have been detected
[debug] &amp#27;[35m[ADB]&amp#27;[39m 0 emulators connected
[debug] &amp#27;[35m[ADB]&amp#27;[39m Emulator 'Nexus_Emulator' not running
[debug] &amp#27;[35m[ADB]&amp#27;[39m Trying to find 'Nexus_Emulator' emulator
[debug] &amp#27;[35m[ADB]&amp#27;[39m Getting connected emulators
[debug] &amp#27;[35m[ADB]&amp#27;[39m Getting connected devices
[debug] &amp#27;[35m[ADB]&amp#27;[39m No connected devices have been detected
[debug] &amp#27;[35m[ADB]&amp#27;[39m 0 emulators connected
[debug] &amp#27;[35m[ADB]&amp#27;[39m Emulator 'Nexus_Emulator' not running
[debug] &amp#27;[35m[ADB]&amp#27;[39m Trying to find 'Nexus_Emulator' emulator
[debug] &amp#27;[35m[ADB]&amp#27;[39m Getting connected emulators
[debug] &amp#27;[35m[ADB]&amp#27;[39m Getting connected devices
[debug] &amp#27;[35m[ADB]&amp#27;[39m No connected devices have been detected
[debug] &amp#27;[35m[ADB]&amp#27;[39m 0 emulators connected
[debug] &amp#27;[35m[ADB]&amp#27;[39m Emulator 'Nexus_Emulator' not running
[debug] &amp#27;[35m[ADB]&amp#27;[39m Trying to find 'Nexus_Emulator' emulator
[debug] &amp#27;[35m[ADB]&amp#27;[39m Getting connected emulators
[debug] &amp#27;[35m[ADB]&amp#27;[39m Getting connected devices
[debug] &amp#27;[35m[ADB]&amp#27;[39m No connected devices have been detected
[debug] &amp#27;[35m[ADB]&amp#27;[39m 0 emulators connected
[debug] &amp#27;[35m[ADB]&amp#27;[39m Emulator 'Nexus_Emulator' not running
[debug] &amp#27;[35m[ADB]&amp#27;[39m Trying to find 'Nexus_Emulator' emulator
[debug] &amp#27;[35m[ADB]&amp#27;[39m Getting connected emulators
[debug] &amp#27;[35m[ADB]&amp#27;[39m Getting connected devices
[debug] &amp#27;[35m[ADB]&amp#27;[39m No connected devices have been detected
[debug] &amp#27;[35m[ADB]&amp#27;[39m 0 emulators connected
[debug] &amp#27;[35m[ADB]&amp#27;[39m Emulator 'Nexus_Emulator' not running
[debug] &amp#27;[35m[ADB]&amp#27;[39m Trying to find 'Nexus_Emulator' emulator
[debug] &amp#27;[35m[ADB]&amp#27;[39m Getting connected emulators
[debug] &amp#27;[35m[ADB]&amp#27;[39m Getting connected devices
[debug] &amp#27;[35m[ADB]&amp#27;[39m No connected devices have been detected
[debug] &amp#27;[35m[ADB]&amp#27;[39m 0 emulators connected
[debug] &amp#27;[35m[ADB]&amp#27;[39m Emulator 'Nexus_Emulator' not running
[debug] &amp#27;[35m[ADB]&amp#27;[39m Trying to find 'Nexus_Emulator' emulator
[debug] &amp#27;[35m[ADB]&amp#27;[39m Getting connected emulators
[debug] &amp#27;[35m[ADB]&amp#27;[39m Getting connected devices
[debug] &amp#27;[35m[ADB]&amp#27;[39m No connected devices have been detected
[debug] &amp#27;[35m[ADB]&amp#27;[39m 0 emulators connected
[debug] &amp#27;[35m[ADB]&amp#27;[39m Emulator 'Nexus_Emulator' not running
[debug] &amp#27;[35m[ADB]&amp#27;[39m Trying to find 'Nexus_Emulator' emulator
[debug] &amp#27;[35m[ADB]&amp#27;[39m Getting connected emulators
[debug] &amp#27;[35m[ADB]&amp#27;[39m Getting connected devices
[debug] &amp#27;[35m[ADB]&amp#27;[39m No connected devices have been detected
[debug] &amp#27;[35m[ADB]&amp#27;[39m 0 emulators connected
[debug] &amp#27;[35m[ADB]&amp#27;[39m Emulator 'Nexus_Emulator' not running
[debug] &amp#27;[35m[ADB]&amp#27;[39m Trying to find 'Nexus_Emulator' emulator
[debug] &amp#27;[35m[ADB]&amp#27;[39m Getting connected emulators
[debug] &amp#27;[35m[ADB]&amp#27;[39m Getting connected devices
[debug] &amp#27;[35m[ADB]&amp#27;[39m No connected devices have been detected
[debug] &amp#27;[35m[ADB]&amp#27;[39m 0 emulators connected
[debug] &amp#27;[35m[ADB]&amp#27;[39m Emulator 'Nexus_Emulator' not running
&amp#27;[35m[ADB]&amp#27;[39m [AVD OUTPUT] emulator: INFO: QtLogger.cpp
&amp#27;[35m[ADB]&amp#27;[39m [AVD OUTPUT] :68: Critical: UpdateLayeredWindowIndirect failed for ptDst=(151, 100), size=(300x21), dirty=(300x21 0, 0) (A device attached to the system is not functioning.) ((null):0, (null))
&amp#27;[35m[ADB]&amp#27;[39m [AVD OUTPUT] 
&amp#27;[35m[ADB]&amp#27;[39m [AVD OUTPUT] 
[debug] &amp#27;[35m[ADB]&amp#27;[39m Trying to find 'Nexus_Emulator' emulator
[debug] &amp#27;[35m[ADB]&amp#27;[39m Getting connected emulators
[debug] &amp#27;[35m[ADB]&amp#27;[39m Getting connected devices
[debug] &amp#27;[35m[ADB]&amp#27;[39m No connected devices have been detected
[debug] &amp#27;[35m[ADB]&amp#27;[39m 0 emulators connected
[debug] &amp#27;[35m[ADB]&amp#27;[39m Emulator 'Nexus_Emulator' not running
[debug] &amp#27;[35m[ADB]&amp#27;[39m Trying to find 'Nexus_Emulator' emulator
[debug] &amp#27;[35m[ADB]&amp#27;[39m Getting connected emulators
[debug] &amp#27;[35m[ADB]&amp#27;[39m Getting connected devices
[debug] &amp#27;[35m[ADB]&amp#27;[39m No connected devices have been detected
[debug] &amp#27;[35m[ADB]&amp#27;[39m 0 emulators connected
[debug] &amp#27;[35m[ADB]&amp#27;[39m Emulator 'Nexus_Emulator' not running
[debug] &amp#27;[35m[ADB]&amp#27;[39m Trying to find 'Nexus_Emulator' emulator
[debug] &amp#27;[35m[ADB]&amp#27;[39m Getting connected emulators
[debug] &amp#27;[35m[ADB]&amp#27;[39m Getting connected devices
[debug] &amp#27;[35m[ADB]&amp#27;[39m No connected devices have been detected
[debug] &amp#27;[35m[ADB]&amp#27;[39m 0 emulators connected
[debug] &amp#27;[35m[ADB]&amp#27;[39m Emulator 'Nexus_Emulator' not running
[debug] &amp#27;[35m[ADB]&amp#27;[39m Trying to find 'Nexus_Emulator' emulator
[debug] &amp#27;[35m[ADB]&amp#27;[39m Getting connected emulators
[debug] &amp#27;[35m[ADB]&amp#27;[39m Getting connected devices
[debug] &amp#27;[35m[ADB]&amp#27;[39m No connected devices have been detected
[debug] &amp#27;[35m[ADB]&amp#27;[39m 0 emulators connected
[debug] &amp#27;[35m[ADB]&amp#27;[39m Emulator 'Nexus_Emulator' not running
[debug] &amp#27;[35m[ADB]&amp#27;[39m Trying to find 'Nexus_Emulator' emulator
[debug] &amp#27;[35m[ADB]&amp#27;[39m Getting connected emulators
[debug] &amp#27;[35m[ADB]&amp#27;[39m Getting connected devices
[debug] &amp#27;[35m[ADB]&amp#27;[39m No connected devices have been detected
[debug] &amp#27;[35m[ADB]&amp#27;[39m 0 emulators connected
[debug] &amp#27;[35m[ADB]&amp#27;[39m Emulator 'Nexus_Emulator' not running
[debug] &amp#27;[35m[ADB]&amp#27;[39m Trying to find 'Nexus_Emulator' emulator
[debug] &amp#27;[35m[ADB]&amp#27;[39m Getting connected emulators
[debug] &amp#27;[35m[ADB]&amp#27;[39m Getting connected devices
[debug] &amp#27;[35m[ADB]&amp#27;[39m No connected devices have been detected
[debug] &amp#27;[35m[ADB]&amp#27;[39m 0 emulators connected
[debug] &amp#27;[35m[ADB]&amp#27;[39m Emulator 'Nexus_Emulator' not running
[debug] &amp#27;[35m[ADB]&amp#27;[39m Trying to find 'Nexus_Emulator' emulator
[debug] &amp#27;[35m[ADB]&amp#27;[39m Getting connected emulators
[debug] &amp#27;[35m[ADB]&amp#27;[39m Getting connected devices
[debug] &amp#27;[35m[ADB]&amp#27;[39m No connected devices have been detected
[debug] &amp#27;[35m[ADB]&amp#27;[39m 0 emulators connected
[debug] &amp#27;[35m[ADB]&amp#27;[39m Emulator 'Nexus_Emulator' not running
[debug] &amp#27;[35m[ADB]&amp#27;[39m Trying to find 'Nexus_Emulator' emulator
[debug] &amp#27;[35m[ADB]&amp#27;[39m Getting connected emulators
[debug] &amp#27;[35m[ADB]&amp#27;[39m Getting connected devices
[debug] &amp#27;[35m[ADB]&amp#27;[39m No connected devices have been detected
[debug] &amp#27;[35m[ADB]&amp#27;[39m 0 emulators connected
[debug] &amp#27;[35m[ADB]&amp#27;[39m Emulator 'Nexus_Emulator' not running
[debug] &amp#27;[35m[ADB]&amp#27;[39m Trying to find 'Nexus_Emulator' emulator
[debug] &amp#27;[35m[ADB]&amp#27;[39m Getting connected emulators
[debug] &amp#27;[35m[ADB]&amp#27;[39m Getting connected devices
[debug] &amp#27;[35m[ADB]&amp#27;[39m No connected devices have been detected
[debug] &amp#27;[35m[ADB]&amp#27;[39m 0 emulators connected
[debug] &amp#27;[35m[ADB]&amp#27;[39m Emulator 'Nexus_Emulator' not running
[debug] &amp#27;[35m[ADB]&amp#27;[39m Trying to find 'Nexus_Emulator' emulator
[debug] &amp#27;[35m[ADB]&amp#27;[39m Getting connected emulators
[debug] &amp#27;[35m[ADB]&amp#27;[39m Getting connected devices
[debug] &amp#27;[35m[ADB]&amp#27;[39m No connected devices have been detected
[debug] &amp#27;[35m[ADB]&amp#27;[39m 0 emulators connected
[debug] &amp#27;[35m[ADB]&amp#27;[39m Emulator 'Nexus_Emulator' not running
[debug] &amp#27;[35m[ADB]&amp#27;[39m Trying to find 'Nexus_Emulator' emulator
[debug] &amp#27;[35m[ADB]&amp#27;[39m Getting connected emulators
[debug] &amp#27;[35m[ADB]&amp#27;[39m Getting connected devices
[debug] &amp#27;[35m[ADB]&amp#27;[39m No connected devices have been detected
[debug] &amp#27;[35m[ADB]&amp#27;[39m 0 emulators connected
[debug] &amp#27;[35m[ADB]&amp#27;[39m Emulator 'Nexus_Emulator' not running
[debug] &amp#27;[35m[ADB]&amp#27;[39m Trying to find 'Nexus_Emulator' emulator
[debug] &amp#27;[35m[ADB]&amp#27;[39m Getting connected emulators
[debug] &amp#27;[35m[ADB]&amp#27;[39m Getting connected devices
[debug] &amp#27;[35m[ADB]&amp#27;[39m No connected devices have been detected
[debug] &amp#27;[35m[ADB]&amp#27;[39m 0 emulators connected
[debug] &amp#27;[35m[ADB]&amp#27;[39m Emulator 'Nexus_Emulator' not running
[debug] &amp#27;[35m[ADB]&amp#27;[39m Trying to find 'Nexus_Emulator' emulator
[debug] &amp#27;[35m[ADB]&amp#27;[39m Getting connected emulators
[debug] &amp#27;[35m[ADB]&amp#27;[39m Getting connected devices
[debug] &amp#27;[35m[ADB]&amp#27;[39m No connected devices have been detected
[debug] &amp#27;[35m[ADB]&amp#27;[39m 0 emulators connected
[debug] &amp#27;[35m[ADB]&amp#27;[39m Emulator 'Nexus_Emulator' not running
[debug] &amp#27;[35m[ADB]&amp#27;[39m Trying to find 'Nexus_Emulator' emulator
[debug] &amp#27;[35m[ADB]&amp#27;[39m Getting connected emulators
[debug] &amp#27;[35m[ADB]&amp#27;[39m Getting connected devices
[debug] &amp#27;[35m[ADB]&amp#27;[39m No connected devices have been detected
[debug] &amp#27;[35m[ADB]&amp#27;[39m 0 emulators connected
[debug] &amp#27;[35m[ADB]&amp#27;[39m Emulator 'Nexus_Emulator' not running
[debug] &amp#27;[35m[ADB]&amp#27;[39m Trying to find 'Nexus_Emulator' emulator
[debug] &amp#27;[35m[ADB]&amp#27;[39m Getting connected emulators
[debug] &amp#27;[35m[ADB]&amp#27;[39m Getting connected devices
[debug] &amp#27;[35m[ADB]&amp#27;[39m No connected devices have been detected
[debug] &amp#27;[35m[ADB]&amp#27;[39m 0 emulators connected
[debug] &amp#27;[35m[ADB]&amp#27;[39m Emulator 'Nexus_Emulator' not running
[debug] &amp#27;[35m[ADB]&amp#27;[39m Trying to find 'Nexus_Emulator' emulator
[debug] &amp#27;[35m[ADB]&amp#27;[39m Getting connected emulators
[debug] &amp#27;[35m[ADB]&amp#27;[39m Getting connected devices
[debug] &amp#27;[35m[ADB]&amp#27;[39m No connected devices have been detected
[debug] &amp#27;[35m[ADB]&amp#27;[39m 0 emulators connected
[debug] &amp#27;[35m[ADB]&amp#27;[39m Emulator 'Nexus_Emulator' not running
[debug] &amp#27;[35m[ADB]&amp#27;[39m Trying to find 'Nexus_Emulator' emulator
[debug] &amp#27;[35m[ADB]&amp#27;[39m Getting connected emulators
[debug] &amp#27;[35m[ADB]&amp#27;[39m Getting connected devices
[debug] &amp#27;[35m[ADB]&amp#27;[39m No connected devices have been detected
[debug] &amp#27;[35m[ADB]&amp#27;[39m 0 emulators connected
[debug] &amp#27;[35m[ADB]&amp#27;[39m Emulator 'Nexus_Emulator' not running
[debug] &amp#27;[35m[ADB]&amp#27;[39m Trying to find 'Nexus_Emulator' emulator
[debug] &amp#27;[35m[ADB]&amp#27;[39m Getting connected emulators
[debug] &amp#27;[35m[ADB]&amp#27;[39m Getting connected devices
[debug] &amp#27;[35m[ADB]&amp#27;[39m No connected devices have been detected
[debug] &amp#27;[35m[ADB]&amp#27;[39m 0 emulators connected
[debug] &amp#27;[35m[ADB]&amp#27;[39m Emulator 'Nexus_Emulator' not running
[debug] &amp#27;[35m[ADB]&amp#27;[39m Trying to find 'Nexus_Emulator' emulator
[debug] &amp#27;[35m[ADB]&amp#27;[39m Getting connected emulators
[debug] &amp#27;[35m[ADB]&amp#27;[39m Getting connected devices
[debug] &amp#27;[35m[ADB]&amp#27;[39m No connected devices have been detected
[debug] &amp#27;[35m[ADB]&amp#27;[39m 0 emulators connected
[debug] &amp#27;[35m[ADB]&amp#27;[39m Emulator 'Nexus_Emulator' not running
[debug] &amp#27;[35m[ADB]&amp#27;[39m Trying to find 'Nexus_Emulator' emulator
[debug] &amp#27;[35m[ADB]&amp#27;[39m Getting connected emulators
[debug] &amp#27;[35m[ADB]&amp#27;[39m Getting connected devices
[debug] &amp#27;[35m[ADB]&amp#27;[39m No connected devices have been detected
[debug] &amp#27;[35m[ADB]&amp#27;[39m 0 emulators connected
[debug] &amp#27;[35m[ADB]&amp#27;[39m Emulator 'Nexus_Emulator' not running
[debug] &amp#27;[35m[ADB]&amp#27;[39m Trying to find 'Nexus_Emulator' emulator
[debug] &amp#27;[35m[ADB]&amp#27;[39m Getting connected emulators
[debug] &amp#27;[35m[ADB]&amp#27;[39m Getting connected devices
[debug] &amp#27;[35m[ADB]&amp#27;[39m No connected devices have been detected
[debug] &amp#27;[35m[ADB]&amp#27;[39m 0 emulators connected
[debug] &amp#27;[35m[ADB]&amp#27;[39m Emulator 'Nexus_Emulator' not running
[debug] &amp#27;[35m[ADB]&amp#27;[39m Trying to find 'Nexus_Emulator' emulator
[debug] &amp#27;[35m[ADB]&amp#27;[39m Getting connected emulators
[debug] &amp#27;[35m[ADB]&amp#27;[39m Getting connected devices
[debug] &amp#27;[35m[ADB]&amp#27;[39m No connected devices have been detected
[debug] &amp#27;[35m[ADB]&amp#27;[39m 0 emulators connected
[debug] &amp#27;[35m[ADB]&amp#27;[39m Emulator 'Nexus_Emulator' not running
[debug] &amp#27;[35m[ADB]&amp#27;[39m Trying to find 'Nexus_Emulator' emulator
[debug] &amp#27;[35m[ADB]&amp#27;[39m Getting connected emulators
[debug] &amp#27;[35m[ADB]&amp#27;[39m Getting connected devices
[debug] &amp#27;[35m[ADB]&amp#27;[39m No connected devices have been detected
[debug] &amp#27;[35m[ADB]&amp#27;[39m 0 emulators connected
[debug] &amp#27;[35m[ADB]&amp#27;[39m Emulator 'Nexus_Emulator' not running
[debug] &amp#27;[35m[ADB]&amp#27;[39m Trying to find 'Nexus_Emulator' emulator
[debug] &amp#27;[35m[ADB]&amp#27;[39m Getting connected emulators
[debug] &amp#27;[35m[ADB]&amp#27;[39m Getting connected devices
[debug] &amp#27;[35m[ADB]&amp#27;[39m No connected devices have been detected
[debug] &amp#27;[35m[ADB]&amp#27;[39m 0 emulators connected
[debug] &amp#27;[35m[ADB]&amp#27;[39m Emulator 'Nexus_Emulator' not running
[debug] &amp#27;[35m[ADB]&amp#27;[39m Trying to find 'Nexus_Emulator' emulator
[debug] &amp#27;[35m[ADB]&amp#27;[39m Getting connected emulators
[debug] &amp#27;[35m[ADB]&amp#27;[39m Getting connected devices
[debug] &amp#27;[35m[ADB]&amp#27;[39m No connected devices have been detected
[debug] &amp#27;[35m[ADB]&amp#27;[39m 0 emulators connected
[debug] &amp#27;[35m[ADB]&amp#27;[39m Emulator 'Nexus_Emulator' not running
[debug] &amp#27;[35m[ADB]&amp#27;[39m Trying to find 'Nexus_Emulator' emulator
[debug] &amp#27;[35m[ADB]&amp#27;[39m Getting connected emulators
[debug] &amp#27;[35m[ADB]&amp#27;[39m Getting connected devices
[debug] &amp#27;[35m[ADB]&amp#27;[39m No connected devices have been detected
[debug] &amp#27;[35m[ADB]&amp#27;[39m 0 emulators connected
[debug] &amp#27;[35m[ADB]&amp#27;[39m Emulator 'Nexus_Emulator' not running
[debug] &amp#27;[35m[ADB]&amp#27;[39m Trying to find 'Nexus_Emulator' emulator
[debug] &amp#27;[35m[ADB]&amp#27;[39m Getting connected emulators
[debug] &amp#27;[35m[ADB]&amp#27;[39m Getting connected devices
[debug] &amp#27;[35m[ADB]&amp#27;[39m No connected devices have been detected
[debug] &amp#27;[35m[ADB]&amp#27;[39m 0 emulators connected
[debug] &amp#27;[35m[ADB]&amp#27;[39m Emulator 'Nexus_Emulator' not running
[debug] &amp#27;[35m[ADB]&amp#27;[39m Trying to find 'Nexus_Emulator' emulator
[debug] &amp#27;[35m[ADB]&amp#27;[39m Getting connected emulators
[debug] &amp#27;[35m[ADB]&amp#27;[39m Getting connected devices
[debug] &amp#27;[35m[ADB]&amp#27;[39m No connected devices have been detected
[debug] &amp#27;[35m[ADB]&amp#27;[39m 0 emulators connected
[debug] &amp#27;[35m[ADB]&amp#27;[39m Emulator 'Nexus_Emulator' not running
&amp#27;[35m[ADB]&amp#27;[39m [AVD OUTPUT] emulator: INFO: boot completed
&amp#27;[35m[ADB]&amp#27;[39m [AVD OUTPUT] emul
&amp#27;[35m[ADB]&amp#27;[39m [AVD OUTPUT] ator: Increasing screen off timeout, logcat buffer size to 2M.
&amp#27;[35m[ADB]&amp#27;[39m [AVD OUTPUT] emulator: Revoking micropho
&amp#27;[35m[ADB]&amp#27;[39m [AVD OUTPUT] ne permissions for Google App.
[debug] &amp#27;[35m[ADB]&amp#27;[39m Trying to find 'Nexus_Emulator' emulator
[debug] &amp#27;[35m[ADB]&amp#27;[39m Getting connected emulators
[debug] &amp#27;[35m[ADB]&amp#27;[39m Getting connected devices
[debug] &amp#27;[35m[ADB]&amp#27;[39m No connected devices have been detected
[debug] &amp#27;[35m[ADB]&amp#27;[39m 0 emulators connected
[debug] &amp#27;[35m[ADB]&amp#27;[39m Emulator 'Nexus_Emulator' not running
[debug] &amp#27;[35m[ADB]&amp#27;[39m Trying to find 'Nexus_Emulator' emulator
[debug] &amp#27;[35m[ADB]&amp#27;[39m Getting connected emulators
[debug] &amp#27;[35m[ADB]&amp#27;[39m Getting connected devices
[debug] &amp#27;[35m[ADB]&amp#27;[39m Connected devices: [{"udid":"emulator-5554","state":"device"}]
[debug] &amp#27;[35m[ADB]&amp#27;[39m 1 emulator connected
[debug] &amp#27;[35m[ADB]&amp#27;[39m Overriding C:\Users\jenis\.emulator_console_auth_token with an empty string to avoid telnet authentication for emulator commands
[debug] &amp#27;[35m[ADB]&amp#27;[39m Executing Emulator console command: avd name
[debug] &amp#27;[35m[ADB]&amp#27;[39m Found emulator 'Nexus_Emulator' on port 5554
[debug] &amp#27;[35m[ADB]&amp#27;[39m Setting device id to emulator-5554
[debug] &amp#27;[35m[ADB]&amp#27;[39m Running 'C:\Users\jenis\AppData\Local\Android\Sdk\platform-tools\adb.exe -P 5037 -s emulator-5554 wait-for-device'
&amp#27;[35m[AndroidDriver]&amp#27;[39m Using device: emulator-5554
&amp#27;[35m[ADB]&amp#27;[39m Using 'adb.exe' from 'C:\Users\jenis\AppData\Local\Android\Sdk\platform-tools\adb.exe'
[debug] &amp#27;[35m[ADB]&amp#27;[39m Running 'C:\Users\jenis\AppData\Local\Android\Sdk\platform-tools\adb.exe -P 5037 start-server'
[debug] &amp#27;[35m[ADB]&amp#27;[39m Setting device id to emulator-5554
[debug] &amp#27;[35m[ADB]&amp#27;[39m Running 'C:\Users\jenis\AppData\Local\Android\Sdk\platform-tools\adb.exe -P 5037 -s emulator-5554 shell getprop ro.build.version.sdk'
[debug] &amp#27;[35m[ADB]&amp#27;[39m Current device property 'ro.build.version.sdk': 30
&amp#27;[35m[ADB]&amp#27;[39m Getting device platform version
[debug] &amp#27;[35m[ADB]&amp#27;[39m Running 'C:\Users\jenis\AppData\Local\Android\Sdk\platform-tools\adb.exe -P 5037 -s emulator-5554 shell getprop ro.build.version.release'
[debug] &amp#27;[35m[ADB]&amp#27;[39m Current device property 'ro.build.version.release': 11
[debug] &amp#27;[35m[ADB]&amp#27;[39m Device API level: 30
&amp#27;[35m[UiAutomator2]&amp#27;[39m Relaxing hidden api policy
[debug] &amp#27;[35m[ADB]&amp#27;[39m Running 'C:\Users\jenis\AppData\Local\Android\Sdk\platform-tools\adb.exe -P 5037 -s emulator-5554 shell 'settings put global hidden_api_policy_pre_p_apps 1;settings put global hidden_api_policy_p_apps 1;settings put global hidden_api_policy 1''
[debug] &amp#27;[35m[AndroidDriver]&amp#27;[39m Parsing package and activity from app manifest
&amp#27;[35m[ADB]&amp#27;[39m Package name: 'com.androidsample.generalstore'
&amp#27;[35m[ADB]&amp#27;[39m Main activity name: 'com.androidsample.generalstore.SplashActivity'
[debug] &amp#27;[35m[AndroidDriver]&amp#27;[39m Parsed package and activity are: com.androidsample.generalstore/com.androidsample.generalstore.SplashActivity
[debug] &amp#27;[35m[ADB]&amp#27;[39m Running 'C:\Users\jenis\AppData\Local\Android\Sdk\platform-tools\adb.exe -P 5037 -s emulator-5554 wait-for-device'
[debug] &amp#27;[35m[ADB]&amp#27;[39m Running 'C:\Users\jenis\AppData\Local\Android\Sdk\platform-tools\adb.exe -P 5037 -s emulator-5554 shell echo ping'
[debug] &amp#27;[35m[AndroidDriver]&amp#27;[39m Pushing settings apk to device...
[debug] &amp#27;[35m[ADB]&amp#27;[39m Getting install status for io.appium.settings
[debug] &amp#27;[35m[ADB]&amp#27;[39m Running 'C:\Users\jenis\AppData\Local\Android\Sdk\platform-tools\adb.exe -P 5037 -s emulator-5554 shell dumpsys package io.appium.settings'
[debug] &amp#27;[35m[ADB]&amp#27;[39m 'io.appium.settings' is not installed
[debug] &amp#27;[35m[ADB]&amp#27;[39m App 'C:\Users\jenis\AppData\Roaming\npm\node_modules\appium\node_modules\io.appium.settings\apks\settings_apk-debug.apk' is not installed
[debug] &amp#27;[35m[ADB]&amp#27;[39m Installing 'C:\Users\jenis\AppData\Roaming\npm\node_modules\appium\node_modules\io.appium.settings\apks\settings_apk-debug.apk'
[debug] &amp#27;[35m[ADB]&amp#27;[39m Running 'C:\Users\jenis\AppData\Local\Android\Sdk\platform-tools\adb.exe -P 5037 -s emulator-5554 help'
[debug] &amp#27;[35m[ADB]&amp#27;[39m Running 'C:\Users\jenis\AppData\Local\Android\Sdk\platform-tools\adb.exe -P 5037 -s emulator-5554 features'
&amp#27;[35m[ADB]&amp#27;[39m The application at 'C:\Users\jenis\AppData\Roaming\npm\node_modules\appium\node_modules\io.appium.settings\apks\settings_apk-debug.apk' will not be cached, because the device under test has confirmed the support of streamed installs
[debug] &amp#27;[35m[ADB]&amp#27;[39m Running 'C:\Users\jenis\AppData\Local\Android\Sdk\platform-tools\adb.exe -P 5037 -s emulator-5554 install -g C:\Users\jenis\AppData\Roaming\npm\node_modules\appium\node_modules\io.appium.settings\apks\settings_apk-debug.apk'
&amp#27;[35m[ADB]&amp#27;[39m The installation of 'settings_apk-debug.apk' took 4499ms
[debug] &amp#27;[35m[ADB]&amp#27;[39m Install command stdout: Performing Streamed Install
[debug] &amp#27;[35m[ADB]&amp#27;[39m Success
[debug] &amp#27;[35m[ADB]&amp#27;[39m Getting IDs of all 'io.appium.settings' processes
[debug] &amp#27;[35m[ADB]&amp#27;[39m Running 'C:\Users\jenis\AppData\Local\Android\Sdk\platform-tools\adb.exe -P 5037 -s emulator-5554 shell 'pgrep --help; echo $?''
[debug] &amp#27;[35m[ADB]&amp#27;[39m Running 'C:\Users\jenis\AppData\Local\Android\Sdk\platform-tools\adb.exe -P 5037 -s emulator-5554 shell pgrep -f \(\[\[:blank:\]\]\|\^\)io\.appium\.settings\(\[\[:blank:\]\]\|\$\)'
[debug] &amp#27;[35m[ADB]&amp#27;[39m Getting IDs of all 'io.appium.settings' processes
[debug] &amp#27;[35m[ADB]&amp#27;[39m Running 'C:\Users\jenis\AppData\Local\Android\Sdk\platform-tools\adb.exe -P 5037 -s emulator-5554 shell pgrep -f \(\[\[:blank:\]\]\|\^\)io\.appium\.settings\(\[\[:blank:\]\]\|\$\)'
[debug] &amp#27;[35m[ADB]&amp#27;[39m Starting Appium Settings app
[debug] &amp#27;[35m[ADB]&amp#27;[39m Running 'C:\Users\jenis\AppData\Local\Android\Sdk\platform-tools\adb.exe -P 5037 -s emulator-5554 shell am start -n io.appium.settings/.Settings -a android.intent.action.MAIN -c android.intent.category.LAUNCHER'
[debug] &amp#27;[35m[ADB]&amp#27;[39m Getting IDs of all 'io.appium.settings' processes
[debug] &amp#27;[35m[ADB]&amp#27;[39m Running 'C:\Users\jenis\AppData\Local\Android\Sdk\platform-tools\adb.exe -P 5037 -s emulator-5554 shell pgrep -f \(\[\[:blank:\]\]\|\^\)io\.appium\.settings\(\[\[:blank:\]\]\|\$\)'
[debug] &amp#27;[35m[Logcat]&amp#27;[39m Starting logs capture with command: C:\\Users\\jenis\\AppData\\Local\\Android\\Sdk\\platform-tools\\adb.exe -P 5037 -s emulator-5554 logcat -v threadtime
[debug] &amp#27;[35m[UiAutomator2]&amp#27;[39m Forwarding UiAutomator2 Server port 6790 to local port 8200
[debug] &amp#27;[35m[ADB]&amp#27;[39m Forwarding system: 8200 to device: 6790
[debug] &amp#27;[35m[ADB]&amp#27;[39m Running 'C:\Users\jenis\AppData\Local\Android\Sdk\platform-tools\adb.exe -P 5037 -s emulator-5554 forward tcp:8200 tcp:6790'
[debug] &amp#27;[35m[ADB]&amp#27;[39m Getting install status for io.appium.uiautomator2.server
[debug] &amp#27;[35m[ADB]&amp#27;[39m Running 'C:\Users\jenis\AppData\Local\Android\Sdk\platform-tools\adb.exe -P 5037 -s emulator-5554 shell dumpsys package io.appium.uiautomator2.server'
[debug] &amp#27;[35m[ADB]&amp#27;[39m 'io.appium.uiautomator2.server' is not installed
[debug] &amp#27;[35m[ADB]&amp#27;[39m App 'C:\Users\jenis\AppData\Roaming\npm\node_modules\appium\node_modules\appium-uiautomator2-server\apks\appium-uiautomator2-server-v4.17.2.apk' is not installed
[debug] &amp#27;[35m[UiAutomator2]&amp#27;[39m io.appium.uiautomator2.server installation state: notInstalled
[debug] &amp#27;[35m[ADB]&amp#27;[39m Checking app cert for C:\Users\jenis\AppData\Roaming\npm\node_modules\appium\node_modules\appium-uiautomator2-server\apks\appium-uiautomator2-server-v4.17.2.apk
&amp#27;[35m[ADB]&amp#27;[39m Using 'apksigner.jar' from 'C:\Users\jenis\AppData\Local\Android\Sdk\build-tools\30.0.3\lib\apksigner.jar'
[debug] &amp#27;[35m[ADB]&amp#27;[39m Starting apksigner: 'C:\\Program Files\\Java\\jre1.8.0_271\\bin\\java.exe' -Xmx1024M -Xss1m -jar C:\\Users\\jenis\\AppData\\Local\\Android\\Sdk\\build-tools\\30.0.3\\lib\\apksigner.jar verify --print-certs C:\\Users\\jenis\\AppData\\Roaming\\npm\\node_modules\\appium\\node_modules\\appium-uiautomator2-server\\apks\\appium-uiautomator2-server-v4.17.2.apk
[debug] &amp#27;[35m[ADB]&amp#27;[39m apksigner stdout: Signer #1 certificate DN: EMAILADDRESS=android@android.com, CN=Android, OU=Android, O=Android, L=Mountain View, ST=California, C=US
[debug] &amp#27;[35m[ADB]&amp#27;[39m Signer #1 certificate SHA-256 digest: a40da80a59d170caa950cf15c18c454d47a39b26989d8b640ecd745ba71bf5dc
[debug] &amp#27;[35m[ADB]&amp#27;[39m Signer #1 certificate SHA-1 digest: 61ed377e85d386a8dfee6b864bd85b0bfaa5af81
[debug] &amp#27;[35m[ADB]&amp#27;[39m Signer #1 certificate MD5 digest: e89b158e4bcf988ebd09eb83f5378e87
[debug] &amp#27;[35m[ADB]&amp#27;[39m 
[debug] &amp#27;[35m[ADB]&amp#27;[39m sha256 hash did match for 'appium-uiautomator2-server-v4.17.2.apk'
&amp#27;[35m[ADB]&amp#27;[39m 'C:\Users\jenis\AppData\Roaming\npm\node_modules\appium\node_modules\appium-uiautomator2-server\apks\appium-uiautomator2-server-v4.17.2.apk' is signed with the default certificate
[debug] &amp#27;[35m[ADB]&amp#27;[39m Getting install status for io.appium.uiautomator2.server.test
[debug] &amp#27;[35m[ADB]&amp#27;[39m Running 'C:\Users\jenis\AppData\Local\Android\Sdk\platform-tools\adb.exe -P 5037 -s emulator-5554 shell dumpsys package io.appium.uiautomator2.server.test'
[debug] &amp#27;[35m[ADB]&amp#27;[39m 'io.appium.uiautomator2.server.test' is not installed
[debug] &amp#27;[35m[ADB]&amp#27;[39m Checking app cert for C:\Users\jenis\AppData\Roaming\npm\node_modules\appium\node_modules\appium-uiautomator2-server\apks\appium-uiautomator2-server-debug-androidTest.apk
[debug] &amp#27;[35m[ADB]&amp#27;[39m Starting apksigner: 'C:\\Program Files\\Java\\jre1.8.0_271\\bin\\java.exe' -Xmx1024M -Xss1m -jar C:\\Users\\jenis\\AppData\\Local\\Android\\Sdk\\build-tools\\30.0.3\\lib\\apksigner.jar verify --print-certs C:\\Users\\jenis\\AppData\\Roaming\\npm\\node_modules\\appium\\node_modules\\appium-uiautomator2-server\\apks\\appium-uiautomator2-server-debug-androidTest.apk
[debug] &amp#27;[35m[ADB]&amp#27;[39m apksigner stdout: Signer #1 certificate DN: EMAILADDRESS=android@android.com, CN=Android, OU=Android, O=Android, L=Mountain View, ST=California, C=US
[debug] &amp#27;[35m[ADB]&amp#27;[39m Signer #1 certificate SHA-256 digest: a40da80a59d170caa950cf15c18c454d47a39b26989d8b640ecd745ba71bf5dc
[debug] &amp#27;[35m[ADB]&amp#27;[39m Signer #1 certificate SHA-1 digest: 61ed377e85d386a8dfee6b864bd85b0bfaa5af81
[debug] &amp#27;[35m[ADB]&amp#27;[39m Signer #1 certificate MD5 digest: e89b158e4bcf988ebd09eb83f5378e87
[debug] &amp#27;[35m[ADB]&amp#27;[39m 
[debug] &amp#27;[35m[ADB]&amp#27;[39m sha256 hash did match for 'appium-uiautomator2-server-debug-androidTest.apk'
&amp#27;[35m[ADB]&amp#27;[39m 'C:\Users\jenis\AppData\Roaming\npm\node_modules\appium\node_modules\appium-uiautomator2-server\apks\appium-uiautomator2-server-debug-androidTest.apk' is signed with the default certificate
&amp#27;[35m[UiAutomator2]&amp#27;[39m Server packages are going to be (re)installed
[debug] &amp#27;[35m[ADB]&amp#27;[39m Running 'C:\Users\jenis\AppData\Local\Android\Sdk\platform-tools\adb.exe -P 5037 -s emulator-5554 version'
&amp#27;[35m[ADB]&amp#27;[39m The application at 'C:\Users\jenis\AppData\Roaming\npm\node_modules\appium\node_modules\appium-uiautomator2-server\apks\appium-uiautomator2-server-v4.17.2.apk' will not be cached, because the device under test has confirmed the support of streamed installs
[debug] &amp#27;[35m[ADB]&amp#27;[39m Running 'C:\Users\jenis\AppData\Local\Android\Sdk\platform-tools\adb.exe -P 5037 -s emulator-5554 install -r --no-incremental C:\Users\jenis\AppData\Roaming\npm\node_modules\appium\node_modules\appium-uiautomator2-server\apks\appium-uiautomator2-server-v4.17.2.apk'
&amp#27;[35m[ADB]&amp#27;[39m The installation of 'appium-uiautomator2-server-v4.17.2.apk' took 3383ms
[debug] &amp#27;[35m[ADB]&amp#27;[39m Install command stdout: Performing Streamed Install
[debug] &amp#27;[35m[ADB]&amp#27;[39m Success
&amp#27;[35m[ADB]&amp#27;[39m The application at 'C:\Users\jenis\AppData\Roaming\npm\node_modules\appium\node_modules\appium-uiautomator2-server\apks\appium-uiautomator2-server-debug-androidTest.apk' will not be cached, because the device under test has confirmed the support of streamed installs
[debug] &amp#27;[35m[ADB]&amp#27;[39m Running 'C:\Users\jenis\AppData\Local\Android\Sdk\platform-tools\adb.exe -P 5037 -s emulator-5554 install -r --no-incremental C:\Users\jenis\AppData\Roaming\npm\node_modules\appium\node_modules\appium-uiautomator2-server\apks\appium-uiautomator2-server-debug-androidTest.apk'
&amp#27;[35m[ADB]&amp#27;[39m The installation of 'appium-uiautomator2-server-debug-androidTest.apk' took 770ms
[debug] &amp#27;[35m[ADB]&amp#27;[39m Install command stdout: Performing Streamed Install
[debug] &amp#27;[35m[ADB]&amp#27;[39m Success
[debug] &amp#27;[35m[UiAutomator2]&amp#27;[39m Waiting up to 30000ms for services to be available
[debug] &amp#27;[35m[ADB]&amp#27;[39m Running 'C:\Users\jenis\AppData\Local\Android\Sdk\platform-tools\adb.exe -P 5037 -s emulator-5554 shell pm list instrumentation'
[debug] &amp#27;[35m[UiAutomator2]&amp#27;[39m Instrumentation target 'io.appium.uiautomator2.server.test/androidx.test.runner.AndroidJUnitRunner' is available
&amp#27;[35m[ADB]&amp#27;[39m Adding packages ["io.appium.settings","io.appium.uiautomator2.server","io.appium.uiautomator2.server.test"] to Doze whitelist
[debug] &amp#27;[35m[ADB]&amp#27;[39m Got the following command chunks to execute: [["dumpsys","deviceidle","whitelist","+io.appium.settings",";","dumpsys","deviceidle","whitelist","+io.appium.uiautomator2.server",";","dumpsys","deviceidle","whitelist","+io.appium.uiautomator2.server.test",";"]]
[debug] &amp#27;[35m[ADB]&amp#27;[39m Running 'C:\Users\jenis\AppData\Local\Android\Sdk\platform-tools\adb.exe -P 5037 -s emulator-5554 shell dumpsys deviceidle whitelist +io.appium.settings ; dumpsys deviceidle whitelist +io.appium.uiautomator2.server ; dumpsys deviceidle whitelist +io.appium.uiautomator2.server.test ;'
[debug] &amp#27;[35m[ADB]&amp#27;[39m Checking app cert for D:\Selenium\AppiumFramework\src\General-Store.apk
[debug] &amp#27;[35m[ADB]&amp#27;[39m Starting apksigner: 'C:\\Program Files\\Java\\jre1.8.0_271\\bin\\java.exe' -Xmx1024M -Xss1m -jar C:\\Users\\jenis\\AppData\\Local\\Android\\Sdk\\build-tools\\30.0.3\\lib\\apksigner.jar verify --print-certs D:\\Selenium\\AppiumFramework\\src\\General-Store.apk
[debug] &amp#27;[35m[ADB]&amp#27;[39m apksigner stdout: Signer #1 certificate DN: EMAILADDRESS=android@android.com, CN=Android, OU=Android, O=Android, L=Mountain View, ST=California, C=US
[debug] &amp#27;[35m[ADB]&amp#27;[39m Signer #1 certificate SHA-256 digest: a40da80a59d170caa950cf15c18c454d47a39b26989d8b640ecd745ba71bf5dc
[debug] &amp#27;[35m[ADB]&amp#27;[39m Signer #1 certificate SHA-1 digest: 61ed377e85d386a8dfee6b864bd85b0bfaa5af81
[debug] &amp#27;[35m[ADB]&amp#27;[39m Signer #1 certificate MD5 digest: e89b158e4bcf988ebd09eb83f5378e87
[debug] &amp#27;[35m[ADB]&amp#27;[39m 
[debug] &amp#27;[35m[ADB]&amp#27;[39m sha256 hash did match for 'General-Store.apk'
&amp#27;[35m[ADB]&amp#27;[39m 'D:\Selenium\AppiumFramework\src\General-Store.apk' is signed with the default certificate
[debug] &amp#27;[35m[ADB]&amp#27;[39m Getting install status for com.androidsample.generalstore
[debug] &amp#27;[35m[ADB]&amp#27;[39m Running 'C:\Users\jenis\AppData\Local\Android\Sdk\platform-tools\adb.exe -P 5037 -s emulator-5554 shell dumpsys package com.androidsample.generalstore'
[debug] &amp#27;[35m[ADB]&amp#27;[39m 'com.androidsample.generalstore' is not installed
[debug] &amp#27;[35m[ADB]&amp#27;[39m App 'D:\Selenium\AppiumFramework\src\General-Store.apk' is not installed
[debug] &amp#27;[35m[ADB]&amp#27;[39m Installing 'D:\Selenium\AppiumFramework\src\General-Store.apk'
&amp#27;[35m[ADB]&amp#27;[39m The application at 'D:\Selenium\AppiumFramework\src\General-Store.apk' will not be cached, because the device under test has confirmed the support of streamed installs
[debug] &amp#27;[35m[ADB]&amp#27;[39m Running 'C:\Users\jenis\AppData\Local\Android\Sdk\platform-tools\adb.exe -P 5037 -s emulator-5554 install D:\Selenium\AppiumFramework\src\General-Store.apk'
&amp#27;[35m[ADB]&amp#27;[39m The installation of 'General-Store.apk' took 345ms
[debug] &amp#27;[35m[ADB]&amp#27;[39m Install command stdout: Performing Streamed Install
[debug] &amp#27;[35m[ADB]&amp#27;[39m Success
[debug] &amp#27;[35m[UiAutomator2]&amp#27;[39m Performing shallow cleanup of automation leftovers
[debug] &amp#27;[35m[UiAutomator2]&amp#27;[39m No obsolete sessions have been detected (socket hang up)
[debug] &amp#27;[35m[ADB]&amp#27;[39m Running 'C:\Users\jenis\AppData\Local\Android\Sdk\platform-tools\adb.exe -P 5037 -s emulator-5554 shell am force-stop io.appium.uiautomator2.server.test'
&amp#27;[35m[UiAutomator2]&amp#27;[39m Starting UIAutomator2 server 4.17.2
&amp#27;[35m[UiAutomator2]&amp#27;[39m Using UIAutomator2 server from 'C:\Users\jenis\AppData\Roaming\npm\node_modules\appium\node_modules\appium-uiautomator2-server\apks\appium-uiautomator2-server-v4.17.2.apk' and test from 'C:\Users\jenis\AppData\Roaming\npm\node_modules\appium\node_modules\appium-uiautomator2-server\apks\appium-uiautomator2-server-debug-androidTest.apk'
&amp#27;[35m[UiAutomator2]&amp#27;[39m Waiting up to 30000ms for UiAutomator2 to be online...
[debug] &amp#27;[35m[ADB]&amp#27;[39m Creating ADB subprocess with args: ["-P",5037,"-s","emulator-5554","shell","am","instrument","-w","io.appium.uiautomator2.server.test/androidx.test.runner.AndroidJUnitRunner"]
[debug] &amp#27;[35m[WD Proxy]&amp#27;[39m Matched '/status' to command name 'getStatus'
[debug] &amp#27;[35m[WD Proxy]&amp#27;[39m Proxying [GET /status] to [GET http://127.0.0.1:8200/wd/hub/status] with no body
&amp#27;[35m[WD Proxy]&amp#27;[39m socket hang up
[debug] &amp#27;[35m[WD Proxy]&amp#27;[39m Matched '/status' to command name 'getStatus'
[debug] &amp#27;[35m[WD Proxy]&amp#27;[39m Proxying [GET /status] to [GET http://127.0.0.1:8200/wd/hub/status] with no body
&amp#27;[35m[WD Proxy]&amp#27;[39m socket hang up
[debug] &amp#27;[35m[Instrumentation]&amp#27;[39m io.appium.uiautomator2.server.test.AppiumUiAutomator2Server:
[debug] &amp#27;[35m[WD Proxy]&amp#27;[39m Matched '/status' to command name 'getStatus'
[debug] &amp#27;[35m[WD Proxy]&amp#27;[39m Proxying [GET /status] to [GET http://127.0.0.1:8200/wd/hub/status] with no body
&amp#27;[35m[WD Proxy]&amp#27;[39m socket hang up
[debug] &amp#27;[35m[WD Proxy]&amp#27;[39m Matched '/status' to command name 'getStatus'
[debug] &amp#27;[35m[WD Proxy]&amp#27;[39m Proxying [GET /status] to [GET http://127.0.0.1:8200/wd/hub/status] with no body
&amp#27;[35m[WD Proxy]&amp#27;[39m socket hang up
[debug] &amp#27;[35m[WD Proxy]&amp#27;[39m Matched '/status' to command name 'getStatus'
[debug] &amp#27;[35m[WD Proxy]&amp#27;[39m Proxying [GET /status] to [GET http://127.0.0.1:8200/wd/hub/status] with no body
[debug] &amp#27;[35m[WD Proxy]&amp#27;[39m Got response with status 200: {"sessionId":"None","value":{"message":"UiAutomator2 Server is ready to accept commands","ready":true}}
[debug] &amp#27;[35m[UiAutomator2]&amp#27;[39m The initialization of the instrumentation process took 4338ms
[debug] &amp#27;[35m[WD Proxy]&amp#27;[39m Matched '/session' to command name 'createSession'
[debug] &amp#27;[35m[WD Proxy]&amp#27;[39m Proxying [POST /session] to [POST http://127.0.0.1:8200/wd/hub/session] with body: {"capabilities":{"firstMatch":[{"platform":"LINUX","webStorageEnabled":false,"takesScreenshot":true,"javascriptEnabled":true,"databaseEnabled":false,"networkConnectionEnabled":true,"locationContextEnabled":false,"warnings":{},"desired":{"platformName":"android","app":"D:\\Selenium\\AppiumFramework\\src\\General-Store.apk","automationName":"uiautomator2","avd":"Nexus_Emulator","deviceName":"Nexus_Emulator","fullReset":false,"noReset":true},"platformName":"android","app":"D:\\Selenium\\AppiumFramework\\src\\General-Store.apk","automationName":"uiautomator2","avd":"Nexus_Emulator","deviceName":"emulator-5554","fullReset":false,"noReset":true,"deviceUDID":"emulator-5554","appPackage":"com.androidsample.generalstore"}],"alwaysMatch":{}}}
[debug] &amp#27;[35m[WD Proxy]&amp#27;[39m Got response with status 200: {"sessionId":"70b958b8-c415-40ba-b5f4-d331cfef2962","value":{"capabilities":{"firstMatch":[{"platform":"LINUX","webStorageEnabled":false,"takesScreenshot":true,"javascriptEnabled":true,"databaseEnabled":false,"networkConnectionEnabled":true,"locationContextEnabled":false,"warnings":{},"desired":{"platformName":"android","app":"D:\\Selenium\\AppiumFramework\\src\\General-Store.apk","automationName":"uiautomator2","avd":"Nexus_Emulator","deviceName":"Nexus_Emulator","fullReset":false,"noReset":true},"platformName":"android","app":"D:\\Selenium\\AppiumFramework\\src\\General-Store.apk","automationName":"uiautomator2","avd":"Nexus_Emulator","deviceName":"emulator-5554","fullReset":false,"noReset":true,"deviceUDID":"emulator-5554","appPackage":"com.androidsample.generalstore"}],"alwaysMatch":{}},"sessionId":"70b958b8-c415-40ba-b5f4-d331cfef2962"}}
&amp#27;[35m[WD Proxy]&amp#27;[39m Determined the downstream protocol as 'W3C'
[debug] &amp#27;[35m[WD Proxy]&amp#27;[39m Proxying [GET /appium/device/info] to [GET http://127.0.0.1:8200/wd/hub/session/70b958b8-c415-40ba-b5f4-d331cfef2962/appium/device/info] with no body
[debug] &amp#27;[35m[WD Proxy]&amp#27;[39m Got response with status 200: {"sessionId":"70b958b8-c415-40ba-b5f4-d331cfef2962","value":{"androidId":"7ee336f46df1affe","apiVersion":"30","bluetooth":{"state":"ON"},"brand":"google","carrierName":"Android","displayDensity":440,"locale":"en_US","manufacturer":"Google","model":"sdk_gphone_x86_arm","networks":[{"capabilities":{"SSID":null,"linkDownBandwidthKbps":30000,"linkUpstreamBandwidthKbps":15000,"networkCapabilities":"NET_CAPABILITY_MMS,NET_CAPABILITY_SUPL,NET_CAPABILITY_DUN,NET_CAPABILITY_FOTA,NET_CAPABILITY_IMS,NET_CAPABILITY_CBS,NET_CAPABILITY_INTERNET,NET_CAPABILITY_NOT_RESTRICTED,NET_CAPABILITY_TRUSTED,NET_CAPABILITY_NOT_VPN,NET_CAPABILITY_VALIDATED,NET_CAPABILITY_NOT_ROAMING,NET_CAPABILITY_FOREGROUND,NET_CAPABILITY_NOT_CONGESTED,NET_CAPABILITY_NOT_SUSPENDED","signalStrength":-2147483648,"transportTypes":"TRANSPORT_CELLULAR"},"detailedState":"CONNECTED","extraInfo":"epc.tmobile.com","isAvailable":true,"isConnected":true,"isFailover":false,"isRoaming":false,"state":"CONNECTED","subtype":13,"subtypeName":"LTE","type":0,"typeNam...
[debug] &amp#27;[35m[ADB]&amp#27;[39m Running 'C:\Users\jenis\AppData\Local\Android\Sdk\platform-tools\adb.exe -P 5037 -s emulator-5554 shell dumpsys window'
&amp#27;[35m[AndroidDriver]&amp#27;[39m Screen already unlocked, doing nothing
&amp#27;[35m[UiAutomator2]&amp#27;[39m Starting 'com.androidsample.generalstore/com.androidsample.generalstore.SplashActivity and waiting for 'com.androidsample.generalstore/com.androidsample.generalstore.SplashActivity'
[debug] &amp#27;[35m[ADB]&amp#27;[39m Running 'C:\Users\jenis\AppData\Local\Android\Sdk\platform-tools\adb.exe -P 5037 -s emulator-5554 shell am start -W -n com.androidsample.generalstore/com.androidsample.generalstore.SplashActivity -S -a android.intent.action.MAIN -c android.intent.category.LAUNCHER -f 0x10200000'
[debug] &amp#27;[35m[ADB]&amp#27;[39m Waiting up to 20000ms for activity matching pkg: 'com.androidsample.generalstore' and activity: 'com.androidsample.generalstore.SplashActivity' to be focused
[debug] &amp#27;[35m[ADB]&amp#27;[39m Possible activities, to be checked: 'com.androidsample.generalstore.SplashActivity', 'com.androidsample.generalstore.com.androidsample.generalstore.SplashActivity'
[debug] &amp#27;[35m[ADB]&amp#27;[39m Getting focused package and activity
[debug] &amp#27;[35m[ADB]&amp#27;[39m Running 'C:\Users\jenis\AppData\Local\Android\Sdk\platform-tools\adb.exe -P 5037 -s emulator-5554 shell dumpsys window displays'
[debug] &amp#27;[35m[ADB]&amp#27;[39m Found package: 'com.androidsample.generalstore' and fully qualified activity name : 'com.androidsample.generalstore.SplashActivity'
[debug] &amp#27;[35m[WD Proxy]&amp#27;[39m Proxying [GET /appium/device/pixel_ratio] to [GET http://127.0.0.1:8200/wd/hub/session/70b958b8-c415-40ba-b5f4-d331cfef2962/appium/device/pixel_ratio] with no body
[debug] &amp#27;[35m[WD Proxy]&amp#27;[39m Got response with status 200: {"sessionId":"70b958b8-c415-40ba-b5f4-d331cfef2962","value":2.75}
[debug] &amp#27;[35m[WD Proxy]&amp#27;[39m Matched '/appium/device/system_bars' to command name 'getSystemBars'
[debug] &amp#27;[35m[WD Proxy]&amp#27;[39m Proxying [GET /appium/device/system_bars] to [GET http://127.0.0.1:8200/wd/hub/session/70b958b8-c415-40ba-b5f4-d331cfef2962/appium/device/system_bars] with no body
[debug] &amp#27;[35m[WD Proxy]&amp#27;[39m Got response with status 200: {"sessionId":"70b958b8-c415-40ba-b5f4-d331cfef2962","value":{"statusBar":66}}
[debug] &amp#27;[35m[WD Proxy]&amp#27;[39m Matched '/window/current/size' to command name 'getWindowSize'
[debug] &amp#27;[35m[WD Proxy]&amp#27;[39m Proxying [GET /window/current/size] to [GET http://127.0.0.1:8200/wd/hub/session/70b958b8-c415-40ba-b5f4-d331cfef2962/window/current/size] with no body
[debug] &amp#27;[35m[WD Proxy]&amp#27;[39m Got response with status 200: {"sessionId":"70b958b8-c415-40ba-b5f4-d331cfef2962","value":{"height":2088,"width":1080}}
&amp#27;[35m[Appium]&amp#27;[39m New AndroidUiautomator2Driver session created successfully, session be1d943a-e054-4516-acb5-456fb78acbbf added to master session list
[debug] &amp#27;[35m[BaseDriver]&amp#27;[39m Event 'newSessionStarted' logged at 1610568871016 (14:14:31 GMT-0600 (Central Standard Time))
[debug] &amp#27;[35m[W3C (be1d943a)]&amp#27;[39m Cached the protocol value 'W3C' for the new session be1d943a-e054-4516-acb5-456fb78acbbf
[debug] &amp#27;[35m[W3C (be1d943a)]&amp#27;[39m Responding to client with driver.createSession() result: {"capabilities":{"platform":"LINUX","webStorageEnabled":false,"takesScreenshot":true,"javascriptEnabled":true,"databaseEnabled":false,"networkConnectionEnabled":true,"locationContextEnabled":false,"warnings":{},"desired":{"platformName":"android","app":"D:\\Selenium\\AppiumFramework\\src\\General-Store.apk","automationName":"uiautomator2","avd":"Nexus_Emulator","deviceName":"Nexus_Emulator","fullReset":false,"noReset":true},"platformName":"android","app":"D:\\Selenium\\AppiumFramework\\src\\General-Store.apk","automationName":"uiautomator2","avd":"Nexus_Emulator","deviceName":"emulator-5554","fullReset":false,"noReset":true,"deviceUDID":"emulator-5554","appPackage":"com.androidsample.generalstore","deviceApiLevel":30,"platformVersion":"11","deviceScreenSize":"1080x2220","deviceScreenDensity":440,"deviceModel":"sdk_gphone_x86_arm","deviceManufacturer":"Google","pixelRatio":2.75,"statBarHeight":66,"viewportRect":{"left":0,"top":66,"width":1080,"height":2022}}}
&amp#27;[35m[HTTP]&amp#27;[39m &amp#27;[37m<-- POST /wd/hub/session &amp#27;[39m&amp#27;[32m200&amp#27;[39m &amp#27;[90m70295 ms - 1033&amp#27;[39m
&amp#27;[35m[HTTP]&amp#27;[39m &amp#27;[90m&amp#27;[39m
&amp#27;[35m[HTTP]&amp#27;[39m &amp#27;[37m-->&amp#27;[39m &amp#27;[37mPOST&amp#27;[39m &amp#27;[37m/wd/hub/session/be1d943a-e054-4516-acb5-456fb78acbbf/timeouts&amp#27;[39m
&amp#27;[35m[HTTP]&amp#27;[39m &amp#27;[90m{"implicit":10000}&amp#27;[39m
[debug] &amp#27;[35m[W3C (be1d943a)]&amp#27;[39m Calling AppiumDriver.timeouts() with args: [null,null,null,null,10000,"be1d943a-e054-4516-acb5-456fb78acbbf"]
[debug] &amp#27;[35m[BaseDriver]&amp#27;[39m W3C timeout argument: {"implicit":10000}}
[debug] &amp#27;[35m[BaseDriver]&amp#27;[39m Set implicit wait to 10000ms
[debug] &amp#27;[35m[W3C (be1d943a)]&amp#27;[39m Responding to client with driver.timeouts() result: null
&amp#27;[35m[HTTP]&amp#27;[39m &amp#27;[37m<-- POST /wd/hub/session/be1d943a-e054-4516-acb5-456fb78acbbf/timeouts &amp#27;[39m&amp#27;[32m200&amp#27;[39m &amp#27;[90m11 ms - 14&amp#27;[39m
&amp#27;[35m[HTTP]&amp#27;[39m &amp#27;[90m&amp#27;[39m
&amp#27;[35m[HTTP]&amp#27;[39m &amp#27;[37m-->&amp#27;[39m &amp#27;[37mGET&amp#27;[39m &amp#27;[37m/wd/hub/session/be1d943a-e054-4516-acb5-456fb78acbbf/context&amp#27;[39m
&amp#27;[35m[HTTP]&amp#27;[39m &amp#27;[90m{}&amp#27;[39m
[debug] &amp#27;[35m[W3C (be1d943a)]&amp#27;[39m Calling AppiumDriver.getCurrentContext() with args: ["be1d943a-e054-4516-acb5-456fb78acbbf"]
[debug] &amp#27;[35m[W3C (be1d943a)]&amp#27;[39m Responding to client with driver.getCurrentContext() result: "NATIVE_APP"
&amp#27;[35m[HTTP]&amp#27;[39m &amp#27;[37m<-- GET /wd/hub/session/be1d943a-e054-4516-acb5-456fb78acbbf/context &amp#27;[39m&amp#27;[32m200&amp#27;[39m &amp#27;[90m11 ms - 22&amp#27;[39m
&amp#27;[35m[HTTP]&amp#27;[39m &amp#27;[90m&amp#27;[39m
&amp#27;[35m[HTTP]&amp#27;[39m &amp#27;[37m-->&amp#27;[39m &amp#27;[37mPOST&amp#27;[39m &amp#27;[37m/wd/hub/session/be1d943a-e054-4516-acb5-456fb78acbbf/element&amp#27;[39m
&amp#27;[35m[HTTP]&amp#27;[39m &amp#27;[90m{"using":"xpath","value":"//android.widget.TextView[@text='Afghanistan']"}&amp#27;[39m
[debug] &amp#27;[35m[W3C (be1d943a)]&amp#27;[39m Calling AppiumDriver.findElement() with args: ["xpath","//android.widget.TextView[@text='Afghanistan']","be1d943a-e054-4516-acb5-456fb78acbbf"]
[debug] &amp#27;[35m[BaseDriver]&amp#27;[39m Valid locator strategies for this request: xpath, id, class name, accessibility id, css selector, -android uiautomator
[debug] &amp#27;[35m[BaseDriver]&amp#27;[39m Waiting up to 10000 ms for condition
[debug] &amp#27;[35m[WD Proxy]&amp#27;[39m Matched '/element' to command name 'findElement'
[debug] &amp#27;[35m[WD Proxy]&amp#27;[39m Proxying [POST /element] to [POST http://127.0.0.1:8200/wd/hub/session/70b958b8-c415-40ba-b5f4-d331cfef2962/element] with body: {"strategy":"xpath","selector":"//android.widget.TextView[@text='Afghanistan']","context":"","multiple":false}
[debug] &amp#27;[35m[WD Proxy]&amp#27;[39m Got response with status 200: {"sessionId":"70b958b8-c415-40ba-b5f4-d331cfef2962","value":{"ELEMENT":"e57bd1ba-6cf1-4c8b-b5ad-0781f187767b","element-6066-11e4-a52e-4f735466cecf":"e57bd1ba-6cf1-4c8b-b5ad-0781f187767b"}}
[debug] &amp#27;[35m[W3C (be1d943a)]&amp#27;[39m Responding to client with driver.findElement() result: {"element-6066-11e4-a52e-4f735466cecf":"e57bd1ba-6cf1-4c8b-b5ad-0781f187767b","ELEMENT":"e57bd1ba-6cf1-4c8b-b5ad-0781f187767b"}
&amp#27;[35m[HTTP]&amp#27;[39m &amp#27;[37m<-- POST /wd/hub/session/be1d943a-e054-4516-acb5-456fb78acbbf/element &amp#27;[39m&amp#27;[32m200&amp#27;[39m &amp#27;[90m379 ms - 137&amp#27;[39m
&amp#27;[35m[HTTP]&amp#27;[39m &amp#27;[90m&amp#27;[39m
&amp#27;[35m[HTTP]&amp#27;[39m &amp#27;[37m-->&amp#27;[39m &amp#27;[37mPOST&amp#27;[39m &amp#27;[37m/wd/hub/session/be1d943a-e054-4516-acb5-456fb78acbbf/element/e57bd1ba-6cf1-4c8b-b5ad-0781f187767b/click&amp#27;[39m
&amp#27;[35m[HTTP]&amp#27;[39m &amp#27;[90m{"id":"e57bd1ba-6cf1-4c8b-b5ad-0781f187767b"}&amp#27;[39m
[debug] &amp#27;[35m[W3C (be1d943a)]&amp#27;[39m Calling AppiumDriver.click() with args: ["e57bd1ba-6cf1-4c8b-b5ad-0781f187767b","be1d943a-e054-4516-acb5-456fb78acbbf"]
[debug] &amp#27;[35m[WD Proxy]&amp#27;[39m Matched '/element/e57bd1ba-6cf1-4c8b-b5ad-0781f187767b/click' to command name 'click'
[debug] &amp#27;[35m[WD Proxy]&amp#27;[39m Proxying [POST /element/e57bd1ba-6cf1-4c8b-b5ad-0781f187767b/click] to [POST http://127.0.0.1:8200/wd/hub/session/70b958b8-c415-40ba-b5f4-d331cfef2962/element/e57bd1ba-6cf1-4c8b-b5ad-0781f187767b/click] with body: {"element":"e57bd1ba-6cf1-4c8b-b5ad-0781f187767b"}
[debug] &amp#27;[35m[WD Proxy]&amp#27;[39m Got response with status 200: {"sessionId":"70b958b8-c415-40ba-b5f4-d331cfef2962","value":null}
[debug] &amp#27;[35m[W3C (be1d943a)]&amp#27;[39m Responding to client with driver.click() result: null
&amp#27;[35m[HTTP]&amp#27;[39m &amp#27;[37m<-- POST /wd/hub/session/be1d943a-e054-4516-acb5-456fb78acbbf/element/e57bd1ba-6cf1-4c8b-b5ad-0781f187767b/click &amp#27;[39m&amp#27;[32m200&amp#27;[39m &amp#27;[90m109 ms - 14&amp#27;[39m
&amp#27;[35m[HTTP]&amp#27;[39m &amp#27;[90m&amp#27;[39m
&amp#27;[35m[HTTP]&amp#27;[39m &amp#27;[37m-->&amp#27;[39m &amp#27;[37mPOST&amp#27;[39m &amp#27;[37m/wd/hub/session/be1d943a-e054-4516-acb5-456fb78acbbf/element&amp#27;[39m
&amp#27;[35m[HTTP]&amp#27;[39m &amp#27;[90m{"using":"-android uiautomator","value":"new UiScrollable(new UiSelector().scrollable(true).instance(0)).scrollIntoView(new UiSelector().textMatches(\"India\").instance(0))"}&amp#27;[39m
[debug] &amp#27;[35m[W3C (be1d943a)]&amp#27;[39m Calling AppiumDriver.findElement() with args: ["-android uiautomator","new UiScrollable(new UiSelector().scrollable(true).instance(0)).scrollIntoView(new UiSelector().textMatches(\"India\").instance(0))","be1d943a-e054-4516-acb5-456fb78acbbf"]
[debug] &amp#27;[35m[BaseDriver]&amp#27;[39m Valid locator strategies for this request: xpath, id, class name, accessibility id, css selector, -android uiautomator
[debug] &amp#27;[35m[BaseDriver]&amp#27;[39m Waiting up to 10000 ms for condition
[debug] &amp#27;[35m[WD Proxy]&amp#27;[39m Matched '/element' to command name 'findElement'
[debug] &amp#27;[35m[WD Proxy]&amp#27;[39m Proxying [POST /element] to [POST http://127.0.0.1:8200/wd/hub/session/70b958b8-c415-40ba-b5f4-d331cfef2962/element] with body: {"strategy":"-android uiautomator","selector":"new UiScrollable(new UiSelector().scrollable(true).instance(0)).scrollIntoView(new UiSelector().textMatches(\"India\").instance(0))","context":"","multiple":false}
[debug] &amp#27;[35m[WD Proxy]&amp#27;[39m Got response with status 200: {"sessionId":"70b958b8-c415-40ba-b5f4-d331cfef2962","value":{"ELEMENT":"f06de3e4-6872-42e5-8f28-120e955f41fc","element-6066-11e4-a52e-4f735466cecf":"f06de3e4-6872-42e5-8f28-120e955f41fc"}}
[debug] &amp#27;[35m[W3C (be1d943a)]&amp#27;[39m Responding to client with driver.findElement() result: {"element-6066-11e4-a52e-4f735466cecf":"f06de3e4-6872-42e5-8f28-120e955f41fc","ELEMENT":"f06de3e4-6872-42e5-8f28-120e955f41fc"}
&amp#27;[35m[HTTP]&amp#27;[39m &amp#27;[37m<-- POST /wd/hub/session/be1d943a-e054-4516-acb5-456fb78acbbf/element &amp#27;[39m&amp#27;[32m200&amp#27;[39m &amp#27;[90m30228 ms - 137&amp#27;[39m
&amp#27;[35m[HTTP]&amp#27;[39m &amp#27;[90m&amp#27;[39m
&amp#27;[35m[HTTP]&amp#27;[39m &amp#27;[37m-->&amp#27;[39m &amp#27;[37mGET&amp#27;[39m &amp#27;[37m/wd/hub/session/be1d943a-e054-4516-acb5-456fb78acbbf/context&amp#27;[39m
&amp#27;[35m[HTTP]&amp#27;[39m &amp#27;[90m{}&amp#27;[39m
[debug] &amp#27;[35m[W3C (be1d943a)]&amp#27;[39m Calling AppiumDriver.getCurrentContext() with args: ["be1d943a-e054-4516-acb5-456fb78acbbf"]
[debug] &amp#27;[35m[W3C (be1d943a)]&amp#27;[39m Responding to client with driver.getCurrentContext() result: "NATIVE_APP"
&amp#27;[35m[HTTP]&amp#27;[39m &amp#27;[37m<-- GET /wd/hub/session/be1d943a-e054-4516-acb5-456fb78acbbf/context &amp#27;[39m&amp#27;[32m200&amp#27;[39m &amp#27;[90m6 ms - 22&amp#27;[39m
&amp#27;[35m[HTTP]&amp#27;[39m &amp#27;[90m&amp#27;[39m
&amp#27;[35m[HTTP]&amp#27;[39m &amp#27;[37m-->&amp#27;[39m &amp#27;[37mPOST&amp#27;[39m &amp#27;[37m/wd/hub/session/be1d943a-e054-4516-acb5-456fb78acbbf/element&amp#27;[39m
&amp#27;[35m[HTTP]&amp#27;[39m &amp#27;[90m{"using":"xpath","value":"//*[@text='India']"}&amp#27;[39m
[debug] &amp#27;[35m[W3C (be1d943a)]&amp#27;[39m Calling AppiumDriver.findElement() with args: ["xpath","//*[@text='India']","be1d943a-e054-4516-acb5-456fb78acbbf"]
[debug] &amp#27;[35m[BaseDriver]&amp#27;[39m Valid locator strategies for this request: xpath, id, class name, accessibility id, css selector, -android uiautomator
[debug] &amp#27;[35m[BaseDriver]&amp#27;[39m Waiting up to 10000 ms for condition
[debug] &amp#27;[35m[WD Proxy]&amp#27;[39m Matched '/element' to command name 'findElement'
[debug] &amp#27;[35m[WD Proxy]&amp#27;[39m Proxying [POST /element] to [POST http://127.0.0.1:8200/wd/hub/session/70b958b8-c415-40ba-b5f4-d331cfef2962/element] with body: {"strategy":"xpath","selector":"//*[@text='India']","context":"","multiple":false}
[debug] &amp#27;[35m[WD Proxy]&amp#27;[39m Got response with status 200: {"sessionId":"70b958b8-c415-40ba-b5f4-d331cfef2962","value":{"ELEMENT":"f6cd0b0c-8a90-4905-9895-a761bf346c73","element-6066-11e4-a52e-4f735466cecf":"f6cd0b0c-8a90-4905-9895-a761bf346c73"}}
[debug] &amp#27;[35m[W3C (be1d943a)]&amp#27;[39m Responding to client with driver.findElement() result: {"element-6066-11e4-a52e-4f735466cecf":"f6cd0b0c-8a90-4905-9895-a761bf346c73","ELEMENT":"f6cd0b0c-8a90-4905-9895-a761bf346c73"}
&amp#27;[35m[HTTP]&amp#27;[39m &amp#27;[37m<-- POST /wd/hub/session/be1d943a-e054-4516-acb5-456fb78acbbf/element &amp#27;[39m&amp#27;[32m200&amp#27;[39m &amp#27;[90m70 ms - 137&amp#27;[39m
&amp#27;[35m[HTTP]&amp#27;[39m &amp#27;[90m&amp#27;[39m
&amp#27;[35m[HTTP]&amp#27;[39m &amp#27;[37m-->&amp#27;[39m &amp#27;[37mPOST&amp#27;[39m &amp#27;[37m/wd/hub/session/be1d943a-e054-4516-acb5-456fb78acbbf/element/f6cd0b0c-8a90-4905-9895-a761bf346c73/click&amp#27;[39m
&amp#27;[35m[HTTP]&amp#27;[39m &amp#27;[90m{"id":"f6cd0b0c-8a90-4905-9895-a761bf346c73"}&amp#27;[39m
[debug] &amp#27;[35m[W3C (be1d943a)]&amp#27;[39m Calling AppiumDriver.click() with args: ["f6cd0b0c-8a90-4905-9895-a761bf346c73","be1d943a-e054-4516-acb5-456fb78acbbf"]
[debug] &amp#27;[35m[WD Proxy]&amp#27;[39m Matched '/element/f6cd0b0c-8a90-4905-9895-a761bf346c73/click' to command name 'click'
[debug] &amp#27;[35m[WD Proxy]&amp#27;[39m Proxying [POST /element/f6cd0b0c-8a90-4905-9895-a761bf346c73/click] to [POST http://127.0.0.1:8200/wd/hub/session/70b958b8-c415-40ba-b5f4-d331cfef2962/element/f6cd0b0c-8a90-4905-9895-a761bf346c73/click] with body: {"element":"f6cd0b0c-8a90-4905-9895-a761bf346c73"}
[debug] &amp#27;[35m[WD Proxy]&amp#27;[39m Got response with status 200: {"sessionId":"70b958b8-c415-40ba-b5f4-d331cfef2962","value":null}
[debug] &amp#27;[35m[W3C (be1d943a)]&amp#27;[39m Responding to client with driver.click() result: null
&amp#27;[35m[HTTP]&amp#27;[39m &amp#27;[37m<-- POST /wd/hub/session/be1d943a-e054-4516-acb5-456fb78acbbf/element/f6cd0b0c-8a90-4905-9895-a761bf346c73/click &amp#27;[39m&amp#27;[32m200&amp#27;[39m &amp#27;[90m694 ms - 14&amp#27;[39m
&amp#27;[35m[HTTP]&amp#27;[39m &amp#27;[90m&amp#27;[39m
&amp#27;[35m[HTTP]&amp#27;[39m &amp#27;[37m-->&amp#27;[39m &amp#27;[37mGET&amp#27;[39m &amp#27;[37m/wd/hub/session/be1d943a-e054-4516-acb5-456fb78acbbf/context&amp#27;[39m
&amp#27;[35m[HTTP]&amp#27;[39m &amp#27;[90m{}&amp#27;[39m
[debug] &amp#27;[35m[W3C (be1d943a)]&amp#27;[39m Calling AppiumDriver.getCurrentContext() with args: ["be1d943a-e054-4516-acb5-456fb78acbbf"]
[debug] &amp#27;[35m[W3C (be1d943a)]&amp#27;[39m Responding to client with driver.getCurrentContext() result: "NATIVE_APP"
&amp#27;[35m[HTTP]&amp#27;[39m &amp#27;[37m<-- GET /wd/hub/session/be1d943a-e054-4516-acb5-456fb78acbbf/context &amp#27;[39m&amp#27;[32m200&amp#27;[39m &amp#27;[90m1 ms - 22&amp#27;[39m
&amp#27;[35m[HTTP]&amp#27;[39m &amp#27;[90m&amp#27;[39m
&amp#27;[35m[HTTP]&amp#27;[39m &amp#27;[37m-->&amp#27;[39m &amp#27;[37mPOST&amp#27;[39m &amp#27;[37m/wd/hub/session/be1d943a-e054-4516-acb5-456fb78acbbf/element&amp#27;[39m
&amp#27;[35m[HTTP]&amp#27;[39m &amp#27;[90m{"using":"id","value":"com.androidsample.generalstore:id/nameField"}&amp#27;[39m
[debug] &amp#27;[35m[W3C (be1d943a)]&amp#27;[39m Calling AppiumDriver.findElement() with args: ["id","com.androidsample.generalstore:id/nameField","be1d943a-e054-4516-acb5-456fb78acbbf"]
[debug] &amp#27;[35m[BaseDriver]&amp#27;[39m Valid locator strategies for this request: xpath, id, class name, accessibility id, css selector, -android uiautomator
[debug] &amp#27;[35m[BaseDriver]&amp#27;[39m Waiting up to 10000 ms for condition
[debug] &amp#27;[35m[WD Proxy]&amp#27;[39m Matched '/element' to command name 'findElement'
[debug] &amp#27;[35m[WD Proxy]&amp#27;[39m Proxying [POST /element] to [POST http://127.0.0.1:8200/wd/hub/session/70b958b8-c415-40ba-b5f4-d331cfef2962/element] with body: {"strategy":"id","selector":"com.androidsample.generalstore:id/nameField","context":"","multiple":false}
[debug] &amp#27;[35m[WD Proxy]&amp#27;[39m Got response with status 200: {"sessionId":"70b958b8-c415-40ba-b5f4-d331cfef2962","value":{"ELEMENT":"d51ae26a-3d55-4336-9199-724bcfeb50ba","element-6066-11e4-a52e-4f735466cecf":"d51ae26a-3d55-4336-9199-724bcfeb50ba"}}
[debug] &amp#27;[35m[W3C (be1d943a)]&amp#27;[39m Responding to client with driver.findElement() result: {"element-6066-11e4-a52e-4f735466cecf":"d51ae26a-3d55-4336-9199-724bcfeb50ba","ELEMENT":"d51ae26a-3d55-4336-9199-724bcfeb50ba"}
&amp#27;[35m[HTTP]&amp#27;[39m &amp#27;[37m<-- POST /wd/hub/session/be1d943a-e054-4516-acb5-456fb78acbbf/element &amp#27;[39m&amp#27;[32m200&amp#27;[39m &amp#27;[90m53 ms - 137&amp#27;[39m
&amp#27;[35m[HTTP]&amp#27;[39m &amp#27;[90m&amp#27;[39m
&amp#27;[35m[HTTP]&amp#27;[39m &amp#27;[37m-->&amp#27;[39m &amp#27;[37mPOST&amp#27;[39m &amp#27;[37m/wd/hub/session/be1d943a-e054-4516-acb5-456fb78acbbf/element/d51ae26a-3d55-4336-9199-724bcfeb50ba/value&amp#27;[39m
&amp#27;[35m[HTTP]&amp#27;[39m &amp#27;[90m{"id":"d51ae26a-3d55-4336-9199-724bcfeb50ba","text":"Jenish Gandhi","value":["J","e","n","i","s","h"," ","G","a","n","d","h","i"]}&amp#27;[39m
[debug] &amp#27;[35m[W3C (be1d943a)]&amp#27;[39m Calling AppiumDriver.setValue() with args: [["J","e","n","i","s","h"," ","G","a","n","d","h","i"],"d51ae26a-3d55-4336-9199-724bcfeb50ba","be1d943a-e054-4516-acb5-456fb78acbbf"]
[debug] &amp#27;[35m[WD Proxy]&amp#27;[39m Matched '/element/d51ae26a-3d55-4336-9199-724bcfeb50ba/value' to command name 'setValue'
[debug] &amp#27;[35m[Protocol Converter]&amp#27;[39m Added 'value' property ["J","e","n","i","s","h"," ","G","a","n","d","h","i"] to 'setValue' request body
[debug] &amp#27;[35m[WD Proxy]&amp#27;[39m Proxying [POST /element/d51ae26a-3d55-4336-9199-724bcfeb50ba/value] to [POST http://127.0.0.1:8200/wd/hub/session/70b958b8-c415-40ba-b5f4-d331cfef2962/element/d51ae26a-3d55-4336-9199-724bcfeb50ba/value] with body: {"elementId":"d51ae26a-3d55-4336-9199-724bcfeb50ba","text":"Jenish Gandhi","replace":false,"value":["J","e","n","i","s","h"," ","G","a","n","d","h","i"]}
[debug] &amp#27;[35m[WD Proxy]&amp#27;[39m Got response with status 200: {"sessionId":"70b958b8-c415-40ba-b5f4-d331cfef2962","value":null}
[debug] &amp#27;[35m[W3C (be1d943a)]&amp#27;[39m Responding to client with driver.setValue() result: null
&amp#27;[35m[HTTP]&amp#27;[39m &amp#27;[37m<-- POST /wd/hub/session/be1d943a-e054-4516-acb5-456fb78acbbf/element/d51ae26a-3d55-4336-9199-724bcfeb50ba/value &amp#27;[39m&amp#27;[32m200&amp#27;[39m &amp#27;[90m587 ms - 14&amp#27;[39m
&amp#27;[35m[HTTP]&amp#27;[39m &amp#27;[90m&amp#27;[39m
&amp#27;[35m[HTTP]&amp#27;[39m &amp#27;[37m-->&amp#27;[39m &amp#27;[37mPOST&amp#27;[39m &amp#27;[37m/wd/hub/session/be1d943a-e054-4516-acb5-456fb78acbbf/appium/device/hide_keyboard&amp#27;[39m
&amp#27;[35m[HTTP]&amp#27;[39m &amp#27;[90m{}&amp#27;[39m
[debug] &amp#27;[35m[W3C (be1d943a)]&amp#27;[39m Calling AppiumDriver.hideKeyboard() with args: [null,null,null,null,"be1d943a-e054-4516-acb5-456fb78acbbf"]
[debug] &amp#27;[35m[ADB]&amp#27;[39m Running 'C:\Users\jenis\AppData\Local\Android\Sdk\platform-tools\adb.exe -P 5037 -s emulator-5554 shell dumpsys input_method'
&amp#27;[35m[AndroidDriver]&amp#27;[39m Keyboard has no UI; no closing necessary
[debug] &amp#27;[35m[W3C (be1d943a)]&amp#27;[39m Responding to client with driver.hideKeyboard() result: null
&amp#27;[35m[HTTP]&amp#27;[39m &amp#27;[37m<-- POST /wd/hub/session/be1d943a-e054-4516-acb5-456fb78acbbf/appium/device/hide_keyboard &amp#27;[39m&amp#27;[32m200&amp#27;[39m &amp#27;[90m353 ms - 14&amp#27;[39m
&amp#27;[35m[HTTP]&amp#27;[39m &amp#27;[90m&amp#27;[39m
&amp#27;[35m[HTTP]&amp#27;[39m &amp#27;[37m-->&amp#27;[39m &amp#27;[37mGET&amp#27;[39m &amp#27;[37m/wd/hub/session/be1d943a-e054-4516-acb5-456fb78acbbf/context&amp#27;[39m
&amp#27;[35m[HTTP]&amp#27;[39m &amp#27;[90m{}&amp#27;[39m
[debug] &amp#27;[35m[W3C (be1d943a)]&amp#27;[39m Calling AppiumDriver.getCurrentContext() with args: ["be1d943a-e054-4516-acb5-456fb78acbbf"]
[debug] &amp#27;[35m[W3C (be1d943a)]&amp#27;[39m Responding to client with driver.getCurrentContext() result: "NATIVE_APP"
&amp#27;[35m[HTTP]&amp#27;[39m &amp#27;[37m<-- GET /wd/hub/session/be1d943a-e054-4516-acb5-456fb78acbbf/context &amp#27;[39m&amp#27;[32m200&amp#27;[39m &amp#27;[90m2 ms - 22&amp#27;[39m
&amp#27;[35m[HTTP]&amp#27;[39m &amp#27;[90m&amp#27;[39m
&amp#27;[35m[HTTP]&amp#27;[39m &amp#27;[37m-->&amp#27;[39m &amp#27;[37mPOST&amp#27;[39m &amp#27;[37m/wd/hub/session/be1d943a-e054-4516-acb5-456fb78acbbf/element&amp#27;[39m
&amp#27;[35m[HTTP]&amp#27;[39m &amp#27;[90m{"using":"xpath","value":"//android.widget.RadioButton[@text='Female']"}&amp#27;[39m
[debug] &amp#27;[35m[W3C (be1d943a)]&amp#27;[39m Calling AppiumDriver.findElement() with args: ["xpath","//android.widget.RadioButton[@text='Female']","be1d943a-e054-4516-acb5-456fb78acbbf"]
[debug] &amp#27;[35m[BaseDriver]&amp#27;[39m Valid locator strategies for this request: xpath, id, class name, accessibility id, css selector, -android uiautomator
[debug] &amp#27;[35m[BaseDriver]&amp#27;[39m Waiting up to 10000 ms for condition
[debug] &amp#27;[35m[WD Proxy]&amp#27;[39m Matched '/element' to command name 'findElement'
[debug] &amp#27;[35m[WD Proxy]&amp#27;[39m Proxying [POST /element] to [POST http://127.0.0.1:8200/wd/hub/session/70b958b8-c415-40ba-b5f4-d331cfef2962/element] with body: {"strategy":"xpath","selector":"//android.widget.RadioButton[@text='Female']","context":"","multiple":false}
[debug] &amp#27;[35m[WD Proxy]&amp#27;[39m Got response with status 200: {"sessionId":"70b958b8-c415-40ba-b5f4-d331cfef2962","value":{"ELEMENT":"e3cd3345-5693-4e4b-8938-8a78f52270fd","element-6066-11e4-a52e-4f735466cecf":"e3cd3345-5693-4e4b-8938-8a78f52270fd"}}
[debug] &amp#27;[35m[W3C (be1d943a)]&amp#27;[39m Responding to client with driver.findElement() result: {"element-6066-11e4-a52e-4f735466cecf":"e3cd3345-5693-4e4b-8938-8a78f52270fd","ELEMENT":"e3cd3345-5693-4e4b-8938-8a78f52270fd"}
&amp#27;[35m[HTTP]&amp#27;[39m &amp#27;[37m<-- POST /wd/hub/session/be1d943a-e054-4516-acb5-456fb78acbbf/element &amp#27;[39m&amp#27;[32m200&amp#27;[39m &amp#27;[90m197 ms - 137&amp#27;[39m
&amp#27;[35m[HTTP]&amp#27;[39m &amp#27;[90m&amp#27;[39m
&amp#27;[35m[HTTP]&amp#27;[39m &amp#27;[37m-->&amp#27;[39m &amp#27;[37mPOST&amp#27;[39m &amp#27;[37m/wd/hub/session/be1d943a-e054-4516-acb5-456fb78acbbf/element/e3cd3345-5693-4e4b-8938-8a78f52270fd/click&amp#27;[39m
&amp#27;[35m[HTTP]&amp#27;[39m &amp#27;[90m{"id":"e3cd3345-5693-4e4b-8938-8a78f52270fd"}&amp#27;[39m
[debug] &amp#27;[35m[W3C (be1d943a)]&amp#27;[39m Calling AppiumDriver.click() with args: ["e3cd3345-5693-4e4b-8938-8a78f52270fd","be1d943a-e054-4516-acb5-456fb78acbbf"]
[debug] &amp#27;[35m[WD Proxy]&amp#27;[39m Matched '/element/e3cd3345-5693-4e4b-8938-8a78f52270fd/click' to command name 'click'
[debug] &amp#27;[35m[WD Proxy]&amp#27;[39m Proxying [POST /element/e3cd3345-5693-4e4b-8938-8a78f52270fd/click] to [POST http://127.0.0.1:8200/wd/hub/session/70b958b8-c415-40ba-b5f4-d331cfef2962/element/e3cd3345-5693-4e4b-8938-8a78f52270fd/click] with body: {"element":"e3cd3345-5693-4e4b-8938-8a78f52270fd"}
[debug] &amp#27;[35m[WD Proxy]&amp#27;[39m Got response with status 200: {"sessionId":"70b958b8-c415-40ba-b5f4-d331cfef2962","value":null}
[debug] &amp#27;[35m[W3C (be1d943a)]&amp#27;[39m Responding to client with driver.click() result: null
&amp#27;[35m[HTTP]&amp#27;[39m &amp#27;[37m<-- POST /wd/hub/session/be1d943a-e054-4516-acb5-456fb78acbbf/element/e3cd3345-5693-4e4b-8938-8a78f52270fd/click &amp#27;[39m&amp#27;[32m200&amp#27;[39m &amp#27;[90m56 ms - 14&amp#27;[39m
&amp#27;[35m[HTTP]&amp#27;[39m &amp#27;[90m&amp#27;[39m
&amp#27;[35m[HTTP]&amp#27;[39m &amp#27;[37m-->&amp#27;[39m &amp#27;[37mGET&amp#27;[39m &amp#27;[37m/wd/hub/session/be1d943a-e054-4516-acb5-456fb78acbbf/context&amp#27;[39m
&amp#27;[35m[HTTP]&amp#27;[39m &amp#27;[90m{}&amp#27;[39m
[debug] &amp#27;[35m[W3C (be1d943a)]&amp#27;[39m Calling AppiumDriver.getCurrentContext() with args: ["be1d943a-e054-4516-acb5-456fb78acbbf"]
[debug] &amp#27;[35m[W3C (be1d943a)]&amp#27;[39m Responding to client with driver.getCurrentContext() result: "NATIVE_APP"
&amp#27;[35m[HTTP]&amp#27;[39m &amp#27;[37m<-- GET /wd/hub/session/be1d943a-e054-4516-acb5-456fb78acbbf/context &amp#27;[39m&amp#27;[32m200&amp#27;[39m &amp#27;[90m3 ms - 22&amp#27;[39m
&amp#27;[35m[HTTP]&amp#27;[39m &amp#27;[90m&amp#27;[39m
&amp#27;[35m[HTTP]&amp#27;[39m &amp#27;[37m-->&amp#27;[39m &amp#27;[37mPOST&amp#27;[39m &amp#27;[37m/wd/hub/session/be1d943a-e054-4516-acb5-456fb78acbbf/element&amp#27;[39m
&amp#27;[35m[HTTP]&amp#27;[39m &amp#27;[90m{"using":"id","value":"com.androidsample.generalstore:id/btnLetsShop"}&amp#27;[39m
[debug] &amp#27;[35m[W3C (be1d943a)]&amp#27;[39m Calling AppiumDriver.findElement() with args: ["id","com.androidsample.generalstore:id/btnLetsShop","be1d943a-e054-4516-acb5-456fb78acbbf"]
[debug] &amp#27;[35m[BaseDriver]&amp#27;[39m Valid locator strategies for this request: xpath, id, class name, accessibility id, css selector, -android uiautomator
[debug] &amp#27;[35m[BaseDriver]&amp#27;[39m Waiting up to 10000 ms for condition
[debug] &amp#27;[35m[WD Proxy]&amp#27;[39m Matched '/element' to command name 'findElement'
[debug] &amp#27;[35m[WD Proxy]&amp#27;[39m Proxying [POST /element] to [POST http://127.0.0.1:8200/wd/hub/session/70b958b8-c415-40ba-b5f4-d331cfef2962/element] with body: {"strategy":"id","selector":"com.androidsample.generalstore:id/btnLetsShop","context":"","multiple":false}
[debug] &amp#27;[35m[WD Proxy]&amp#27;[39m Got response with status 200: {"sessionId":"70b958b8-c415-40ba-b5f4-d331cfef2962","value":{"ELEMENT":"d27c3dbb-35fa-47e9-a301-b4e7a2ca79ae","element-6066-11e4-a52e-4f735466cecf":"d27c3dbb-35fa-47e9-a301-b4e7a2ca79ae"}}
[debug] &amp#27;[35m[W3C (be1d943a)]&amp#27;[39m Responding to client with driver.findElement() result: {"element-6066-11e4-a52e-4f735466cecf":"d27c3dbb-35fa-47e9-a301-b4e7a2ca79ae","ELEMENT":"d27c3dbb-35fa-47e9-a301-b4e7a2ca79ae"}
&amp#27;[35m[HTTP]&amp#27;[39m &amp#27;[37m<-- POST /wd/hub/session/be1d943a-e054-4516-acb5-456fb78acbbf/element &amp#27;[39m&amp#27;[32m200&amp#27;[39m &amp#27;[90m604 ms - 137&amp#27;[39m
&amp#27;[35m[HTTP]&amp#27;[39m &amp#27;[90m&amp#27;[39m
&amp#27;[35m[HTTP]&amp#27;[39m &amp#27;[37m-->&amp#27;[39m &amp#27;[37mPOST&amp#27;[39m &amp#27;[37m/wd/hub/session/be1d943a-e054-4516-acb5-456fb78acbbf/element/d27c3dbb-35fa-47e9-a301-b4e7a2ca79ae/click&amp#27;[39m
&amp#27;[35m[HTTP]&amp#27;[39m &amp#27;[90m{"id":"d27c3dbb-35fa-47e9-a301-b4e7a2ca79ae"}&amp#27;[39m
[debug] &amp#27;[35m[W3C (be1d943a)]&amp#27;[39m Calling AppiumDriver.click() with args: ["d27c3dbb-35fa-47e9-a301-b4e7a2ca79ae","be1d943a-e054-4516-acb5-456fb78acbbf"]
[debug] &amp#27;[35m[WD Proxy]&amp#27;[39m Matched '/element/d27c3dbb-35fa-47e9-a301-b4e7a2ca79ae/click' to command name 'click'
[debug] &amp#27;[35m[WD Proxy]&amp#27;[39m Proxying [POST /element/d27c3dbb-35fa-47e9-a301-b4e7a2ca79ae/click] to [POST http://127.0.0.1:8200/wd/hub/session/70b958b8-c415-40ba-b5f4-d331cfef2962/element/d27c3dbb-35fa-47e9-a301-b4e7a2ca79ae/click] with body: {"element":"d27c3dbb-35fa-47e9-a301-b4e7a2ca79ae"}
[debug] &amp#27;[35m[WD Proxy]&amp#27;[39m Got response with status 200: {"sessionId":"70b958b8-c415-40ba-b5f4-d331cfef2962","value":null}
[debug] &amp#27;[35m[W3C (be1d943a)]&amp#27;[39m Responding to client with driver.click() result: null
&amp#27;[35m[HTTP]&amp#27;[39m &amp#27;[37m<-- POST /wd/hub/session/be1d943a-e054-4516-acb5-456fb78acbbf/element/d27c3dbb-35fa-47e9-a301-b4e7a2ca79ae/click &amp#27;[39m&amp#27;[32m200&amp#27;[39m &amp#27;[90m53 ms - 14&amp#27;[39m
&amp#27;[35m[HTTP]&amp#27;[39m &amp#27;[90m&amp#27;[39m
&amp#27;[35m[HTTP]&amp#27;[39m &amp#27;[37m-->&amp#27;[39m &amp#27;[37mGET&amp#27;[39m &amp#27;[37m/wd/hub/session/be1d943a-e054-4516-acb5-456fb78acbbf/context&amp#27;[39m
&amp#27;[35m[HTTP]&amp#27;[39m &amp#27;[90m{}&amp#27;[39m
[debug] &amp#27;[35m[W3C (be1d943a)]&amp#27;[39m Calling AppiumDriver.getCurrentContext() with args: ["be1d943a-e054-4516-acb5-456fb78acbbf"]
[debug] &amp#27;[35m[W3C (be1d943a)]&amp#27;[39m Responding to client with driver.getCurrentContext() result: "NATIVE_APP"
&amp#27;[35m[HTTP]&amp#27;[39m &amp#27;[37m<-- GET /wd/hub/session/be1d943a-e054-4516-acb5-456fb78acbbf/context &amp#27;[39m&amp#27;[32m200&amp#27;[39m &amp#27;[90m2 ms - 22&amp#27;[39m
&amp#27;[35m[HTTP]&amp#27;[39m &amp#27;[90m&amp#27;[39m
&amp#27;[35m[HTTP]&amp#27;[39m &amp#27;[37m-->&amp#27;[39m &amp#27;[37mPOST&amp#27;[39m &amp#27;[37m/wd/hub/session/be1d943a-e054-4516-acb5-456fb78acbbf/elements&amp#27;[39m
&amp#27;[35m[HTTP]&amp#27;[39m &amp#27;[90m{"using":"xpath","value":"//*[@text='ADD TO CART']"}&amp#27;[39m
[debug] &amp#27;[35m[W3C (be1d943a)]&amp#27;[39m Calling AppiumDriver.findElements() with args: ["xpath","//*[@text='ADD TO CART']","be1d943a-e054-4516-acb5-456fb78acbbf"]
[debug] &amp#27;[35m[BaseDriver]&amp#27;[39m Valid locator strategies for this request: xpath, id, class name, accessibility id, css selector, -android uiautomator
[debug] &amp#27;[35m[BaseDriver]&amp#27;[39m Waiting up to 10000 ms for condition
[debug] &amp#27;[35m[WD Proxy]&amp#27;[39m Matched '/elements' to command name 'findElements'
[debug] &amp#27;[35m[WD Proxy]&amp#27;[39m Proxying [POST /elements] to [POST http://127.0.0.1:8200/wd/hub/session/70b958b8-c415-40ba-b5f4-d331cfef2962/elements] with body: {"strategy":"xpath","selector":"//*[@text='ADD TO CART']","context":"","multiple":true}
[debug] &amp#27;[35m[WD Proxy]&amp#27;[39m Got response with status 200: {"sessionId":"70b958b8-c415-40ba-b5f4-d331cfef2962","value":[]}
[debug] &amp#27;[35m[BaseDriver]&amp#27;[39m Waited for 138 ms so far
[debug] &amp#27;[35m[WD Proxy]&amp#27;[39m Matched '/elements' to command name 'findElements'
[debug] &amp#27;[35m[WD Proxy]&amp#27;[39m Proxying [POST /elements] to [POST http://127.0.0.1:8200/wd/hub/session/70b958b8-c415-40ba-b5f4-d331cfef2962/elements] with body: {"strategy":"xpath","selector":"//*[@text='ADD TO CART']","context":"","multiple":true}
[debug] &amp#27;[35m[WD Proxy]&amp#27;[39m Got response with status 200: {"sessionId":"70b958b8-c415-40ba-b5f4-d331cfef2962","value":[{"ELEMENT":"543d422e-58ed-4394-849d-1246cd330976","element-6066-11e4-a52e-4f735466cecf":"543d422e-58ed-4394-849d-1246cd330976"},{"ELEMENT":"572c02e3-5dfc-4673-9351-67b873a6455b","element-6066-11e4-a52e-4f735466cecf":"572c02e3-5dfc-4673-9351-67b873a6455b"}]}
[debug] &amp#27;[35m[W3C (be1d943a)]&amp#27;[39m Responding to client with driver.findElements() result: [{"element-6066-11e4-a52e-4f735466cecf":"543d422e-58ed-4394-849d-1246cd330976","ELEMENT":"543d422e-58ed-4394-849d-1246cd330976"},{"element-6066-11e4-a52e-4f735466cecf":"572c02e3-5dfc-4673-9351-67b873a6455b","ELEMENT":"572c02e3-5dfc-4673-9351-67b873a6455b"}]
&amp#27;[35m[HTTP]&amp#27;[39m &amp#27;[37m<-- POST /wd/hub/session/be1d943a-e054-4516-acb5-456fb78acbbf/elements &amp#27;[39m&amp#27;[32m200&amp#27;[39m &amp#27;[90m1087 ms - 267&amp#27;[39m
&amp#27;[35m[HTTP]&amp#27;[39m &amp#27;[90m&amp#27;[39m
&amp#27;[35m[HTTP]&amp#27;[39m &amp#27;[37m-->&amp#27;[39m &amp#27;[37mPOST&amp#27;[39m &amp#27;[37m/wd/hub/session/be1d943a-e054-4516-acb5-456fb78acbbf/element/543d422e-58ed-4394-849d-1246cd330976/click&amp#27;[39m
&amp#27;[35m[HTTP]&amp#27;[39m &amp#27;[90m{"id":"543d422e-58ed-4394-849d-1246cd330976"}&amp#27;[39m
[debug] &amp#27;[35m[W3C (be1d943a)]&amp#27;[39m Calling AppiumDriver.click() with args: ["543d422e-58ed-4394-849d-1246cd330976","be1d943a-e054-4516-acb5-456fb78acbbf"]
[debug] &amp#27;[35m[WD Proxy]&amp#27;[39m Matched '/element/543d422e-58ed-4394-849d-1246cd330976/click' to command name 'click'
[debug] &amp#27;[35m[WD Proxy]&amp#27;[39m Proxying [POST /element/543d422e-58ed-4394-849d-1246cd330976/click] to [POST http://127.0.0.1:8200/wd/hub/session/70b958b8-c415-40ba-b5f4-d331cfef2962/element/543d422e-58ed-4394-849d-1246cd330976/click] with body: {"element":"543d422e-58ed-4394-849d-1246cd330976"}
[debug] &amp#27;[35m[WD Proxy]&amp#27;[39m Got response with status 200: {"sessionId":"70b958b8-c415-40ba-b5f4-d331cfef2962","value":null}
[debug] &amp#27;[35m[W3C (be1d943a)]&amp#27;[39m Responding to client with driver.click() result: null
&amp#27;[35m[HTTP]&amp#27;[39m &amp#27;[37m<-- POST /wd/hub/session/be1d943a-e054-4516-acb5-456fb78acbbf/element/543d422e-58ed-4394-849d-1246cd330976/click &amp#27;[39m&amp#27;[32m200&amp#27;[39m &amp#27;[90m563 ms - 14&amp#27;[39m
&amp#27;[35m[HTTP]&amp#27;[39m &amp#27;[90m&amp#27;[39m
&amp#27;[35m[HTTP]&amp#27;[39m &amp#27;[37m-->&amp#27;[39m &amp#27;[37mGET&amp#27;[39m &amp#27;[37m/wd/hub/session/be1d943a-e054-4516-acb5-456fb78acbbf/context&amp#27;[39m
&amp#27;[35m[HTTP]&amp#27;[39m &amp#27;[90m{}&amp#27;[39m
[debug] &amp#27;[35m[W3C (be1d943a)]&amp#27;[39m Calling AppiumDriver.getCurrentContext() with args: ["be1d943a-e054-4516-acb5-456fb78acbbf"]
[debug] &amp#27;[35m[W3C (be1d943a)]&amp#27;[39m Responding to client with driver.getCurrentContext() result: "NATIVE_APP"
&amp#27;[35m[HTTP]&amp#27;[39m &amp#27;[37m<-- GET /wd/hub/session/be1d943a-e054-4516-acb5-456fb78acbbf/context &amp#27;[39m&amp#27;[32m200&amp#27;[39m &amp#27;[90m1 ms - 22&amp#27;[39m
&amp#27;[35m[HTTP]&amp#27;[39m &amp#27;[90m&amp#27;[39m
&amp#27;[35m[HTTP]&amp#27;[39m &amp#27;[37m-->&amp#27;[39m &amp#27;[37mPOST&amp#27;[39m &amp#27;[37m/wd/hub/session/be1d943a-e054-4516-acb5-456fb78acbbf/elements&amp#27;[39m
&amp#27;[35m[HTTP]&amp#27;[39m &amp#27;[90m{"using":"xpath","value":"//*[@text='ADD TO CART']"}&amp#27;[39m
[debug] &amp#27;[35m[W3C (be1d943a)]&amp#27;[39m Calling AppiumDriver.findElements() with args: ["xpath","//*[@text='ADD TO CART']","be1d943a-e054-4516-acb5-456fb78acbbf"]
[debug] &amp#27;[35m[BaseDriver]&amp#27;[39m Valid locator strategies for this request: xpath, id, class name, accessibility id, css selector, -android uiautomator
[debug] &amp#27;[35m[BaseDriver]&amp#27;[39m Waiting up to 10000 ms for condition
[debug] &amp#27;[35m[WD Proxy]&amp#27;[39m Matched '/elements' to command name 'findElements'
[debug] &amp#27;[35m[WD Proxy]&amp#27;[39m Proxying [POST /elements] to [POST http://127.0.0.1:8200/wd/hub/session/70b958b8-c415-40ba-b5f4-d331cfef2962/elements] with body: {"strategy":"xpath","selector":"//*[@text='ADD TO CART']","context":"","multiple":true}
[debug] &amp#27;[35m[WD Proxy]&amp#27;[39m Got response with status 200: {"sessionId":"70b958b8-c415-40ba-b5f4-d331cfef2962","value":[{"ELEMENT":"572c02e3-5dfc-4673-9351-67b873a6455b","element-6066-11e4-a52e-4f735466cecf":"572c02e3-5dfc-4673-9351-67b873a6455b"}]}
[debug] &amp#27;[35m[W3C (be1d943a)]&amp#27;[39m Responding to client with driver.findElements() result: [{"element-6066-11e4-a52e-4f735466cecf":"572c02e3-5dfc-4673-9351-67b873a6455b","ELEMENT":"572c02e3-5dfc-4673-9351-67b873a6455b"}]
&amp#27;[35m[HTTP]&amp#27;[39m &amp#27;[37m<-- POST /wd/hub/session/be1d943a-e054-4516-acb5-456fb78acbbf/elements &amp#27;[39m&amp#27;[32m200&amp#27;[39m &amp#27;[90m76 ms - 139&amp#27;[39m
&amp#27;[35m[HTTP]&amp#27;[39m &amp#27;[90m&amp#27;[39m
&amp#27;[35m[HTTP]&amp#27;[39m &amp#27;[37m-->&amp#27;[39m &amp#27;[37mPOST&amp#27;[39m &amp#27;[37m/wd/hub/session/be1d943a-e054-4516-acb5-456fb78acbbf/element/572c02e3-5dfc-4673-9351-67b873a6455b/click&amp#27;[39m
&amp#27;[35m[HTTP]&amp#27;[39m &amp#27;[90m{"id":"572c02e3-5dfc-4673-9351-67b873a6455b"}&amp#27;[39m
[debug] &amp#27;[35m[W3C (be1d943a)]&amp#27;[39m Calling AppiumDriver.click() with args: ["572c02e3-5dfc-4673-9351-67b873a6455b","be1d943a-e054-4516-acb5-456fb78acbbf"]
[debug] &amp#27;[35m[WD Proxy]&amp#27;[39m Matched '/element/572c02e3-5dfc-4673-9351-67b873a6455b/click' to command name 'click'
[debug] &amp#27;[35m[WD Proxy]&amp#27;[39m Proxying [POST /element/572c02e3-5dfc-4673-9351-67b873a6455b/click] to [POST http://127.0.0.1:8200/wd/hub/session/70b958b8-c415-40ba-b5f4-d331cfef2962/element/572c02e3-5dfc-4673-9351-67b873a6455b/click] with body: {"element":"572c02e3-5dfc-4673-9351-67b873a6455b"}
[debug] &amp#27;[35m[WD Proxy]&amp#27;[39m Got response with status 200: {"sessionId":"70b958b8-c415-40ba-b5f4-d331cfef2962","value":null}
[debug] &amp#27;[35m[W3C (be1d943a)]&amp#27;[39m Responding to client with driver.click() result: null
&amp#27;[35m[HTTP]&amp#27;[39m &amp#27;[37m<-- POST /wd/hub/session/be1d943a-e054-4516-acb5-456fb78acbbf/element/572c02e3-5dfc-4673-9351-67b873a6455b/click &amp#27;[39m&amp#27;[32m200&amp#27;[39m &amp#27;[90m556 ms - 14&amp#27;[39m
&amp#27;[35m[HTTP]&amp#27;[39m &amp#27;[90m&amp#27;[39m
&amp#27;[35m[HTTP]&amp#27;[39m &amp#27;[37m-->&amp#27;[39m &amp#27;[37mGET&amp#27;[39m &amp#27;[37m/wd/hub/session/be1d943a-e054-4516-acb5-456fb78acbbf/context&amp#27;[39m
&amp#27;[35m[HTTP]&amp#27;[39m &amp#27;[90m{}&amp#27;[39m
[debug] &amp#27;[35m[W3C (be1d943a)]&amp#27;[39m Calling AppiumDriver.getCurrentContext() with args: ["be1d943a-e054-4516-acb5-456fb78acbbf"]
[debug] &amp#27;[35m[W3C (be1d943a)]&amp#27;[39m Responding to client with driver.getCurrentContext() result: "NATIVE_APP"
&amp#27;[35m[HTTP]&amp#27;[39m &amp#27;[37m<-- GET /wd/hub/session/be1d943a-e054-4516-acb5-456fb78acbbf/context &amp#27;[39m&amp#27;[32m200&amp#27;[39m &amp#27;[90m1 ms - 22&amp#27;[39m
&amp#27;[35m[HTTP]&amp#27;[39m &amp#27;[90m&amp#27;[39m
&amp#27;[35m[HTTP]&amp#27;[39m &amp#27;[37m-->&amp#27;[39m &amp#27;[37mPOST&amp#27;[39m &amp#27;[37m/wd/hub/session/be1d943a-e054-4516-acb5-456fb78acbbf/element&amp#27;[39m
&amp#27;[35m[HTTP]&amp#27;[39m &amp#27;[90m{"using":"id","value":"com.androidsample.generalstore:id/appbar_btn_cart"}&amp#27;[39m
[debug] &amp#27;[35m[W3C (be1d943a)]&amp#27;[39m Calling AppiumDriver.findElement() with args: ["id","com.androidsample.generalstore:id/appbar_btn_cart","be1d943a-e054-4516-acb5-456fb78acbbf"]
[debug] &amp#27;[35m[BaseDriver]&amp#27;[39m Valid locator strategies for this request: xpath, id, class name, accessibility id, css selector, -android uiautomator
[debug] &amp#27;[35m[BaseDriver]&amp#27;[39m Waiting up to 10000 ms for condition
[debug] &amp#27;[35m[WD Proxy]&amp#27;[39m Matched '/element' to command name 'findElement'
[debug] &amp#27;[35m[WD Proxy]&amp#27;[39m Proxying [POST /element] to [POST http://127.0.0.1:8200/wd/hub/session/70b958b8-c415-40ba-b5f4-d331cfef2962/element] with body: {"strategy":"id","selector":"com.androidsample.generalstore:id/appbar_btn_cart","context":"","multiple":false}
[debug] &amp#27;[35m[WD Proxy]&amp#27;[39m Got response with status 200: {"sessionId":"70b958b8-c415-40ba-b5f4-d331cfef2962","value":{"ELEMENT":"2db98eeb-aef9-436a-bfe1-15979569c45a","element-6066-11e4-a52e-4f735466cecf":"2db98eeb-aef9-436a-bfe1-15979569c45a"}}
[debug] &amp#27;[35m[W3C (be1d943a)]&amp#27;[39m Responding to client with driver.findElement() result: {"element-6066-11e4-a52e-4f735466cecf":"2db98eeb-aef9-436a-bfe1-15979569c45a","ELEMENT":"2db98eeb-aef9-436a-bfe1-15979569c45a"}
&amp#27;[35m[HTTP]&amp#27;[39m &amp#27;[37m<-- POST /wd/hub/session/be1d943a-e054-4516-acb5-456fb78acbbf/element &amp#27;[39m&amp#27;[32m200&amp#27;[39m &amp#27;[90m58 ms - 137&amp#27;[39m
&amp#27;[35m[HTTP]&amp#27;[39m &amp#27;[90m&amp#27;[39m
&amp#27;[35m[HTTP]&amp#27;[39m &amp#27;[37m-->&amp#27;[39m &amp#27;[37mPOST&amp#27;[39m &amp#27;[37m/wd/hub/session/be1d943a-e054-4516-acb5-456fb78acbbf/element/2db98eeb-aef9-436a-bfe1-15979569c45a/click&amp#27;[39m
&amp#27;[35m[HTTP]&amp#27;[39m &amp#27;[90m{"id":"2db98eeb-aef9-436a-bfe1-15979569c45a"}&amp#27;[39m
[debug] &amp#27;[35m[W3C (be1d943a)]&amp#27;[39m Calling AppiumDriver.click() with args: ["2db98eeb-aef9-436a-bfe1-15979569c45a","be1d943a-e054-4516-acb5-456fb78acbbf"]
[debug] &amp#27;[35m[WD Proxy]&amp#27;[39m Matched '/element/2db98eeb-aef9-436a-bfe1-15979569c45a/click' to command name 'click'
[debug] &amp#27;[35m[WD Proxy]&amp#27;[39m Proxying [POST /element/2db98eeb-aef9-436a-bfe1-15979569c45a/click] to [POST http://127.0.0.1:8200/wd/hub/session/70b958b8-c415-40ba-b5f4-d331cfef2962/element/2db98eeb-aef9-436a-bfe1-15979569c45a/click] with body: {"element":"2db98eeb-aef9-436a-bfe1-15979569c45a"}
[debug] &amp#27;[35m[WD Proxy]&amp#27;[39m Got response with status 200: {"sessionId":"70b958b8-c415-40ba-b5f4-d331cfef2962","value":null}
[debug] &amp#27;[35m[W3C (be1d943a)]&amp#27;[39m Responding to client with driver.click() result: null
&amp#27;[35m[HTTP]&amp#27;[39m &amp#27;[37m<-- POST /wd/hub/session/be1d943a-e054-4516-acb5-456fb78acbbf/element/2db98eeb-aef9-436a-bfe1-15979569c45a/click &amp#27;[39m&amp#27;[32m200&amp#27;[39m &amp#27;[90m48 ms - 14&amp#27;[39m
&amp#27;[35m[HTTP]&amp#27;[39m &amp#27;[90m&amp#27;[39m
&amp#27;[35m[HTTP]&amp#27;[39m &amp#27;[37m-->&amp#27;[39m &amp#27;[37mGET&amp#27;[39m &amp#27;[37m/wd/hub/session/be1d943a-e054-4516-acb5-456fb78acbbf/context&amp#27;[39m
&amp#27;[35m[HTTP]&amp#27;[39m &amp#27;[90m{}&amp#27;[39m
[debug] &amp#27;[35m[W3C (be1d943a)]&amp#27;[39m Calling AppiumDriver.getCurrentContext() with args: ["be1d943a-e054-4516-acb5-456fb78acbbf"]
[debug] &amp#27;[35m[W3C (be1d943a)]&amp#27;[39m Responding to client with driver.getCurrentContext() result: "NATIVE_APP"
&amp#27;[35m[HTTP]&amp#27;[39m &amp#27;[37m<-- GET /wd/hub/session/be1d943a-e054-4516-acb5-456fb78acbbf/context &amp#27;[39m&amp#27;[32m200&amp#27;[39m &amp#27;[90m2 ms - 22&amp#27;[39m
&amp#27;[35m[HTTP]&amp#27;[39m &amp#27;[90m&amp#27;[39m
&amp#27;[35m[HTTP]&amp#27;[39m &amp#27;[37m-->&amp#27;[39m &amp#27;[37mPOST&amp#27;[39m &amp#27;[37m/wd/hub/session/be1d943a-e054-4516-acb5-456fb78acbbf/elements&amp#27;[39m
&amp#27;[35m[HTTP]&amp#27;[39m &amp#27;[90m{"using":"id","value":"com.androidsample.generalstore:id/rvCartProductList"}&amp#27;[39m
[debug] &amp#27;[35m[W3C (be1d943a)]&amp#27;[39m Calling AppiumDriver.findElements() with args: ["id","com.androidsample.generalstore:id/rvCartProductList","be1d943a-e054-4516-acb5-456fb78acbbf"]
[debug] &amp#27;[35m[BaseDriver]&amp#27;[39m Valid locator strategies for this request: xpath, id, class name, accessibility id, css selector, -android uiautomator
[debug] &amp#27;[35m[BaseDriver]&amp#27;[39m Waiting up to 10000 ms for condition
[debug] &amp#27;[35m[WD Proxy]&amp#27;[39m Matched '/elements' to command name 'findElements'
[debug] &amp#27;[35m[WD Proxy]&amp#27;[39m Proxying [POST /elements] to [POST http://127.0.0.1:8200/wd/hub/session/70b958b8-c415-40ba-b5f4-d331cfef2962/elements] with body: {"strategy":"id","selector":"com.androidsample.generalstore:id/rvCartProductList","context":"","multiple":true}
[debug] &amp#27;[35m[WD Proxy]&amp#27;[39m Got response with status 200: {"sessionId":"70b958b8-c415-40ba-b5f4-d331cfef2962","value":[{"ELEMENT":"1ae1d980-2f43-4b01-bd25-062ed23732a5","element-6066-11e4-a52e-4f735466cecf":"1ae1d980-2f43-4b01-bd25-062ed23732a5"}]}
[debug] &amp#27;[35m[W3C (be1d943a)]&amp#27;[39m Responding to client with driver.findElements() result: [{"element-6066-11e4-a52e-4f735466cecf":"1ae1d980-2f43-4b01-bd25-062ed23732a5","ELEMENT":"1ae1d980-2f43-4b01-bd25-062ed23732a5"}]
&amp#27;[35m[HTTP]&amp#27;[39m &amp#27;[37m<-- POST /wd/hub/session/be1d943a-e054-4516-acb5-456fb78acbbf/elements &amp#27;[39m&amp#27;[32m200&amp#27;[39m &amp#27;[90m74 ms - 139&amp#27;[39m
&amp#27;[35m[HTTP]&amp#27;[39m &amp#27;[90m&amp#27;[39m
1
0
&amp#27;[35m[HTTP]&amp#27;[39m &amp#27;[37m-->&amp#27;[39m &amp#27;[37mGET&amp#27;[39m &amp#27;[37m/wd/hub/session/be1d943a-e054-4516-acb5-456fb78acbbf/context&amp#27;[39m
&amp#27;[35m[HTTP]&amp#27;[39m &amp#27;[90m{}&amp#27;[39m
[debug] &amp#27;[35m[W3C (be1d943a)]&amp#27;[39m Calling AppiumDriver.getCurrentContext() with args: ["be1d943a-e054-4516-acb5-456fb78acbbf"]
[debug] &amp#27;[35m[W3C (be1d943a)]&amp#27;[39m Responding to client with driver.getCurrentContext() result: "NATIVE_APP"
&amp#27;[35m[HTTP]&amp#27;[39m &amp#27;[37m<-- GET /wd/hub/session/be1d943a-e054-4516-acb5-456fb78acbbf/context &amp#27;[39m&amp#27;[32m200&amp#27;[39m &amp#27;[90m2 ms - 22&amp#27;[39m
&amp#27;[35m[HTTP]&amp#27;[39m &amp#27;[90m&amp#27;[39m
&amp#27;[35m[HTTP]&amp#27;[39m &amp#27;[37m-->&amp#27;[39m &amp#27;[37mPOST&amp#27;[39m &amp#27;[37m/wd/hub/session/be1d943a-e054-4516-acb5-456fb78acbbf/elements&amp#27;[39m
&amp#27;[35m[HTTP]&amp#27;[39m &amp#27;[90m{"using":"id","value":"com.androidsample.generalstore:id/productName"}&amp#27;[39m
[debug] &amp#27;[35m[W3C (be1d943a)]&amp#27;[39m Calling AppiumDriver.findElements() with args: ["id","com.androidsample.generalstore:id/productName","be1d943a-e054-4516-acb5-456fb78acbbf"]
[debug] &amp#27;[35m[BaseDriver]&amp#27;[39m Valid locator strategies for this request: xpath, id, class name, accessibility id, css selector, -android uiautomator
[debug] &amp#27;[35m[BaseDriver]&amp#27;[39m Waiting up to 10000 ms for condition
[debug] &amp#27;[35m[WD Proxy]&amp#27;[39m Matched '/elements' to command name 'findElements'
[debug] &amp#27;[35m[WD Proxy]&amp#27;[39m Proxying [POST /elements] to [POST http://127.0.0.1:8200/wd/hub/session/70b958b8-c415-40ba-b5f4-d331cfef2962/elements] with body: {"strategy":"id","selector":"com.androidsample.generalstore:id/productName","context":"","multiple":true}
[debug] &amp#27;[35m[WD Proxy]&amp#27;[39m Got response with status 200: {"sessionId":"70b958b8-c415-40ba-b5f4-d331cfef2962","value":[{"ELEMENT":"c8d6f436-6719-4fcb-9427-4cb20aaedf70","element-6066-11e4-a52e-4f735466cecf":"c8d6f436-6719-4fcb-9427-4cb20aaedf70"},{"ELEMENT":"28db1136-5b01-407d-9bbe-b5c1c986407f","element-6066-11e4-a52e-4f735466cecf":"28db1136-5b01-407d-9bbe-b5c1c986407f"}]}
[debug] &amp#27;[35m[W3C (be1d943a)]&amp#27;[39m Responding to client with driver.findElements() result: [{"element-6066-11e4-a52e-4f735466cecf":"c8d6f436-6719-4fcb-9427-4cb20aaedf70","ELEMENT":"c8d6f436-6719-4fcb-9427-4cb20aaedf70"},{"element-6066-11e4-a52e-4f735466cecf":"28db1136-5b01-407d-9bbe-b5c1c986407f","ELEMENT":"28db1136-5b01-407d-9bbe-b5c1c986407f"}]
&amp#27;[35m[HTTP]&amp#27;[39m &amp#27;[37m<-- POST /wd/hub/session/be1d943a-e054-4516-acb5-456fb78acbbf/elements &amp#27;[39m&amp#27;[32m200&amp#27;[39m &amp#27;[90m149 ms - 267&amp#27;[39m
&amp#27;[35m[HTTP]&amp#27;[39m &amp#27;[90m&amp#27;[39m
&amp#27;[35m[HTTP]&amp#27;[39m &amp#27;[37m-->&amp#27;[39m &amp#27;[37mGET&amp#27;[39m &amp#27;[37m/wd/hub/session/be1d943a-e054-4516-acb5-456fb78acbbf/element/c8d6f436-6719-4fcb-9427-4cb20aaedf70/text&amp#27;[39m
&amp#27;[35m[HTTP]&amp#27;[39m &amp#27;[90m{}&amp#27;[39m
&amp#27;[35m[W3C (be1d943a)]&amp#27;[39m Driver proxy active, passing request on via HTTP proxy
[debug] &amp#27;[35m[WD Proxy]&amp#27;[39m Matched '/wd/hub/session/be1d943a-e054-4516-acb5-456fb78acbbf/element/c8d6f436-6719-4fcb-9427-4cb20aaedf70/text' to command name 'getText'
[debug] &amp#27;[35m[WD Proxy]&amp#27;[39m Proxying [GET /wd/hub/session/be1d943a-e054-4516-acb5-456fb78acbbf/element/c8d6f436-6719-4fcb-9427-4cb20aaedf70/text] to [GET http://127.0.0.1:8200/wd/hub/session/70b958b8-c415-40ba-b5f4-d331cfef2962/element/c8d6f436-6719-4fcb-9427-4cb20aaedf70/text] with no body
[debug] &amp#27;[35m[WD Proxy]&amp#27;[39m Got response with status 200: {"sessionId":"70b958b8-c415-40ba-b5f4-d331cfef2962","value":"Air Jordan 4 Retro"}
&amp#27;[35m[WD Proxy]&amp#27;[39m Replacing sessionId 70b958b8-c415-40ba-b5f4-d331cfef2962 with be1d943a-e054-4516-acb5-456fb78acbbf
&amp#27;[35m[HTTP]&amp#27;[39m &amp#27;[37m<-- GET /wd/hub/session/be1d943a-e054-4516-acb5-456fb78acbbf/element/c8d6f436-6719-4fcb-9427-4cb20aaedf70/text &amp#27;[39m&amp#27;[32m200&amp#27;[39m &amp#27;[90m21 ms - 81&amp#27;[39m
&amp#27;[35m[HTTP]&amp#27;[39m &amp#27;[90m&amp#27;[39m
Air Jordan 4 Retro
&amp#27;[35m[HTTP]&amp#27;[39m &amp#27;[37m-->&amp#27;[39m &amp#27;[37mGET&amp#27;[39m &amp#27;[37m/wd/hub/session/be1d943a-e054-4516-acb5-456fb78acbbf/context&amp#27;[39m
&amp#27;[35m[HTTP]&amp#27;[39m &amp#27;[90m{}&amp#27;[39m
[debug] &amp#27;[35m[W3C (be1d943a)]&amp#27;[39m Calling AppiumDriver.getCurrentContext() with args: ["be1d943a-e054-4516-acb5-456fb78acbbf"]
[debug] &amp#27;[35m[W3C (be1d943a)]&amp#27;[39m Responding to client with driver.getCurrentContext() result: "NATIVE_APP"
&amp#27;[35m[HTTP]&amp#27;[39m &amp#27;[37m<-- GET /wd/hub/session/be1d943a-e054-4516-acb5-456fb78acbbf/context &amp#27;[39m&amp#27;[32m200&amp#27;[39m &amp#27;[90m2 ms - 22&amp#27;[39m
&amp#27;[35m[HTTP]&amp#27;[39m &amp#27;[90m&amp#27;[39m
&amp#27;[35m[HTTP]&amp#27;[39m &amp#27;[37m-->&amp#27;[39m &amp#27;[37mPOST&amp#27;[39m &amp#27;[37m/wd/hub/session/be1d943a-e054-4516-acb5-456fb78acbbf/elements&amp#27;[39m
&amp#27;[35m[HTTP]&amp#27;[39m &amp#27;[90m{"using":"id","value":"com.androidsample.generalstore:id/productPrice"}&amp#27;[39m
[debug] &amp#27;[35m[W3C (be1d943a)]&amp#27;[39m Calling AppiumDriver.findElements() with args: ["id","com.androidsample.generalstore:id/productPrice","be1d943a-e054-4516-acb5-456fb78acbbf"]
[debug] &amp#27;[35m[BaseDriver]&amp#27;[39m Valid locator strategies for this request: xpath, id, class name, accessibility id, css selector, -android uiautomator
[debug] &amp#27;[35m[BaseDriver]&amp#27;[39m Waiting up to 10000 ms for condition
[debug] &amp#27;[35m[WD Proxy]&amp#27;[39m Matched '/elements' to command name 'findElements'
[debug] &amp#27;[35m[WD Proxy]&amp#27;[39m Proxying [POST /elements] to [POST http://127.0.0.1:8200/wd/hub/session/70b958b8-c415-40ba-b5f4-d331cfef2962/elements] with body: {"strategy":"id","selector":"com.androidsample.generalstore:id/productPrice","context":"","multiple":true}
[debug] &amp#27;[35m[WD Proxy]&amp#27;[39m Got response with status 200: {"sessionId":"70b958b8-c415-40ba-b5f4-d331cfef2962","value":[{"ELEMENT":"b29ea311-aa4a-416b-a5cb-ad9f47dd33f6","element-6066-11e4-a52e-4f735466cecf":"b29ea311-aa4a-416b-a5cb-ad9f47dd33f6"},{"ELEMENT":"c4a60d44-a380-492a-baa3-1be306991cb6","element-6066-11e4-a52e-4f735466cecf":"c4a60d44-a380-492a-baa3-1be306991cb6"}]}
[debug] &amp#27;[35m[W3C (be1d943a)]&amp#27;[39m Responding to client with driver.findElements() result: [{"element-6066-11e4-a52e-4f735466cecf":"b29ea311-aa4a-416b-a5cb-ad9f47dd33f6","ELEMENT":"b29ea311-aa4a-416b-a5cb-ad9f47dd33f6"},{"element-6066-11e4-a52e-4f735466cecf":"c4a60d44-a380-492a-baa3-1be306991cb6","ELEMENT":"c4a60d44-a380-492a-baa3-1be306991cb6"}]
&amp#27;[35m[HTTP]&amp#27;[39m &amp#27;[37m<-- POST /wd/hub/session/be1d943a-e054-4516-acb5-456fb78acbbf/elements &amp#27;[39m&amp#27;[32m200&amp#27;[39m &amp#27;[90m150 ms - 267&amp#27;[39m
&amp#27;[35m[HTTP]&amp#27;[39m &amp#27;[90m&amp#27;[39m
&amp#27;[35m[HTTP]&amp#27;[39m &amp#27;[37m-->&amp#27;[39m &amp#27;[37mGET&amp#27;[39m &amp#27;[37m/wd/hub/session/be1d943a-e054-4516-acb5-456fb78acbbf/element/b29ea311-aa4a-416b-a5cb-ad9f47dd33f6/text&amp#27;[39m
&amp#27;[35m[HTTP]&amp#27;[39m &amp#27;[90m{}&amp#27;[39m
&amp#27;[35m[W3C (be1d943a)]&amp#27;[39m Driver proxy active, passing request on via HTTP proxy
[debug] &amp#27;[35m[WD Proxy]&amp#27;[39m Matched '/wd/hub/session/be1d943a-e054-4516-acb5-456fb78acbbf/element/b29ea311-aa4a-416b-a5cb-ad9f47dd33f6/text' to command name 'getText'
[debug] &amp#27;[35m[WD Proxy]&amp#27;[39m Proxying [GET /wd/hub/session/be1d943a-e054-4516-acb5-456fb78acbbf/element/b29ea311-aa4a-416b-a5cb-ad9f47dd33f6/text] to [GET http://127.0.0.1:8200/wd/hub/session/70b958b8-c415-40ba-b5f4-d331cfef2962/element/b29ea311-aa4a-416b-a5cb-ad9f47dd33f6/text] with no body
[debug] &amp#27;[35m[WD Proxy]&amp#27;[39m Got response with status 200: {"sessionId":"70b958b8-c415-40ba-b5f4-d331cfef2962","value":"$160.97"}
&amp#27;[35m[WD Proxy]&amp#27;[39m Replacing sessionId 70b958b8-c415-40ba-b5f4-d331cfef2962 with be1d943a-e054-4516-acb5-456fb78acbbf
$160.97
1
&amp#27;[35m[HTTP]&amp#27;[39m &amp#27;[37m<-- GET /wd/hub/session/be1d943a-e054-4516-acb5-456fb78acbbf/element/b29ea311-aa4a-416b-a5cb-ad9f47dd33f6/text &amp#27;[39m&amp#27;[32m200&amp#27;[39m &amp#27;[90m22 ms - 70&amp#27;[39m
&amp#27;[35m[HTTP]&amp#27;[39m &amp#27;[90m&amp#27;[39m
&amp#27;[35m[HTTP]&amp#27;[39m &amp#27;[37m-->&amp#27;[39m &amp#27;[37mGET&amp#27;[39m &amp#27;[37m/wd/hub/session/be1d943a-e054-4516-acb5-456fb78acbbf/context&amp#27;[39m
&amp#27;[35m[HTTP]&amp#27;[39m &amp#27;[90m{}&amp#27;[39m
[debug] &amp#27;[35m[W3C (be1d943a)]&amp#27;[39m Calling AppiumDriver.getCurrentContext() with args: ["be1d943a-e054-4516-acb5-456fb78acbbf"]
[debug] &amp#27;[35m[W3C (be1d943a)]&amp#27;[39m Responding to client with driver.getCurrentContext() result: "NATIVE_APP"
&amp#27;[35m[HTTP]&amp#27;[39m &amp#27;[37m<-- GET /wd/hub/session/be1d943a-e054-4516-acb5-456fb78acbbf/context &amp#27;[39m&amp#27;[32m200&amp#27;[39m &amp#27;[90m2 ms - 22&amp#27;[39m
&amp#27;[35m[HTTP]&amp#27;[39m &amp#27;[90m&amp#27;[39m
&amp#27;[35m[HTTP]&amp#27;[39m &amp#27;[37m-->&amp#27;[39m &amp#27;[37mPOST&amp#27;[39m &amp#27;[37m/wd/hub/session/be1d943a-e054-4516-acb5-456fb78acbbf/elements&amp#27;[39m
&amp#27;[35m[HTTP]&amp#27;[39m &amp#27;[90m{"using":"id","value":"com.androidsample.generalstore:id/productName"}&amp#27;[39m
[debug] &amp#27;[35m[W3C (be1d943a)]&amp#27;[39m Calling AppiumDriver.findElements() with args: ["id","com.androidsample.generalstore:id/productName","be1d943a-e054-4516-acb5-456fb78acbbf"]
[debug] &amp#27;[35m[BaseDriver]&amp#27;[39m Valid locator strategies for this request: xpath, id, class name, accessibility id, css selector, -android uiautomator
[debug] &amp#27;[35m[BaseDriver]&amp#27;[39m Waiting up to 10000 ms for condition
[debug] &amp#27;[35m[WD Proxy]&amp#27;[39m Matched '/elements' to command name 'findElements'
[debug] &amp#27;[35m[WD Proxy]&amp#27;[39m Proxying [POST /elements] to [POST http://127.0.0.1:8200/wd/hub/session/70b958b8-c415-40ba-b5f4-d331cfef2962/elements] with body: {"strategy":"id","selector":"com.androidsample.generalstore:id/productName","context":"","multiple":true}
[debug] &amp#27;[35m[WD Proxy]&amp#27;[39m Got response with status 200: {"sessionId":"70b958b8-c415-40ba-b5f4-d331cfef2962","value":[{"ELEMENT":"c8d6f436-6719-4fcb-9427-4cb20aaedf70","element-6066-11e4-a52e-4f735466cecf":"c8d6f436-6719-4fcb-9427-4cb20aaedf70"},{"ELEMENT":"28db1136-5b01-407d-9bbe-b5c1c986407f","element-6066-11e4-a52e-4f735466cecf":"28db1136-5b01-407d-9bbe-b5c1c986407f"}]}
[debug] &amp#27;[35m[W3C (be1d943a)]&amp#27;[39m Responding to client with driver.findElements() result: [{"element-6066-11e4-a52e-4f735466cecf":"c8d6f436-6719-4fcb-9427-4cb20aaedf70","ELEMENT":"c8d6f436-6719-4fcb-9427-4cb20aaedf70"},{"element-6066-11e4-a52e-4f735466cecf":"28db1136-5b01-407d-9bbe-b5c1c986407f","ELEMENT":"28db1136-5b01-407d-9bbe-b5c1c986407f"}]
&amp#27;[35m[HTTP]&amp#27;[39m &amp#27;[37m<-- POST /wd/hub/session/be1d943a-e054-4516-acb5-456fb78acbbf/elements &amp#27;[39m&amp#27;[32m200&amp#27;[39m &amp#27;[90m144 ms - 267&amp#27;[39m
&amp#27;[35m[HTTP]&amp#27;[39m &amp#27;[90m&amp#27;[39m
&amp#27;[35m[HTTP]&amp#27;[39m &amp#27;[37m-->&amp#27;[39m &amp#27;[37mGET&amp#27;[39m &amp#27;[37m/wd/hub/session/be1d943a-e054-4516-acb5-456fb78acbbf/element/28db1136-5b01-407d-9bbe-b5c1c986407f/text&amp#27;[39m
&amp#27;[35m[HTTP]&amp#27;[39m &amp#27;[90m{}&amp#27;[39m
&amp#27;[35m[W3C (be1d943a)]&amp#27;[39m Driver proxy active, passing request on via HTTP proxy
[debug] &amp#27;[35m[WD Proxy]&amp#27;[39m Matched '/wd/hub/session/be1d943a-e054-4516-acb5-456fb78acbbf/element/28db1136-5b01-407d-9bbe-b5c1c986407f/text' to command name 'getText'
[debug] &amp#27;[35m[WD Proxy]&amp#27;[39m Proxying [GET /wd/hub/session/be1d943a-e054-4516-acb5-456fb78acbbf/element/28db1136-5b01-407d-9bbe-b5c1c986407f/text] to [GET http://127.0.0.1:8200/wd/hub/session/70b958b8-c415-40ba-b5f4-d331cfef2962/element/28db1136-5b01-407d-9bbe-b5c1c986407f/text] with no body
[debug] &amp#27;[35m[WD Proxy]&amp#27;[39m Got response with status 200: {"sessionId":"70b958b8-c415-40ba-b5f4-d331cfef2962","value":"Air Jordan 1 Mid SE"}
&amp#27;[35m[WD Proxy]&amp#27;[39m Replacing sessionId 70b958b8-c415-40ba-b5f4-d331cfef2962 with be1d943a-e054-4516-acb5-456fb78acbbf
&amp#27;[35m[HTTP]&amp#27;[39m &amp#27;[37m<-- GET /wd/hub/session/be1d943a-e054-4516-acb5-456fb78acbbf/element/28db1136-5b01-407d-9bbe-b5c1c986407f/text &amp#27;[39m&amp#27;[32m200&amp#27;[39m &amp#27;[90m21 ms - 82&amp#27;[39m
&amp#27;[35m[HTTP]&amp#27;[39m &amp#27;[90m&amp#27;[39m
Air Jordan 1 Mid SE
&amp#27;[35m[HTTP]&amp#27;[39m &amp#27;[37m-->&amp#27;[39m &amp#27;[37mGET&amp#27;[39m &amp#27;[37m/wd/hub/session/be1d943a-e054-4516-acb5-456fb78acbbf/context&amp#27;[39m
&amp#27;[35m[HTTP]&amp#27;[39m &amp#27;[90m{}&amp#27;[39m
[debug] &amp#27;[35m[W3C (be1d943a)]&amp#27;[39m Calling AppiumDriver.getCurrentContext() with args: ["be1d943a-e054-4516-acb5-456fb78acbbf"]
[debug] &amp#27;[35m[W3C (be1d943a)]&amp#27;[39m Responding to client with driver.getCurrentContext() result: "NATIVE_APP"
&amp#27;[35m[HTTP]&amp#27;[39m &amp#27;[37m<-- GET /wd/hub/session/be1d943a-e054-4516-acb5-456fb78acbbf/context &amp#27;[39m&amp#27;[32m200&amp#27;[39m &amp#27;[90m2 ms - 22&amp#27;[39m
&amp#27;[35m[HTTP]&amp#27;[39m &amp#27;[90m&amp#27;[39m
&amp#27;[35m[HTTP]&amp#27;[39m &amp#27;[37m-->&amp#27;[39m &amp#27;[37mPOST&amp#27;[39m &amp#27;[37m/wd/hub/session/be1d943a-e054-4516-acb5-456fb78acbbf/elements&amp#27;[39m
&amp#27;[35m[HTTP]&amp#27;[39m &amp#27;[90m{"using":"id","value":"com.androidsample.generalstore:id/productPrice"}&amp#27;[39m
[debug] &amp#27;[35m[W3C (be1d943a)]&amp#27;[39m Calling AppiumDriver.findElements() with args: ["id","com.androidsample.generalstore:id/productPrice","be1d943a-e054-4516-acb5-456fb78acbbf"]
[debug] &amp#27;[35m[BaseDriver]&amp#27;[39m Valid locator strategies for this request: xpath, id, class name, accessibility id, css selector, -android uiautomator
[debug] &amp#27;[35m[BaseDriver]&amp#27;[39m Waiting up to 10000 ms for condition
[debug] &amp#27;[35m[WD Proxy]&amp#27;[39m Matched '/elements' to command name 'findElements'
[debug] &amp#27;[35m[WD Proxy]&amp#27;[39m Proxying [POST /elements] to [POST http://127.0.0.1:8200/wd/hub/session/70b958b8-c415-40ba-b5f4-d331cfef2962/elements] with body: {"strategy":"id","selector":"com.androidsample.generalstore:id/productPrice","context":"","multiple":true}
[debug] &amp#27;[35m[WD Proxy]&amp#27;[39m Got response with status 200: {"sessionId":"70b958b8-c415-40ba-b5f4-d331cfef2962","value":[{"ELEMENT":"b29ea311-aa4a-416b-a5cb-ad9f47dd33f6","element-6066-11e4-a52e-4f735466cecf":"b29ea311-aa4a-416b-a5cb-ad9f47dd33f6"},{"ELEMENT":"c4a60d44-a380-492a-baa3-1be306991cb6","element-6066-11e4-a52e-4f735466cecf":"c4a60d44-a380-492a-baa3-1be306991cb6"}]}
[debug] &amp#27;[35m[W3C (be1d943a)]&amp#27;[39m Responding to client with driver.findElements() result: [{"element-6066-11e4-a52e-4f735466cecf":"b29ea311-aa4a-416b-a5cb-ad9f47dd33f6","ELEMENT":"b29ea311-aa4a-416b-a5cb-ad9f47dd33f6"},{"element-6066-11e4-a52e-4f735466cecf":"c4a60d44-a380-492a-baa3-1be306991cb6","ELEMENT":"c4a60d44-a380-492a-baa3-1be306991cb6"}]
&amp#27;[35m[HTTP]&amp#27;[39m &amp#27;[37m<-- POST /wd/hub/session/be1d943a-e054-4516-acb5-456fb78acbbf/elements &amp#27;[39m&amp#27;[32m200&amp#27;[39m &amp#27;[90m156 ms - 267&amp#27;[39m
&amp#27;[35m[HTTP]&amp#27;[39m &amp#27;[90m&amp#27;[39m
&amp#27;[35m[HTTP]&amp#27;[39m &amp#27;[37m-->&amp#27;[39m &amp#27;[37mGET&amp#27;[39m &amp#27;[37m/wd/hub/session/be1d943a-e054-4516-acb5-456fb78acbbf/element/c4a60d44-a380-492a-baa3-1be306991cb6/text&amp#27;[39m
&amp#27;[35m[HTTP]&amp#27;[39m &amp#27;[90m{}&amp#27;[39m
&amp#27;[35m[W3C (be1d943a)]&amp#27;[39m Driver proxy active, passing request on via HTTP proxy
[debug] &amp#27;[35m[WD Proxy]&amp#27;[39m Matched '/wd/hub/session/be1d943a-e054-4516-acb5-456fb78acbbf/element/c4a60d44-a380-492a-baa3-1be306991cb6/text' to command name 'getText'
[debug] &amp#27;[35m[WD Proxy]&amp#27;[39m Proxying [GET /wd/hub/session/be1d943a-e054-4516-acb5-456fb78acbbf/element/c4a60d44-a380-492a-baa3-1be306991cb6/text] to [GET http://127.0.0.1:8200/wd/hub/session/70b958b8-c415-40ba-b5f4-d331cfef2962/element/c4a60d44-a380-492a-baa3-1be306991cb6/text] with no body
[debug] &amp#27;[35m[WD Proxy]&amp#27;[39m Got response with status 200: {"sessionId":"70b958b8-c415-40ba-b5f4-d331cfef2962","value":"$120.0"}
&amp#27;[35m[WD Proxy]&amp#27;[39m Replacing sessionId 70b958b8-c415-40ba-b5f4-d331cfef2962 with be1d943a-e054-4516-acb5-456fb78acbbf
&amp#27;[35m[HTTP]&amp#27;[39m &amp#27;[37m<-- GET /wd/hub/session/be1d943a-e054-4516-acb5-456fb78acbbf/element/c4a60d44-a380-492a-baa3-1be306991cb6/text &amp#27;[39m&amp#27;[32m200&amp#27;[39m &amp#27;[90m17 ms - 69&amp#27;[39m
&amp#27;[35m[HTTP]&amp#27;[39m &amp#27;[90m&amp#27;[39m
$120.0
280.97
&amp#27;[35m[HTTP]&amp#27;[39m &amp#27;[37m-->&amp#27;[39m &amp#27;[37mGET&amp#27;[39m &amp#27;[37m/wd/hub/session/be1d943a-e054-4516-acb5-456fb78acbbf/context&amp#27;[39m
&amp#27;[35m[HTTP]&amp#27;[39m &amp#27;[90m{}&amp#27;[39m
[debug] &amp#27;[35m[W3C (be1d943a)]&amp#27;[39m Calling AppiumDriver.getCurrentContext() with args: ["be1d943a-e054-4516-acb5-456fb78acbbf"]
[debug] &amp#27;[35m[W3C (be1d943a)]&amp#27;[39m Responding to client with driver.getCurrentContext() result: "NATIVE_APP"
&amp#27;[35m[HTTP]&amp#27;[39m &amp#27;[37m<-- GET /wd/hub/session/be1d943a-e054-4516-acb5-456fb78acbbf/context &amp#27;[39m&amp#27;[32m200&amp#27;[39m &amp#27;[90m2 ms - 22&amp#27;[39m
&amp#27;[35m[HTTP]&amp#27;[39m &amp#27;[90m&amp#27;[39m
&amp#27;[35m[HTTP]&amp#27;[39m &amp#27;[37m-->&amp#27;[39m &amp#27;[37mPOST&amp#27;[39m &amp#27;[37m/wd/hub/session/be1d943a-e054-4516-acb5-456fb78acbbf/element&amp#27;[39m
&amp#27;[35m[HTTP]&amp#27;[39m &amp#27;[90m{"using":"id","value":"com.androidsample.generalstore:id/totalAmountLbl"}&amp#27;[39m
[debug] &amp#27;[35m[W3C (be1d943a)]&amp#27;[39m Calling AppiumDriver.findElement() with args: ["id","com.androidsample.generalstore:id/totalAmountLbl","be1d943a-e054-4516-acb5-456fb78acbbf"]
[debug] &amp#27;[35m[BaseDriver]&amp#27;[39m Valid locator strategies for this request: xpath, id, class name, accessibility id, css selector, -android uiautomator
[debug] &amp#27;[35m[BaseDriver]&amp#27;[39m Waiting up to 10000 ms for condition
[debug] &amp#27;[35m[WD Proxy]&amp#27;[39m Matched '/element' to command name 'findElement'
[debug] &amp#27;[35m[WD Proxy]&amp#27;[39m Proxying [POST /element] to [POST http://127.0.0.1:8200/wd/hub/session/70b958b8-c415-40ba-b5f4-d331cfef2962/element] with body: {"strategy":"id","selector":"com.androidsample.generalstore:id/totalAmountLbl","context":"","multiple":false}
[debug] &amp#27;[35m[WD Proxy]&amp#27;[39m Got response with status 200: {"sessionId":"70b958b8-c415-40ba-b5f4-d331cfef2962","value":{"ELEMENT":"8a15ec55-a14d-47c9-af61-917f43f4e2d6","element-6066-11e4-a52e-4f735466cecf":"8a15ec55-a14d-47c9-af61-917f43f4e2d6"}}
[debug] &amp#27;[35m[W3C (be1d943a)]&amp#27;[39m Responding to client with driver.findElement() result: {"element-6066-11e4-a52e-4f735466cecf":"8a15ec55-a14d-47c9-af61-917f43f4e2d6","ELEMENT":"8a15ec55-a14d-47c9-af61-917f43f4e2d6"}
&amp#27;[35m[HTTP]&amp#27;[39m &amp#27;[37m<-- POST /wd/hub/session/be1d943a-e054-4516-acb5-456fb78acbbf/element &amp#27;[39m&amp#27;[32m200&amp#27;[39m &amp#27;[90m83 ms - 137&amp#27;[39m
&amp#27;[35m[HTTP]&amp#27;[39m &amp#27;[90m&amp#27;[39m
&amp#27;[35m[HTTP]&amp#27;[39m &amp#27;[37m-->&amp#27;[39m &amp#27;[37mGET&amp#27;[39m &amp#27;[37m/wd/hub/session/be1d943a-e054-4516-acb5-456fb78acbbf/element/8a15ec55-a14d-47c9-af61-917f43f4e2d6/text&amp#27;[39m
&amp#27;[35m[HTTP]&amp#27;[39m &amp#27;[90m{}&amp#27;[39m
&amp#27;[35m[W3C (be1d943a)]&amp#27;[39m Driver proxy active, passing request on via HTTP proxy
[debug] &amp#27;[35m[WD Proxy]&amp#27;[39m Matched '/wd/hub/session/be1d943a-e054-4516-acb5-456fb78acbbf/element/8a15ec55-a14d-47c9-af61-917f43f4e2d6/text' to command name 'getText'
[debug] &amp#27;[35m[WD Proxy]&amp#27;[39m Proxying [GET /wd/hub/session/be1d943a-e054-4516-acb5-456fb78acbbf/element/8a15ec55-a14d-47c9-af61-917f43f4e2d6/text] to [GET http://127.0.0.1:8200/wd/hub/session/70b958b8-c415-40ba-b5f4-d331cfef2962/element/8a15ec55-a14d-47c9-af61-917f43f4e2d6/text] with no body
[debug] &amp#27;[35m[WD Proxy]&amp#27;[39m Got response with status 200: {"sessionId":"70b958b8-c415-40ba-b5f4-d331cfef2962","value":"$ 280.97"}
&amp#27;[35m[WD Proxy]&amp#27;[39m Replacing sessionId 70b958b8-c415-40ba-b5f4-d331cfef2962 with be1d943a-e054-4516-acb5-456fb78acbbf
&amp#27;[35m[HTTP]&amp#27;[39m &amp#27;[37m<-- GET /wd/hub/session/be1d943a-e054-4516-acb5-456fb78acbbf/element/8a15ec55-a14d-47c9-af61-917f43f4e2d6/text &amp#27;[39m&amp#27;[32m200&amp#27;[39m &amp#27;[90m22 ms - 71&amp#27;[39m
&amp#27;[35m[HTTP]&amp#27;[39m &amp#27;[90m&amp#27;[39m
&amp#27;[35m[HTTP]&amp#27;[39m &amp#27;[37m-->&amp#27;[39m &amp#27;[37mPOST&amp#27;[39m &amp#27;[37m/wd/hub/session/be1d943a-e054-4516-acb5-456fb78acbbf/element&amp#27;[39m
&amp#27;[35m[HTTP]&amp#27;[39m &amp#27;[90m{"using":"class name","value":"android.widget.CheckBox"}&amp#27;[39m
[debug] &amp#27;[35m[W3C (be1d943a)]&amp#27;[39m Calling AppiumDriver.findElement() with args: ["class name","android.widget.CheckBox","be1d943a-e054-4516-acb5-456fb78acbbf"]
[debug] &amp#27;[35m[BaseDriver]&amp#27;[39m Valid locator strategies for this request: xpath, id, class name, accessibility id, css selector, -android uiautomator
[debug] &amp#27;[35m[BaseDriver]&amp#27;[39m Waiting up to 10000 ms for condition
[debug] &amp#27;[35m[WD Proxy]&amp#27;[39m Matched '/element' to command name 'findElement'
[debug] &amp#27;[35m[WD Proxy]&amp#27;[39m Proxying [POST /element] to [POST http://127.0.0.1:8200/wd/hub/session/70b958b8-c415-40ba-b5f4-d331cfef2962/element] with body: {"strategy":"class name","selector":"android.widget.CheckBox","context":"","multiple":false}
[debug] &amp#27;[35m[WD Proxy]&amp#27;[39m Got response with status 200: {"sessionId":"70b958b8-c415-40ba-b5f4-d331cfef2962","value":{"ELEMENT":"7200136a-d793-4e4b-8d9f-109014424905","element-6066-11e4-a52e-4f735466cecf":"7200136a-d793-4e4b-8d9f-109014424905"}}
[debug] &amp#27;[35m[W3C (be1d943a)]&amp#27;[39m Responding to client with driver.findElement() result: {"element-6066-11e4-a52e-4f735466cecf":"7200136a-d793-4e4b-8d9f-109014424905","ELEMENT":"7200136a-d793-4e4b-8d9f-109014424905"}
&amp#27;[35m[HTTP]&amp#27;[39m &amp#27;[37m<-- POST /wd/hub/session/be1d943a-e054-4516-acb5-456fb78acbbf/element &amp#27;[39m&amp#27;[32m200&amp#27;[39m &amp#27;[90m96 ms - 137&amp#27;[39m
&amp#27;[35m[HTTP]&amp#27;[39m &amp#27;[90m&amp#27;[39m
&amp#27;[35m[HTTP]&amp#27;[39m &amp#27;[37m-->&amp#27;[39m &amp#27;[37mPOST&amp#27;[39m &amp#27;[37m/wd/hub/session/be1d943a-e054-4516-acb5-456fb78acbbf/touch/perform&amp#27;[39m
&amp#27;[35m[HTTP]&amp#27;[39m &amp#27;[90m{"actions":[{"action":"tap","options":{"element":"7200136a-d793-4e4b-8d9f-109014424905"}}]}&amp#27;[39m
[debug] &amp#27;[35m[W3C (be1d943a)]&amp#27;[39m Calling AppiumDriver.performTouch() with args: [[{"action":"tap","options":{"element":"7200136a-d793-4e4b-8d9f-109014424905"}}],"be1d943a-e054-4516-acb5-456fb78acbbf"]
&amp#27;[35m[UiAutomator2]&amp#27;[39m calling get location: 7200136a-d793-4e4b-8d9f-109014424905
[debug] &amp#27;[35m[WD Proxy]&amp#27;[39m Matched '/element/7200136a-d793-4e4b-8d9f-109014424905/location' to command name 'getLocation'
[debug] &amp#27;[35m[WD Proxy]&amp#27;[39m Proxying [GET /element/7200136a-d793-4e4b-8d9f-109014424905/location] to [GET http://127.0.0.1:8200/wd/hub/session/70b958b8-c415-40ba-b5f4-d331cfef2962/element/7200136a-d793-4e4b-8d9f-109014424905/location] with no body
[debug] &amp#27;[35m[WD Proxy]&amp#27;[39m Got response with status 200: {"sessionId":"70b958b8-c415-40ba-b5f4-d331cfef2962","value":{"x":44,"y":1650}}
[debug] &amp#27;[35m[WD Proxy]&amp#27;[39m Matched '/element/7200136a-d793-4e4b-8d9f-109014424905/size' to command name 'getSize'
[debug] &amp#27;[35m[WD Proxy]&amp#27;[39m Proxying [GET /element/7200136a-d793-4e4b-8d9f-109014424905/size] to [GET http://127.0.0.1:8200/wd/hub/session/70b958b8-c415-40ba-b5f4-d331cfef2962/element/7200136a-d793-4e4b-8d9f-109014424905/size] with no body
[debug] &amp#27;[35m[WD Proxy]&amp#27;[39m Got response with status 200: {"sessionId":"70b958b8-c415-40ba-b5f4-d331cfef2962","value":{"height":88,"width":975}}
[debug] &amp#27;[35m[WD Proxy]&amp#27;[39m Proxying [POST /appium/tap] to [POST http://127.0.0.1:8200/wd/hub/session/70b958b8-c415-40ba-b5f4-d331cfef2962/appium/tap] with body: {"x":531.5,"y":1694,"undefined":null}
[debug] &amp#27;[35m[WD Proxy]&amp#27;[39m Got response with status 200: {"sessionId":"70b958b8-c415-40ba-b5f4-d331cfef2962","value":null}
[debug] &amp#27;[35m[W3C (be1d943a)]&amp#27;[39m Responding to client with driver.performTouch() result: null
&amp#27;[35m[HTTP]&amp#27;[39m &amp#27;[37m<-- POST /wd/hub/session/be1d943a-e054-4516-acb5-456fb78acbbf/touch/perform &amp#27;[39m&amp#27;[32m200&amp#27;[39m &amp#27;[90m187 ms - 14&amp#27;[39m
&amp#27;[35m[HTTP]&amp#27;[39m &amp#27;[90m&amp#27;[39m
&amp#27;[35m[HTTP]&amp#27;[39m &amp#27;[37m-->&amp#27;[39m &amp#27;[37mPOST&amp#27;[39m &amp#27;[37m/wd/hub/session/be1d943a-e054-4516-acb5-456fb78acbbf/element&amp#27;[39m
&amp#27;[35m[HTTP]&amp#27;[39m &amp#27;[90m{"using":"xpath","value":"//*[@text='Please read our terms of conditions']"}&amp#27;[39m
[debug] &amp#27;[35m[W3C (be1d943a)]&amp#27;[39m Calling AppiumDriver.findElement() with args: ["xpath","//*[@text='Please read our terms of conditions']","be1d943a-e054-4516-acb5-456fb78acbbf"]
[debug] &amp#27;[35m[BaseDriver]&amp#27;[39m Valid locator strategies for this request: xpath, id, class name, accessibility id, css selector, -android uiautomator
[debug] &amp#27;[35m[BaseDriver]&amp#27;[39m Waiting up to 10000 ms for condition
[debug] &amp#27;[35m[WD Proxy]&amp#27;[39m Matched '/element' to command name 'findElement'
[debug] &amp#27;[35m[WD Proxy]&amp#27;[39m Proxying [POST /element] to [POST http://127.0.0.1:8200/wd/hub/session/70b958b8-c415-40ba-b5f4-d331cfef2962/element] with body: {"strategy":"xpath","selector":"//*[@text='Please read our terms of conditions']","context":"","multiple":false}
[debug] &amp#27;[35m[WD Proxy]&amp#27;[39m Got response with status 200: {"sessionId":"70b958b8-c415-40ba-b5f4-d331cfef2962","value":{"ELEMENT":"e96cf2b6-9c20-4474-b285-9260ffe40d47","element-6066-11e4-a52e-4f735466cecf":"e96cf2b6-9c20-4474-b285-9260ffe40d47"}}
[debug] &amp#27;[35m[W3C (be1d943a)]&amp#27;[39m Responding to client with driver.findElement() result: {"element-6066-11e4-a52e-4f735466cecf":"e96cf2b6-9c20-4474-b285-9260ffe40d47","ELEMENT":"e96cf2b6-9c20-4474-b285-9260ffe40d47"}
&amp#27;[35m[HTTP]&amp#27;[39m &amp#27;[37m<-- POST /wd/hub/session/be1d943a-e054-4516-acb5-456fb78acbbf/element &amp#27;[39m&amp#27;[32m200&amp#27;[39m &amp#27;[90m703 ms - 137&amp#27;[39m
&amp#27;[35m[HTTP]&amp#27;[39m &amp#27;[90m&amp#27;[39m
&amp#27;[35m[HTTP]&amp#27;[39m &amp#27;[37m-->&amp#27;[39m &amp#27;[37mPOST&amp#27;[39m &amp#27;[37m/wd/hub/session/be1d943a-e054-4516-acb5-456fb78acbbf/touch/perform&amp#27;[39m
&amp#27;[35m[HTTP]&amp#27;[39m &amp#27;[90m{"actions":[{"action":"longPress","options":{"duration":2000,"element":"e96cf2b6-9c20-4474-b285-9260ffe40d47"}},{"action":"release","options":{}}]}&amp#27;[39m
[debug] &amp#27;[35m[W3C (be1d943a)]&amp#27;[39m Calling AppiumDriver.performTouch() with args: [[{"action":"longPress","options":{"duration":2000,"element":"e96cf2b6-9c20-4474-b285-9260ffe40d47"}},{"action":"release","options":{}}],"be1d943a-e054-4516-acb5-456fb78acbbf"]
&amp#27;[35m[UiAutomator2]&amp#27;[39m calling get location: e96cf2b6-9c20-4474-b285-9260ffe40d47
[debug] &amp#27;[35m[WD Proxy]&amp#27;[39m Matched '/element/e96cf2b6-9c20-4474-b285-9260ffe40d47/location' to command name 'getLocation'
[debug] &amp#27;[35m[WD Proxy]&amp#27;[39m Proxying [GET /element/e96cf2b6-9c20-4474-b285-9260ffe40d47/location] to [GET http://127.0.0.1:8200/wd/hub/session/70b958b8-c415-40ba-b5f4-d331cfef2962/element/e96cf2b6-9c20-4474-b285-9260ffe40d47/location] with no body
[debug] &amp#27;[35m[WD Proxy]&amp#27;[39m Got response with status 200: {"sessionId":"70b958b8-c415-40ba-b5f4-d331cfef2962","value":{"x":55,"y":1983}}
[debug] &amp#27;[35m[WD Proxy]&amp#27;[39m Matched '/element/e96cf2b6-9c20-4474-b285-9260ffe40d47/size' to command name 'getSize'
[debug] &amp#27;[35m[WD Proxy]&amp#27;[39m Proxying [GET /element/e96cf2b6-9c20-4474-b285-9260ffe40d47/size] to [GET http://127.0.0.1:8200/wd/hub/session/70b958b8-c415-40ba-b5f4-d331cfef2962/element/e96cf2b6-9c20-4474-b285-9260ffe40d47/size] with no body
[debug] &amp#27;[35m[WD Proxy]&amp#27;[39m Got response with status 200: {"sessionId":"70b958b8-c415-40ba-b5f4-d331cfef2962","value":{"height":83,"width":970}}
[debug] &amp#27;[35m[WD Proxy]&amp#27;[39m Matched '/touch/longclick' to command name 'touchLongClick'
[debug] &amp#27;[35m[WD Proxy]&amp#27;[39m Proxying [POST /touch/longclick] to [POST http://127.0.0.1:8200/wd/hub/session/70b958b8-c415-40ba-b5f4-d331cfef2962/touch/longclick] with body: {"params":{"element":null,"x":540,"y":2024.5,"duration":2000}}
[debug] &amp#27;[35m[WD Proxy]&amp#27;[39m Got response with status 200: {"sessionId":"70b958b8-c415-40ba-b5f4-d331cfef2962","value":null}
[debug] &amp#27;[35m[W3C (be1d943a)]&amp#27;[39m Responding to client with driver.performTouch() result: null
&amp#27;[35m[HTTP]&amp#27;[39m &amp#27;[37m<-- POST /wd/hub/session/be1d943a-e054-4516-acb5-456fb78acbbf/touch/perform &amp#27;[39m&amp#27;[32m200&amp#27;[39m &amp#27;[90m3583 ms - 14&amp#27;[39m
&amp#27;[35m[HTTP]&amp#27;[39m &amp#27;[90m&amp#27;[39m
&amp#27;[35m[HTTP]&amp#27;[39m &amp#27;[37m-->&amp#27;[39m &amp#27;[37mPOST&amp#27;[39m &amp#27;[37m/wd/hub/session/be1d943a-e054-4516-acb5-456fb78acbbf/element&amp#27;[39m
&amp#27;[35m[HTTP]&amp#27;[39m &amp#27;[90m{"using":"id","value":"android:id/button1"}&amp#27;[39m
[debug] &amp#27;[35m[W3C (be1d943a)]&amp#27;[39m Calling AppiumDriver.findElement() with args: ["id","android:id/button1","be1d943a-e054-4516-acb5-456fb78acbbf"]
[debug] &amp#27;[35m[BaseDriver]&amp#27;[39m Valid locator strategies for this request: xpath, id, class name, accessibility id, css selector, -android uiautomator
[debug] &amp#27;[35m[BaseDriver]&amp#27;[39m Waiting up to 10000 ms for condition
[debug] &amp#27;[35m[WD Proxy]&amp#27;[39m Matched '/element' to command name 'findElement'
[debug] &amp#27;[35m[WD Proxy]&amp#27;[39m Proxying [POST /element] to [POST http://127.0.0.1:8200/wd/hub/session/70b958b8-c415-40ba-b5f4-d331cfef2962/element] with body: {"strategy":"id","selector":"android:id/button1","context":"","multiple":false}
[debug] &amp#27;[35m[WD Proxy]&amp#27;[39m Got response with status 200: {"sessionId":"70b958b8-c415-40ba-b5f4-d331cfef2962","value":{"ELEMENT":"dbfdf020-cbb6-4a0a-9f67-08a961a8a393","element-6066-11e4-a52e-4f735466cecf":"dbfdf020-cbb6-4a0a-9f67-08a961a8a393"}}
[debug] &amp#27;[35m[W3C (be1d943a)]&amp#27;[39m Responding to client with driver.findElement() result: {"element-6066-11e4-a52e-4f735466cecf":"dbfdf020-cbb6-4a0a-9f67-08a961a8a393","ELEMENT":"dbfdf020-cbb6-4a0a-9f67-08a961a8a393"}
&amp#27;[35m[HTTP]&amp#27;[39m &amp#27;[37m<-- POST /wd/hub/session/be1d943a-e054-4516-acb5-456fb78acbbf/element &amp#27;[39m&amp#27;[32m200&amp#27;[39m &amp#27;[90m98 ms - 137&amp#27;[39m
&amp#27;[35m[HTTP]&amp#27;[39m &amp#27;[90m&amp#27;[39m
&amp#27;[35m[HTTP]&amp#27;[39m &amp#27;[37m-->&amp#27;[39m &amp#27;[37mPOST&amp#27;[39m &amp#27;[37m/wd/hub/session/be1d943a-e054-4516-acb5-456fb78acbbf/element/dbfdf020-cbb6-4a0a-9f67-08a961a8a393/click&amp#27;[39m
&amp#27;[35m[HTTP]&amp#27;[39m &amp#27;[90m{"id":"dbfdf020-cbb6-4a0a-9f67-08a961a8a393"}&amp#27;[39m
[debug] &amp#27;[35m[W3C (be1d943a)]&amp#27;[39m Calling AppiumDriver.click() with args: ["dbfdf020-cbb6-4a0a-9f67-08a961a8a393","be1d943a-e054-4516-acb5-456fb78acbbf"]
[debug] &amp#27;[35m[WD Proxy]&amp#27;[39m Matched '/element/dbfdf020-cbb6-4a0a-9f67-08a961a8a393/click' to command name 'click'
[debug] &amp#27;[35m[WD Proxy]&amp#27;[39m Proxying [POST /element/dbfdf020-cbb6-4a0a-9f67-08a961a8a393/click] to [POST http://127.0.0.1:8200/wd/hub/session/70b958b8-c415-40ba-b5f4-d331cfef2962/element/dbfdf020-cbb6-4a0a-9f67-08a961a8a393/click] with body: {"element":"dbfdf020-cbb6-4a0a-9f67-08a961a8a393"}
[debug] &amp#27;[35m[WD Proxy]&amp#27;[39m Got response with status 200: {"sessionId":"70b958b8-c415-40ba-b5f4-d331cfef2962","value":null}
[debug] &amp#27;[35m[W3C (be1d943a)]&amp#27;[39m Responding to client with driver.click() result: null
&amp#27;[35m[HTTP]&amp#27;[39m &amp#27;[37m<-- POST /wd/hub/session/be1d943a-e054-4516-acb5-456fb78acbbf/element/dbfdf020-cbb6-4a0a-9f67-08a961a8a393/click &amp#27;[39m&amp#27;[32m200&amp#27;[39m &amp#27;[90m77 ms - 14&amp#27;[39m
&amp#27;[35m[HTTP]&amp#27;[39m &amp#27;[90m&amp#27;[39m
&amp#27;[35m[HTTP]&amp#27;[39m &amp#27;[37m-->&amp#27;[39m &amp#27;[37mPOST&amp#27;[39m &amp#27;[37m/wd/hub/session/be1d943a-e054-4516-acb5-456fb78acbbf/element&amp#27;[39m
&amp#27;[35m[HTTP]&amp#27;[39m &amp#27;[90m{"using":"id","value":"com.androidsample.generalstore:id/btnProceed"}&amp#27;[39m
[debug] &amp#27;[35m[W3C (be1d943a)]&amp#27;[39m Calling AppiumDriver.findElement() with args: ["id","com.androidsample.generalstore:id/btnProceed","be1d943a-e054-4516-acb5-456fb78acbbf"]
[debug] &amp#27;[35m[BaseDriver]&amp#27;[39m Valid locator strategies for this request: xpath, id, class name, accessibility id, css selector, -android uiautomator
[debug] &amp#27;[35m[BaseDriver]&amp#27;[39m Waiting up to 10000 ms for condition
[debug] &amp#27;[35m[WD Proxy]&amp#27;[39m Matched '/element' to command name 'findElement'
[debug] &amp#27;[35m[WD Proxy]&amp#27;[39m Proxying [POST /element] to [POST http://127.0.0.1:8200/wd/hub/session/70b958b8-c415-40ba-b5f4-d331cfef2962/element] with body: {"strategy":"id","selector":"com.androidsample.generalstore:id/btnProceed","context":"","multiple":false}
[debug] &amp#27;[35m[WD Proxy]&amp#27;[39m Got response with status 200: {"sessionId":"70b958b8-c415-40ba-b5f4-d331cfef2962","value":{"ELEMENT":"536ea267-2d77-4863-9de4-7a9c6b7686e2","element-6066-11e4-a52e-4f735466cecf":"536ea267-2d77-4863-9de4-7a9c6b7686e2"}}
[debug] &amp#27;[35m[W3C (be1d943a)]&amp#27;[39m Responding to client with driver.findElement() result: {"element-6066-11e4-a52e-4f735466cecf":"536ea267-2d77-4863-9de4-7a9c6b7686e2","ELEMENT":"536ea267-2d77-4863-9de4-7a9c6b7686e2"}
&amp#27;[35m[HTTP]&amp#27;[39m &amp#27;[37m<-- POST /wd/hub/session/be1d943a-e054-4516-acb5-456fb78acbbf/element &amp#27;[39m&amp#27;[32m200&amp#27;[39m &amp#27;[90m644 ms - 137&amp#27;[39m
&amp#27;[35m[HTTP]&amp#27;[39m &amp#27;[90m&amp#27;[39m
&amp#27;[35m[HTTP]&amp#27;[39m &amp#27;[37m-->&amp#27;[39m &amp#27;[37mPOST&amp#27;[39m &amp#27;[37m/wd/hub/session/be1d943a-e054-4516-acb5-456fb78acbbf/element/536ea267-2d77-4863-9de4-7a9c6b7686e2/click&amp#27;[39m
&amp#27;[35m[HTTP]&amp#27;[39m &amp#27;[90m{"id":"536ea267-2d77-4863-9de4-7a9c6b7686e2"}&amp#27;[39m
[debug] &amp#27;[35m[W3C (be1d943a)]&amp#27;[39m Calling AppiumDriver.click() with args: ["536ea267-2d77-4863-9de4-7a9c6b7686e2","be1d943a-e054-4516-acb5-456fb78acbbf"]
[debug] &amp#27;[35m[WD Proxy]&amp#27;[39m Matched '/element/536ea267-2d77-4863-9de4-7a9c6b7686e2/click' to command name 'click'
[debug] &amp#27;[35m[WD Proxy]&amp#27;[39m Proxying [POST /element/536ea267-2d77-4863-9de4-7a9c6b7686e2/click] to [POST http://127.0.0.1:8200/wd/hub/session/70b958b8-c415-40ba-b5f4-d331cfef2962/element/536ea267-2d77-4863-9de4-7a9c6b7686e2/click] with body: {"element":"536ea267-2d77-4863-9de4-7a9c6b7686e2"}
[debug] &amp#27;[35m[WD Proxy]&amp#27;[39m Got response with status 200: {"sessionId":"70b958b8-c415-40ba-b5f4-d331cfef2962","value":null}
[debug] &amp#27;[35m[W3C (be1d943a)]&amp#27;[39m Responding to client with driver.click() result: null
&amp#27;[35m[HTTP]&amp#27;[39m &amp#27;[37m<-- POST /wd/hub/session/be1d943a-e054-4516-acb5-456fb78acbbf/element/536ea267-2d77-4863-9de4-7a9c6b7686e2/click &amp#27;[39m&amp#27;[32m200&amp#27;[39m &amp#27;[90m75 ms - 14&amp#27;[39m
&amp#27;[35m[HTTP]&amp#27;[39m &amp#27;[90m&amp#27;[39m
&amp#27;[35m[HTTP]&amp#27;[39m &amp#27;[37m-->&amp#27;[39m &amp#27;[37mGET&amp#27;[39m &amp#27;[37m/wd/hub/session/be1d943a-e054-4516-acb5-456fb78acbbf/contexts&amp#27;[39m
&amp#27;[35m[HTTP]&amp#27;[39m &amp#27;[90m{}&amp#27;[39m
[debug] &amp#27;[35m[W3C (be1d943a)]&amp#27;[39m Calling AppiumDriver.getContexts() with args: ["be1d943a-e054-4516-acb5-456fb78acbbf"]
[debug] &amp#27;[35m[AndroidDriver]&amp#27;[39m Getting a list of available webviews
[debug] &amp#27;[35m[ADB]&amp#27;[39m Running 'C:\Users\jenis\AppData\Local\Android\Sdk\platform-tools\adb.exe -P 5037 -s emulator-5554 shell cat /proc/net/unix'
[debug] &amp#27;[35m[AndroidDriver]&amp#27;[39m Parsed 1 active devtools socket: ["@webview_devtools_remote_3580"]
&amp#27;[35m[AndroidDriver]&amp#27;[39m Not collecting web view details. Details collection might help to make Chromedriver initialization more precise. Use the 'enableWebviewDetailsCollection' cap to turn it on
[debug] &amp#27;[35m[AndroidDriver]&amp#27;[39m Collecting CDP data of 1 webview
[debug] &amp#27;[35m[ADB]&amp#27;[39m Running 'C:\Users\jenis\AppData\Local\Android\Sdk\platform-tools\adb.exe -P 5037 -s emulator-5554 forward tcp:10900 localabstract:webview_devtools_remote_3580'
[debug] &amp#27;[35m[ADB]&amp#27;[39m Removing forwarded port socket connection: 10900 
[debug] &amp#27;[35m[ADB]&amp#27;[39m Running 'C:\Users\jenis\AppData\Local\Android\Sdk\platform-tools\adb.exe -P 5037 -s emulator-5554 forward --remove tcp:10900'
[debug] &amp#27;[35m[AndroidDriver]&amp#27;[39m CDP data collection completed
[debug] &amp#27;[35m[AndroidDriver]&amp#27;[39m WEBVIEW_3580 mapped to pid 3580
[debug] &amp#27;[35m[AndroidDriver]&amp#27;[39m Getting process name for webview 'WEBVIEW_3580'
[debug] &amp#27;[35m[ADB]&amp#27;[39m Running 'C:\Users\jenis\AppData\Local\Android\Sdk\platform-tools\adb.exe -P 5037 -s emulator-5554 shell ps --help'
[debug] &amp#27;[35m[ADB]&amp#27;[39m Running 'C:\Users\jenis\AppData\Local\Android\Sdk\platform-tools\adb.exe -P 5037 -s emulator-5554 shell ps -A'
[debug] &amp#27;[35m[AndroidDriver]&amp#27;[39m Got process name: 'com.androidsample.generalstore'
[debug] &amp#27;[35m[AndroidDriver]&amp#27;[39m Found 1 webview: ["WEBVIEW_com.androidsample.generalstore"]
[debug] &amp#27;[35m[AndroidDriver]&amp#27;[39m Available contexts: ["NATIVE_APP","WEBVIEW_com.androidsample.generalstore"]
[debug] &amp#27;[35m[W3C (be1d943a)]&amp#27;[39m Responding to client with driver.getContexts() result: ["NATIVE_APP","WEBVIEW_com.androidsample.generalstore"]
&amp#27;[35m[HTTP]&amp#27;[39m &amp#27;[37m<-- GET /wd/hub/session/be1d943a-e054-4516-acb5-456fb78acbbf/contexts &amp#27;[39m&amp#27;[32m200&amp#27;[39m &amp#27;[90m302 ms - 65&amp#27;[39m
&amp#27;[35m[HTTP]&amp#27;[39m &amp#27;[90m&amp#27;[39m
NATIVE_APP
WEBVIEW_com.androidsample.generalstore
&amp#27;[35m[HTTP]&amp#27;[39m &amp#27;[37m-->&amp#27;[39m &amp#27;[37mPOST&amp#27;[39m &amp#27;[37m/wd/hub/session/be1d943a-e054-4516-acb5-456fb78acbbf/context&amp#27;[39m
&amp#27;[35m[HTTP]&amp#27;[39m &amp#27;[90m{"name":"WEBVIEW_com.androidsample.generalstore"}&amp#27;[39m
[debug] &amp#27;[35m[W3C (be1d943a)]&amp#27;[39m Calling AppiumDriver.setContext() with args: ["WEBVIEW_com.androidsample.generalstore","be1d943a-e054-4516-acb5-456fb78acbbf"]
[debug] &amp#27;[35m[AndroidDriver]&amp#27;[39m Getting a list of available webviews
[debug] &amp#27;[35m[ADB]&amp#27;[39m Running 'C:\Users\jenis\AppData\Local\Android\Sdk\platform-tools\adb.exe -P 5037 -s emulator-5554 shell cat /proc/net/unix'
[debug] &amp#27;[35m[AndroidDriver]&amp#27;[39m Parsed 1 active devtools socket: ["@webview_devtools_remote_3580"]
&amp#27;[35m[AndroidDriver]&amp#27;[39m Not collecting web view details. Details collection might help to make Chromedriver initialization more precise. Use the 'enableWebviewDetailsCollection' cap to turn it on
[debug] &amp#27;[35m[AndroidDriver]&amp#27;[39m Collecting CDP data of 1 webview
[debug] &amp#27;[35m[ADB]&amp#27;[39m Running 'C:\Users\jenis\AppData\Local\Android\Sdk\platform-tools\adb.exe -P 5037 -s emulator-5554 forward tcp:10900 localabstract:webview_devtools_remote_3580'
[debug] &amp#27;[35m[ADB]&amp#27;[39m Removing forwarded port socket connection: 10900 
[debug] &amp#27;[35m[ADB]&amp#27;[39m Running 'C:\Users\jenis\AppData\Local\Android\Sdk\platform-tools\adb.exe -P 5037 -s emulator-5554 forward --remove tcp:10900'
[debug] &amp#27;[35m[AndroidDriver]&amp#27;[39m CDP data collection completed
[debug] &amp#27;[35m[AndroidDriver]&amp#27;[39m WEBVIEW_3580 mapped to pid 3580
[debug] &amp#27;[35m[AndroidDriver]&amp#27;[39m Getting process name for webview 'WEBVIEW_3580'
[debug] &amp#27;[35m[ADB]&amp#27;[39m Running 'C:\Users\jenis\AppData\Local\Android\Sdk\platform-tools\adb.exe -P 5037 -s emulator-5554 shell ps -A'
[debug] &amp#27;[35m[AndroidDriver]&amp#27;[39m Got process name: 'com.androidsample.generalstore'
[debug] &amp#27;[35m[AndroidDriver]&amp#27;[39m Found 1 webview: ["WEBVIEW_com.androidsample.generalstore"]
[debug] &amp#27;[35m[AndroidDriver]&amp#27;[39m Available contexts: ["NATIVE_APP","WEBVIEW_com.androidsample.generalstore"]
[debug] &amp#27;[35m[AndroidDriver]&amp#27;[39m Connecting to chrome-backed webview context 'WEBVIEW_com.androidsample.generalstore'
[debug] &amp#27;[35m[AndroidDriver]&amp#27;[39m A port was not given, using random free port: 8000
[debug] &amp#27;[35m[AndroidDriver]&amp#27;[39m Automated Chromedriver download is disabled. Use 'chromedriver_autodownload' server feature to enable it
[debug] &amp#27;[35m[AndroidDriver]&amp#27;[39m Precalculated Chromedriver capabilities: {
[debug] &amp#27;[35m[AndroidDriver]&amp#27;[39m   "androidPackage": "com.androidsample.generalstore",
[debug] &amp#27;[35m[AndroidDriver]&amp#27;[39m   "androidUseRunningApp": true,
[debug] &amp#27;[35m[AndroidDriver]&amp#27;[39m   "androidDeviceSerial": "emulator-5554"
[debug] &amp#27;[35m[AndroidDriver]&amp#27;[39m }
[debug] &amp#27;[35m[AndroidDriver]&amp#27;[39m Before starting chromedriver, androidPackage is 'com.androidsample.generalstore'
[debug] &amp#27;[35m[Chromedriver]&amp#27;[39m Changed state to 'starting'
[debug] &amp#27;[35m[Chromedriver]&amp#27;[39m Using the static Chromedriver->Chrome mapping
[debug] &amp#27;[35m[Chromedriver]&amp#27;[39m The most recent known Chrome version: 86.0.4240
[debug] &amp#27;[35m[Chromedriver]&amp#27;[39m Found 1 executable in 'C:\Users\jenis\AppData\Roaming\npm\node_modules\appium\node_modules\appium-chromedriver\chromedriver\win'
[debug] &amp#27;[35m[Chromedriver]&amp#27;[39m The following Chromedriver executables were found:
[debug] &amp#27;[35m[Chromedriver]&amp#27;[39m     'C:/Users/jenis/AppData/Roaming/npm/node_modules/appium/node_modules/appium-chromedriver/chromedriver/win/chromedriver.exe' (version '83.0.4103.14', minimum Chrome version '83')
&amp#27;[35m[Chromedriver]&amp#27;[39m Found 1 Chromedriver, which is missing in the list of known versions: {"83.0.4103.14":"83"}
[debug] &amp#27;[35m[ADB]&amp#27;[39m Getting package info for 'com.google.android.webview'
[debug] &amp#27;[35m[ADB]&amp#27;[39m Running 'C:\Users\jenis\AppData\Local\Android\Sdk\platform-tools\adb.exe -P 5037 -s emulator-5554 shell dumpsys package com.google.android.webview'
[debug] &amp#27;[35m[Chromedriver]&amp#27;[39m Found Chrome bundle 'com.google.android.webview' version '83.0.4103'
[debug] &amp#27;[35m[Chromedriver]&amp#27;[39m Found 1 executable capable of automating Chrome '83.0.4103'.
[debug] &amp#27;[35m[Chromedriver]&amp#27;[39m Choosing the most recent, 'C:/Users/jenis/AppData/Roaming/npm/node_modules/appium/node_modules/appium-chromedriver/chromedriver/win/chromedriver.exe'.
[debug] &amp#27;[35m[Chromedriver]&amp#27;[39m If a specific version is required, specify it with the `chromedriverExecutable`desired capability.
&amp#27;[35m[Chromedriver]&amp#27;[39m Set chromedriver binary as: C:/Users/jenis/AppData/Roaming/npm/node_modules/appium/node_modules/appium-chromedriver/chromedriver/win/chromedriver.exe
[debug] &amp#27;[35m[Chromedriver]&amp#27;[39m Killing any old chromedrivers, running: wmic process where "commandline like '%chromedriver.exe%--port=8000%'" delete
[debug] &amp#27;[35m[Chromedriver]&amp#27;[39m Successfully cleaned up old chromedrivers
[debug] &amp#27;[35m[Chromedriver]&amp#27;[39m Cleaning this device's adb forwarded port socket connections: emulator-5554
[debug] &amp#27;[35m[ADB]&amp#27;[39m List forwarding ports
[debug] &amp#27;[35m[ADB]&amp#27;[39m Running 'C:\Users\jenis\AppData\Local\Android\Sdk\platform-tools\adb.exe -P 5037 -s emulator-5554 forward --list'
&amp#27;[35m[Chromedriver]&amp#27;[39m Spawning chromedriver with: C:/Users/jenis/AppData/Roaming/npm/node_modules/appium/node_modules/appium-chromedriver/chromedriver/win/chromedriver.exe --url-base=wd/hub --port=8000 --adb-port=5037 --verbose
[debug] &amp#27;[35m[Chromedriver]&amp#27;[39m Chromedriver version: '83.0.4103.14'
[debug] &amp#27;[35m[WD Proxy]&amp#27;[39m Matched '/status' to command name 'getStatus'
[debug] &amp#27;[35m[WD Proxy]&amp#27;[39m Proxying [GET /status] to [GET http://127.0.0.1:8000/wd/hub/status] with no body
&amp#27;[35m[WD Proxy]&amp#27;[39m connect ECONNREFUSED 127.0.0.1:8000
[debug] &amp#27;[35m[WD Proxy]&amp#27;[39m Matched '/status' to command name 'getStatus'
[debug] &amp#27;[35m[WD Proxy]&amp#27;[39m Proxying [GET /status] to [GET http://127.0.0.1:8000/wd/hub/status] with no body
[debug] &amp#27;[35m[WD Proxy]&amp#27;[39m Got response with status 200: {"value":{"build":{"version":"83.0.4103.14 (be04594a2b8411758b860104bc0a1033417178be-refs/branch-heads/4103@{#119})"},"message":"ChromeDriver ready for new sessions.","os":{"arch":"x86_64","name":"Windows NT","version":"10.0.18363"},"ready":true}}
&amp#27;[35m[Chromedriver]&amp#27;[39m Starting W3C Chromedriver session with capabilities: {
&amp#27;[35m[Chromedriver]&amp#27;[39m   "capabilities": {
&amp#27;[35m[Chromedriver]&amp#27;[39m     "alwaysMatch": {
&amp#27;[35m[Chromedriver]&amp#27;[39m       "goog:chromeOptions": {
&amp#27;[35m[Chromedriver]&amp#27;[39m         "androidPackage": "com.androidsample.generalstore",
&amp#27;[35m[Chromedriver]&amp#27;[39m         "androidUseRunningApp": true,
&amp#27;[35m[Chromedriver]&amp#27;[39m         "androidDeviceSerial": "emulator-5554"
&amp#27;[35m[Chromedriver]&amp#27;[39m       },
&amp#27;[35m[Chromedriver]&amp#27;[39m       "goog:loggingPrefs": {
&amp#27;[35m[Chromedriver]&amp#27;[39m         "browser": "ALL"
&amp#27;[35m[Chromedriver]&amp#27;[39m       }
&amp#27;[35m[Chromedriver]&amp#27;[39m     }
&amp#27;[35m[Chromedriver]&amp#27;[39m   }
&amp#27;[35m[Chromedriver]&amp#27;[39m }
[debug] &amp#27;[35m[WD Proxy]&amp#27;[39m Matched '/session' to command name 'createSession'
[debug] &amp#27;[35m[WD Proxy]&amp#27;[39m Proxying [POST /session] to [POST http://127.0.0.1:8000/wd/hub/session] with body: {"capabilities":{"alwaysMatch":{"goog:chromeOptions":{"androidPackage":"com.androidsample.generalstore","androidUseRunningApp":true,"androidDeviceSerial":"emulator-5554"},"goog:loggingPrefs":{"browser":"ALL"}}}}
[debug] &amp#27;[35m[Chromedriver]&amp#27;[39m Webview version: 'Chrome/83.0.4103.106'
[debug] &amp#27;[35m[WD Proxy]&amp#27;[39m Got response with status 200: {"value":{"capabilities":{"acceptInsecureCerts":false,"browserName":"chrome","browserVersion":"83.0.4103.106","chrome":{"chromedriverVersion":"83.0.4103.14 (be04594a2b8411758b860104bc0a1033417178be-refs/branch-heads/4103@{#119})"},"goog:chromeOptions":{"debuggerAddress":"localhost:57731"},"pageLoadStrategy":"normal","platformName":"android","proxy":{},"setWindowRect":false,"strictFileInteractability":false,"timeouts":{"implicit":0,"pageLoad":300000,"script":30000},"unhandledPromptBehavior":"dismiss and notify","webauthn:virtualAuthenticators":false},"sessionId":"a626cf38299bd1159a52a74edb7ef832"}}
&amp#27;[35m[WD Proxy]&amp#27;[39m Determined the downstream protocol as 'W3C'
[debug] &amp#27;[35m[Chromedriver]&amp#27;[39m Changed state to 'online'
[debug] &amp#27;[35m[W3C (be1d943a)]&amp#27;[39m Responding to client with driver.setContext() result: null
&amp#27;[35m[HTTP]&amp#27;[39m &amp#27;[37m<-- POST /wd/hub/session/be1d943a-e054-4516-acb5-456fb78acbbf/context &amp#27;[39m&amp#27;[32m200&amp#27;[39m &amp#27;[90m4082 ms - 14&amp#27;[39m
&amp#27;[35m[HTTP]&amp#27;[39m &amp#27;[90m&amp#27;[39m
&amp#27;[35m[HTTP]&amp#27;[39m &amp#27;[37m-->&amp#27;[39m &amp#27;[37mPOST&amp#27;[39m &amp#27;[37m/wd/hub/session/be1d943a-e054-4516-acb5-456fb78acbbf/element&amp#27;[39m
&amp#27;[35m[HTTP]&amp#27;[39m &amp#27;[90m{"using":"xpath","value":"//*[@id=\"tsf\"]/div[2]/div[1]/div[1]/div/div[1]/input"}&amp#27;[39m
&amp#27;[35m[W3C (be1d943a)]&amp#27;[39m Driver proxy active, passing request on via HTTP proxy
[debug] &amp#27;[35m[WD Proxy]&amp#27;[39m Matched '/wd/hub/session/be1d943a-e054-4516-acb5-456fb78acbbf/element' to command name 'findElement'
[debug] &amp#27;[35m[WD Proxy]&amp#27;[39m Proxying [POST /wd/hub/session/be1d943a-e054-4516-acb5-456fb78acbbf/element] to [POST http://127.0.0.1:8000/wd/hub/session/a626cf38299bd1159a52a74edb7ef832/element] with body: {"using":"xpath","value":"//*[@id=\"tsf\"]/div[2]/div[1]/div[1]/div/div[1]/input"}
[debug] &amp#27;[35m[WD Proxy]&amp#27;[39m Got response with status 200: {"value":{"element-6066-11e4-a52e-4f735466cecf":"8ebe1439-c092-4c1a-8e13-e72be74268a3"}}
&amp#27;[35m[HTTP]&amp#27;[39m &amp#27;[37m<-- POST /wd/hub/session/be1d943a-e054-4516-acb5-456fb78acbbf/element &amp#27;[39m&amp#27;[32m200&amp#27;[39m &amp#27;[90m94 ms - 137&amp#27;[39m
&amp#27;[35m[HTTP]&amp#27;[39m &amp#27;[90m&amp#27;[39m
&amp#27;[35m[HTTP]&amp#27;[39m &amp#27;[37m-->&amp#27;[39m &amp#27;[37mPOST&amp#27;[39m &amp#27;[37m/wd/hub/session/be1d943a-e054-4516-acb5-456fb78acbbf/element/8ebe1439-c092-4c1a-8e13-e72be74268a3/value&amp#27;[39m
&amp#27;[35m[HTTP]&amp#27;[39m &amp#27;[90m{"id":"8ebe1439-c092-4c1a-8e13-e72be74268a3","text":"Selenium Appium","value":["S","e","l","e","n","i","u","m"," ","A","p","p","i","u","m"]}&amp#27;[39m
&amp#27;[35m[W3C (be1d943a)]&amp#27;[39m Driver proxy active, passing request on via HTTP proxy
[debug] &amp#27;[35m[WD Proxy]&amp#27;[39m Matched '/wd/hub/session/be1d943a-e054-4516-acb5-456fb78acbbf/element/8ebe1439-c092-4c1a-8e13-e72be74268a3/value' to command name 'setValue'
[debug] &amp#27;[35m[WD Proxy]&amp#27;[39m Proxying [POST /wd/hub/session/be1d943a-e054-4516-acb5-456fb78acbbf/element/8ebe1439-c092-4c1a-8e13-e72be74268a3/value] to [POST http://127.0.0.1:8000/wd/hub/session/a626cf38299bd1159a52a74edb7ef832/element/8ebe1439-c092-4c1a-8e13-e72be74268a3/value] with body: {"id":"8ebe1439-c092-4c1a-8e13-e72be74268a3","text":"Selenium Appium","value":["S","e","l","e","n","i","u","m"," ","A","p","p","i","u","m"]}
[debug] &amp#27;[35m[WD Proxy]&amp#27;[39m Got response with status 200: {"value":null}
&amp#27;[35m[HTTP]&amp#27;[39m &amp#27;[37m<-- POST /wd/hub/session/be1d943a-e054-4516-acb5-456fb78acbbf/element/8ebe1439-c092-4c1a-8e13-e72be74268a3/value &amp#27;[39m&amp#27;[32m200&amp#27;[39m &amp#27;[90m1158 ms - 14&amp#27;[39m
&amp#27;[35m[HTTP]&amp#27;[39m &amp#27;[90m&amp#27;[39m
&amp#27;[35m[HTTP]&amp#27;[39m &amp#27;[37m-->&amp#27;[39m &amp#27;[37mPOST&amp#27;[39m &amp#27;[37m/wd/hub/session/be1d943a-e054-4516-acb5-456fb78acbbf/element&amp#27;[39m
&amp#27;[35m[HTTP]&amp#27;[39m &amp#27;[90m{"using":"xpath","value":"//*[@id=\"tsf\"]/div[2]/div[1]/div[1]/div/div[1]/input"}&amp#27;[39m
&amp#27;[35m[W3C (be1d943a)]&amp#27;[39m Driver proxy active, passing request on via HTTP proxy
[debug] &amp#27;[35m[WD Proxy]&amp#27;[39m Matched '/wd/hub/session/be1d943a-e054-4516-acb5-456fb78acbbf/element' to command name 'findElement'
[debug] &amp#27;[35m[WD Proxy]&amp#27;[39m Proxying [POST /wd/hub/session/be1d943a-e054-4516-acb5-456fb78acbbf/element] to [POST http://127.0.0.1:8000/wd/hub/session/a626cf38299bd1159a52a74edb7ef832/element] with body: {"using":"xpath","value":"//*[@id=\"tsf\"]/div[2]/div[1]/div[1]/div/div[1]/input"}
[debug] &amp#27;[35m[WD Proxy]&amp#27;[39m Got response with status 200: {"value":{"element-6066-11e4-a52e-4f735466cecf":"8ebe1439-c092-4c1a-8e13-e72be74268a3"}}
&amp#27;[35m[HTTP]&amp#27;[39m &amp#27;[37m<-- POST /wd/hub/session/be1d943a-e054-4516-acb5-456fb78acbbf/element &amp#27;[39m&amp#27;[32m200&amp#27;[39m &amp#27;[90m72 ms - 137&amp#27;[39m
&amp#27;[35m[HTTP]&amp#27;[39m &amp#27;[90m&amp#27;[39m
&amp#27;[35m[HTTP]&amp#27;[39m &amp#27;[37m-->&amp#27;[39m &amp#27;[37mPOST&amp#27;[39m &amp#27;[37m/wd/hub/session/be1d943a-e054-4516-acb5-456fb78acbbf/element/8ebe1439-c092-4c1a-8e13-e72be74268a3/value&amp#27;[39m
&amp#27;[35m[HTTP]&amp#27;[39m &amp#27;[90m{"id":"8ebe1439-c092-4c1a-8e13-e72be74268a3","text":"î€‡","value":["î€‡"]}&amp#27;[39m
&amp#27;[35m[W3C (be1d943a)]&amp#27;[39m Driver proxy active, passing request on via HTTP proxy
[debug] &amp#27;[35m[WD Proxy]&amp#27;[39m Matched '/wd/hub/session/be1d943a-e054-4516-acb5-456fb78acbbf/element/8ebe1439-c092-4c1a-8e13-e72be74268a3/value' to command name 'setValue'
[debug] &amp#27;[35m[WD Proxy]&amp#27;[39m Proxying [POST /wd/hub/session/be1d943a-e054-4516-acb5-456fb78acbbf/element/8ebe1439-c092-4c1a-8e13-e72be74268a3/value] to [POST http://127.0.0.1:8000/wd/hub/session/a626cf38299bd1159a52a74edb7ef832/element/8ebe1439-c092-4c1a-8e13-e72be74268a3/value] with body: {"id":"8ebe1439-c092-4c1a-8e13-e72be74268a3","text":"î€‡","value":["î€‡"]}
[debug] &amp#27;[35m[WD Proxy]&amp#27;[39m Got response with status 200: {"value":null}
&amp#27;[35m[HTTP]&amp#27;[39m &amp#27;[37m<-- POST /wd/hub/session/be1d943a-e054-4516-acb5-456fb78acbbf/element/8ebe1439-c092-4c1a-8e13-e72be74268a3/value &amp#27;[39m&amp#27;[32m200&amp#27;[39m &amp#27;[90m3305 ms - 14&amp#27;[39m
&amp#27;[35m[HTTP]&amp#27;[39m &amp#27;[90m&amp#27;[39m
&amp#27;[35m[HTTP]&amp#27;[39m &amp#27;[37m-->&amp#27;[39m &amp#27;[37mPOST&amp#27;[39m &amp#27;[37m/wd/hub/session/be1d943a-e054-4516-acb5-456fb78acbbf/appium/device/press_keycode&amp#27;[39m
&amp#27;[35m[HTTP]&amp#27;[39m &amp#27;[90m{"keycode":4}&amp#27;[39m
[debug] &amp#27;[35m[W3C (be1d943a)]&amp#27;[39m Calling AppiumDriver.pressKeyCode() with args: [4,null,null,null,null,"be1d943a-e054-4516-acb5-456fb78acbbf"]
[debug] &amp#27;[35m[WD Proxy]&amp#27;[39m Matched '/appium/device/press_keycode' to command name 'pressKeyCode'
[debug] &amp#27;[35m[WD Proxy]&amp#27;[39m Proxying [POST /appium/device/press_keycode] to [POST http://127.0.0.1:8200/wd/hub/session/70b958b8-c415-40ba-b5f4-d331cfef2962/appium/device/press_keycode] with body: {"keycode":4,"metastate":null,"flags":null}
[debug] &amp#27;[35m[WD Proxy]&amp#27;[39m Got response with status 200: {"sessionId":"70b958b8-c415-40ba-b5f4-d331cfef2962","value":null}
[debug] &amp#27;[35m[W3C (be1d943a)]&amp#27;[39m Responding to client with driver.pressKeyCode() result: null
&amp#27;[35m[HTTP]&amp#27;[39m &amp#27;[37m<-- POST /wd/hub/session/be1d943a-e054-4516-acb5-456fb78acbbf/appium/device/press_keycode &amp#27;[39m&amp#27;[32m200&amp#27;[39m &amp#27;[90m958 ms - 14&amp#27;[39m
&amp#27;[35m[HTTP]&amp#27;[39m &amp#27;[90m&amp#27;[39m
&amp#27;[35m[HTTP]&amp#27;[39m &amp#27;[37m-->&amp#27;[39m &amp#27;[37mPOST&amp#27;[39m &amp#27;[37m/wd/hub/session/be1d943a-e054-4516-acb5-456fb78acbbf/context&amp#27;[39m
&amp#27;[35m[HTTP]&amp#27;[39m &amp#27;[90m{"name":"NATIVE_APP"}&amp#27;[39m
[debug] &amp#27;[35m[W3C (be1d943a)]&amp#27;[39m Calling AppiumDriver.setContext() with args: ["NATIVE_APP","be1d943a-e054-4516-acb5-456fb78acbbf"]
[debug] &amp#27;[35m[AndroidDriver]&amp#27;[39m Getting a list of available webviews
[debug] &amp#27;[35m[ADB]&amp#27;[39m Running 'C:\Users\jenis\AppData\Local\Android\Sdk\platform-tools\adb.exe -P 5037 -s emulator-5554 shell cat /proc/net/unix'
[debug] &amp#27;[35m[AndroidDriver]&amp#27;[39m Parsed 1 active devtools socket: ["@webview_devtools_remote_3580"]
&amp#27;[35m[AndroidDriver]&amp#27;[39m Not collecting web view details. Details collection might help to make Chromedriver initialization more precise. Use the 'enableWebviewDetailsCollection' cap to turn it on
[debug] &amp#27;[35m[AndroidDriver]&amp#27;[39m Collecting CDP data of 1 webview
[debug] &amp#27;[35m[ADB]&amp#27;[39m Running 'C:\Users\jenis\AppData\Local\Android\Sdk\platform-tools\adb.exe -P 5037 -s emulator-5554 forward tcp:10900 localabstract:webview_devtools_remote_3580'
[debug] &amp#27;[35m[ADB]&amp#27;[39m Removing forwarded port socket connection: 10900 
[debug] &amp#27;[35m[ADB]&amp#27;[39m Running 'C:\Users\jenis\AppData\Local\Android\Sdk\platform-tools\adb.exe -P 5037 -s emulator-5554 forward --remove tcp:10900'
[debug] &amp#27;[35m[AndroidDriver]&amp#27;[39m CDP data collection completed
[debug] &amp#27;[35m[AndroidDriver]&amp#27;[39m WEBVIEW_3580 mapped to pid 3580
[debug] &amp#27;[35m[AndroidDriver]&amp#27;[39m Getting process name for webview 'WEBVIEW_3580'
[debug] &amp#27;[35m[ADB]&amp#27;[39m Running 'C:\Users\jenis\AppData\Local\Android\Sdk\platform-tools\adb.exe -P 5037 -s emulator-5554 shell ps -A'
[debug] &amp#27;[35m[AndroidDriver]&amp#27;[39m Got process name: 'com.androidsample.generalstore'
[debug] &amp#27;[35m[AndroidDriver]&amp#27;[39m Found 1 webview: ["WEBVIEW_com.androidsample.generalstore"]
[debug] &amp#27;[35m[AndroidDriver]&amp#27;[39m Available contexts: ["NATIVE_APP","WEBVIEW_com.androidsample.generalstore"]
[debug] &amp#27;[35m[W3C (be1d943a)]&amp#27;[39m Responding to client with driver.setContext() result: null
&amp#27;[35m[HTTP]&amp#27;[39m &amp#27;[37m<-- POST /wd/hub/session/be1d943a-e054-4516-acb5-456fb78acbbf/context &amp#27;[39m&amp#27;[32m200&amp#27;[39m &amp#27;[90m241 ms - 14&amp#27;[39m
&amp#27;[35m[HTTP]&amp#27;[39m &amp#27;[90m&amp#27;[39m
]]></system-out>
    <system-err><![CDATA[Jan 13, 2021 2:14:31 PM io.appium.java_client.remote.AppiumCommandExecutor$1 lambda$0
INFO: Detected dialect: W3C
]]></system-err>
  </testcase>
  <testcase name="APIDemoTC" classname="Practies.AppiumFramework.ApiDemoAppTestCase" time="49.702">
    <system-out><![CDATA[&amp#27;[35m[Appium]&amp#27;[39m Welcome to Appium v1.20.0
&amp#27;[35m[Appium]&amp#27;[39m Appium REST http interface listener started on 0.0.0.0:4723
&amp#27;[35m[HTTP]&amp#27;[39m &amp#27;[37m-->&amp#27;[39m &amp#27;[37mGET&amp#27;[39m &amp#27;[37m/wd/hub/status&amp#27;[39m
&amp#27;[35m[HTTP]&amp#27;[39m &amp#27;[90m{}&amp#27;[39m
[debug] &amp#27;[35m[GENERIC]&amp#27;[39m Calling AppiumDriver.getStatus() with args: []
[debug] &amp#27;[35m[GENERIC]&amp#27;[39m Responding to client with driver.getStatus() result: {"build":{"version":"1.20.0"}}
&amp#27;[35m[HTTP]&amp#27;[39m &amp#27;[37m<-- GET /wd/hub/status &amp#27;[39m&amp#27;[32m200&amp#27;[39m &amp#27;[90m5 ms - 68&amp#27;[39m
&amp#27;[35m[HTTP]&amp#27;[39m &amp#27;[90m&amp#27;[39m
[debug] &amp#27;[35m[HTTP]&amp#27;[39m Request idempotency key: 1939defc-9056-452d-9888-48fb7b59da8b
&amp#27;[35m[HTTP]&amp#27;[39m &amp#27;[37m-->&amp#27;[39m &amp#27;[37mPOST&amp#27;[39m &amp#27;[37m/wd/hub/session&amp#27;[39m
&amp#27;[35m[HTTP]&amp#27;[39m &amp#27;[90m{"desiredCapabilities":{"app":"D:\\Selenium\\AppiumFramework\\src\\ApiDemos-debug.apk","noReset":true,"automationName":"uiautomator2","platformName":"Android","deviceName":"Nexus_Emulator","fullReset":false,"avd":"Nexus_Emulator"},"capabilities":{"firstMatch":[{"appium:app":"D:\\Selenium\\AppiumFramework\\src\\ApiDemos-debug.apk","appium:automationName":"uiautomator2","appium:avd":"Nexus_Emulator","appium:deviceName":"Nexus_Emulator","appium:fullReset":false,"appium:noReset":true,"platformName":"android"}]}}&amp#27;[39m
[debug] &amp#27;[35m[W3C]&amp#27;[39m Calling AppiumDriver.createSession() with args: [{"app":"D:\\Selenium\\AppiumFramework\\src\\ApiDemos-debug.apk","noReset":true,"automationName":"uiautomator2","platformName":"Android","deviceName":"Nexus_Emulator","fullReset":false,"avd":"Nexus_Emulator"},null,{"firstMatch":[{"appium:app":"D:\\Selenium\\AppiumFramework\\src\\ApiDemos-debug.apk","appium:automationName":"uiautomator2","appium:avd":"Nexus_Emulator","appium:deviceName":"Nexus_Emulator","appium:fullReset":false,"appium:noReset":true,"platformName":"android"}]}]
[debug] &amp#27;[35m[BaseDriver]&amp#27;[39m Event 'newSessionRequested' logged at 1610568952589 (14:15:52 GMT-0600 (Central Standard Time))
&amp#27;[35m[Appium]&amp#27;[39m Appium v1.20.0 creating new AndroidUiautomator2Driver (v1.60.0) session
[debug] &amp#27;[35m[BaseDriver]&amp#27;[39m W3C capabilities and MJSONWP desired capabilities were provided
[debug] &amp#27;[35m[BaseDriver]&amp#27;[39m Creating session with W3C capabilities: {
[debug] &amp#27;[35m[BaseDriver]&amp#27;[39m   "alwaysMatch": {
[debug] &amp#27;[35m[BaseDriver]&amp#27;[39m     "platformName": "android",
[debug] &amp#27;[35m[BaseDriver]&amp#27;[39m     "appium:app": "D:\\Selenium\\AppiumFramework\\src\\ApiDemos-debug.apk",
[debug] &amp#27;[35m[BaseDriver]&amp#27;[39m     "appium:automationName": "uiautomator2",
[debug] &amp#27;[35m[BaseDriver]&amp#27;[39m     "appium:avd": "Nexus_Emulator",
[debug] &amp#27;[35m[BaseDriver]&amp#27;[39m     "appium:deviceName": "Nexus_Emulator",
[debug] &amp#27;[35m[BaseDriver]&amp#27;[39m     "appium:fullReset": false,
[debug] &amp#27;[35m[BaseDriver]&amp#27;[39m     "appium:noReset": true
[debug] &amp#27;[35m[BaseDriver]&amp#27;[39m   },
[debug] &amp#27;[35m[BaseDriver]&amp#27;[39m   "firstMatch": [
[debug] &amp#27;[35m[BaseDriver]&amp#27;[39m     {}
[debug] &amp#27;[35m[BaseDriver]&amp#27;[39m   ]
[debug] &amp#27;[35m[BaseDriver]&amp#27;[39m }
&amp#27;[35m[BaseDriver]&amp#27;[39m Session created with session id: 1598ee9e-1203-4c9f-8530-f15e122a0321
&amp#27;[35m[BaseDriver]&amp#27;[39m Using local app 'D:\Selenium\AppiumFramework\src\ApiDemos-debug.apk'
[debug] &amp#27;[35m[UiAutomator2]&amp#27;[39m Checking whether app is actually present
&amp#27;[35m[ADB]&amp#27;[39m Found 1 'build-tools' folders under 'C:\Users\jenis\AppData\Local\Android\Sdk' (newest first):
&amp#27;[35m[ADB]&amp#27;[39m     C:/Users/jenis/AppData/Local/Android/Sdk/build-tools/30.0.3
&amp#27;[35m[ADB]&amp#27;[39m Using 'adb.exe' from 'C:\Users\jenis\AppData\Local\Android\Sdk\platform-tools\adb.exe'
[debug] &amp#27;[35m[ADB]&amp#27;[39m Running 'C:\Users\jenis\AppData\Local\Android\Sdk\platform-tools\adb.exe -P 5037 start-server'
[debug] &amp#27;[35m[ADB]&amp#27;[39m Trying to find 'Nexus_Emulator' emulator
[debug] &amp#27;[35m[ADB]&amp#27;[39m Getting connected emulators
[debug] &amp#27;[35m[ADB]&amp#27;[39m Getting connected devices
[debug] &amp#27;[35m[ADB]&amp#27;[39m Connected devices: [{"udid":"emulator-5554","state":"device"}]
[debug] &amp#27;[35m[ADB]&amp#27;[39m 1 emulator connected
[debug] &amp#27;[35m[ADB]&amp#27;[39m Overriding C:\Users\jenis\.emulator_console_auth_token with an empty string to avoid telnet authentication for emulator commands
[debug] &amp#27;[35m[ADB]&amp#27;[39m Executing Emulator console command: avd name
[debug] &amp#27;[35m[ADB]&amp#27;[39m Found emulator 'Nexus_Emulator' on port 5554
[debug] &amp#27;[35m[ADB]&amp#27;[39m Setting device id to emulator-5554
[debug] &amp#27;[35m[AndroidDriver]&amp#27;[39m Not launching AVD because it is already running.
&amp#27;[35m[AndroidDriver]&amp#27;[39m Using device: emulator-5554
&amp#27;[35m[ADB]&amp#27;[39m Using 'adb.exe' from 'C:\Users\jenis\AppData\Local\Android\Sdk\platform-tools\adb.exe'
[debug] &amp#27;[35m[ADB]&amp#27;[39m Running 'C:\Users\jenis\AppData\Local\Android\Sdk\platform-tools\adb.exe -P 5037 start-server'
[debug] &amp#27;[35m[ADB]&amp#27;[39m Setting device id to emulator-5554
[debug] &amp#27;[35m[ADB]&amp#27;[39m Running 'C:\Users\jenis\AppData\Local\Android\Sdk\platform-tools\adb.exe -P 5037 -s emulator-5554 shell getprop ro.build.version.sdk'
[debug] &amp#27;[35m[ADB]&amp#27;[39m Current device property 'ro.build.version.sdk': 30
&amp#27;[35m[ADB]&amp#27;[39m Getting device platform version
[debug] &amp#27;[35m[ADB]&amp#27;[39m Running 'C:\Users\jenis\AppData\Local\Android\Sdk\platform-tools\adb.exe -P 5037 -s emulator-5554 shell getprop ro.build.version.release'
[debug] &amp#27;[35m[ADB]&amp#27;[39m Current device property 'ro.build.version.release': 11
[debug] &amp#27;[35m[ADB]&amp#27;[39m Device API level: 30
&amp#27;[35m[UiAutomator2]&amp#27;[39m Relaxing hidden api policy
[debug] &amp#27;[35m[ADB]&amp#27;[39m Running 'C:\Users\jenis\AppData\Local\Android\Sdk\platform-tools\adb.exe -P 5037 -s emulator-5554 shell 'settings put global hidden_api_policy_pre_p_apps 1;settings put global hidden_api_policy_p_apps 1;settings put global hidden_api_policy 1''
[debug] &amp#27;[35m[AndroidDriver]&amp#27;[39m Parsing package and activity from app manifest
&amp#27;[35m[ADB]&amp#27;[39m Package name: 'io.appium.android.apis'
&amp#27;[35m[ADB]&amp#27;[39m Main activity name: 'ApiDemos'
[debug] &amp#27;[35m[AndroidDriver]&amp#27;[39m Parsed package and activity are: io.appium.android.apis/ApiDemos
[debug] &amp#27;[35m[ADB]&amp#27;[39m Running 'C:\Users\jenis\AppData\Local\Android\Sdk\platform-tools\adb.exe -P 5037 -s emulator-5554 wait-for-device'
[debug] &amp#27;[35m[ADB]&amp#27;[39m Running 'C:\Users\jenis\AppData\Local\Android\Sdk\platform-tools\adb.exe -P 5037 -s emulator-5554 shell echo ping'
[debug] &amp#27;[35m[AndroidDriver]&amp#27;[39m Pushing settings apk to device...
[debug] &amp#27;[35m[ADB]&amp#27;[39m Getting install status for io.appium.settings
[debug] &amp#27;[35m[ADB]&amp#27;[39m Running 'C:\Users\jenis\AppData\Local\Android\Sdk\platform-tools\adb.exe -P 5037 -s emulator-5554 shell dumpsys package io.appium.settings'
[debug] &amp#27;[35m[ADB]&amp#27;[39m 'io.appium.settings' is installed
[debug] &amp#27;[35m[ADB]&amp#27;[39m Getting package info for 'io.appium.settings'
[debug] &amp#27;[35m[ADB]&amp#27;[39m Running 'C:\Users\jenis\AppData\Local\Android\Sdk\platform-tools\adb.exe -P 5037 -s emulator-5554 shell dumpsys package io.appium.settings'
[debug] &amp#27;[35m[ADB]&amp#27;[39m The version name of the installed 'io.appium.settings' is greater or equal to the application version name ('3.2.1' >= '3.2.1')
[debug] &amp#27;[35m[ADB]&amp#27;[39m There is no need to install/upgrade 'C:\Users\jenis\AppData\Roaming\npm\node_modules\appium\node_modules\io.appium.settings\apks\settings_apk-debug.apk'
[debug] &amp#27;[35m[ADB]&amp#27;[39m Getting IDs of all 'io.appium.settings' processes
[debug] &amp#27;[35m[ADB]&amp#27;[39m Running 'C:\Users\jenis\AppData\Local\Android\Sdk\platform-tools\adb.exe -P 5037 -s emulator-5554 shell 'pgrep --help; echo $?''
[debug] &amp#27;[35m[ADB]&amp#27;[39m Running 'C:\Users\jenis\AppData\Local\Android\Sdk\platform-tools\adb.exe -P 5037 -s emulator-5554 shell pgrep -f \(\[\[:blank:\]\]\|\^\)io\.appium\.settings\(\[\[:blank:\]\]\|\$\)'
[debug] &amp#27;[35m[AndroidDriver]&amp#27;[39m io.appium.settings is already running. There is no need to reset its permissions.
[debug] &amp#27;[35m[Logcat]&amp#27;[39m Starting logs capture with command: C:\\Users\\jenis\\AppData\\Local\\Android\\Sdk\\platform-tools\\adb.exe -P 5037 -s emulator-5554 logcat -v threadtime
[debug] &amp#27;[35m[UiAutomator2]&amp#27;[39m Forwarding UiAutomator2 Server port 6790 to local port 8201
[debug] &amp#27;[35m[ADB]&amp#27;[39m Forwarding system: 8201 to device: 6790
[debug] &amp#27;[35m[ADB]&amp#27;[39m Running 'C:\Users\jenis\AppData\Local\Android\Sdk\platform-tools\adb.exe -P 5037 -s emulator-5554 forward tcp:8201 tcp:6790'
[debug] &amp#27;[35m[ADB]&amp#27;[39m Getting install status for io.appium.uiautomator2.server
[debug] &amp#27;[35m[ADB]&amp#27;[39m Running 'C:\Users\jenis\AppData\Local\Android\Sdk\platform-tools\adb.exe -P 5037 -s emulator-5554 shell dumpsys package io.appium.uiautomator2.server'
[debug] &amp#27;[35m[ADB]&amp#27;[39m 'io.appium.uiautomator2.server' is installed
[debug] &amp#27;[35m[ADB]&amp#27;[39m Getting package info for 'io.appium.uiautomator2.server'
[debug] &amp#27;[35m[ADB]&amp#27;[39m Running 'C:\Users\jenis\AppData\Local\Android\Sdk\platform-tools\adb.exe -P 5037 -s emulator-5554 shell dumpsys package io.appium.uiautomator2.server'
[debug] &amp#27;[35m[ADB]&amp#27;[39m The version name of the installed 'io.appium.uiautomator2.server' is greater or equal to the application version name ('4.17.2' >= '4.17.2')
[debug] &amp#27;[35m[UiAutomator2]&amp#27;[39m io.appium.uiautomator2.server installation state: sameVersionInstalled
[debug] &amp#27;[35m[ADB]&amp#27;[39m Checking app cert for C:\Users\jenis\AppData\Roaming\npm\node_modules\appium\node_modules\appium-uiautomator2-server\apks\appium-uiautomator2-server-v4.17.2.apk
&amp#27;[35m[ADB]&amp#27;[39m Using 'apksigner.jar' from 'C:\Users\jenis\AppData\Local\Android\Sdk\build-tools\30.0.3\lib\apksigner.jar'
[debug] &amp#27;[35m[ADB]&amp#27;[39m Starting apksigner: 'C:\\Program Files\\Java\\jre1.8.0_271\\bin\\java.exe' -Xmx1024M -Xss1m -jar C:\\Users\\jenis\\AppData\\Local\\Android\\Sdk\\build-tools\\30.0.3\\lib\\apksigner.jar verify --print-certs C:\\Users\\jenis\\AppData\\Roaming\\npm\\node_modules\\appium\\node_modules\\appium-uiautomator2-server\\apks\\appium-uiautomator2-server-v4.17.2.apk
[debug] &amp#27;[35m[ADB]&amp#27;[39m apksigner stdout: Signer #1 certificate DN: EMAILADDRESS=android@android.com, CN=Android, OU=Android, O=Android, L=Mountain View, ST=California, C=US
[debug] &amp#27;[35m[ADB]&amp#27;[39m Signer #1 certificate SHA-256 digest: a40da80a59d170caa950cf15c18c454d47a39b26989d8b640ecd745ba71bf5dc
[debug] &amp#27;[35m[ADB]&amp#27;[39m Signer #1 certificate SHA-1 digest: 61ed377e85d386a8dfee6b864bd85b0bfaa5af81
[debug] &amp#27;[35m[ADB]&amp#27;[39m Signer #1 certificate MD5 digest: e89b158e4bcf988ebd09eb83f5378e87
[debug] &amp#27;[35m[ADB]&amp#27;[39m 
[debug] &amp#27;[35m[ADB]&amp#27;[39m sha256 hash did match for 'appium-uiautomator2-server-v4.17.2.apk'
&amp#27;[35m[ADB]&amp#27;[39m 'C:\Users\jenis\AppData\Roaming\npm\node_modules\appium\node_modules\appium-uiautomator2-server\apks\appium-uiautomator2-server-v4.17.2.apk' is signed with the default certificate
[debug] &amp#27;[35m[ADB]&amp#27;[39m Getting install status for io.appium.uiautomator2.server.test
[debug] &amp#27;[35m[ADB]&amp#27;[39m Running 'C:\Users\jenis\AppData\Local\Android\Sdk\platform-tools\adb.exe -P 5037 -s emulator-5554 shell dumpsys package io.appium.uiautomator2.server.test'
[debug] &amp#27;[35m[ADB]&amp#27;[39m 'io.appium.uiautomator2.server.test' is installed
[debug] &amp#27;[35m[ADB]&amp#27;[39m Checking app cert for C:\Users\jenis\AppData\Roaming\npm\node_modules\appium\node_modules\appium-uiautomator2-server\apks\appium-uiautomator2-server-debug-androidTest.apk
[debug] &amp#27;[35m[ADB]&amp#27;[39m Starting apksigner: 'C:\\Program Files\\Java\\jre1.8.0_271\\bin\\java.exe' -Xmx1024M -Xss1m -jar C:\\Users\\jenis\\AppData\\Local\\Android\\Sdk\\build-tools\\30.0.3\\lib\\apksigner.jar verify --print-certs C:\\Users\\jenis\\AppData\\Roaming\\npm\\node_modules\\appium\\node_modules\\appium-uiautomator2-server\\apks\\appium-uiautomator2-server-debug-androidTest.apk
[debug] &amp#27;[35m[ADB]&amp#27;[39m apksigner stdout: Signer #1 certificate DN: EMAILADDRESS=android@android.com, CN=Android, OU=Android, O=Android, L=Mountain View, ST=California, C=US
[debug] &amp#27;[35m[ADB]&amp#27;[39m Signer #1 certificate SHA-256 digest: a40da80a59d170caa950cf15c18c454d47a39b26989d8b640ecd745ba71bf5dc
[debug] &amp#27;[35m[ADB]&amp#27;[39m Signer #1 certificate SHA-1 digest: 61ed377e85d386a8dfee6b864bd85b0bfaa5af81
[debug] &amp#27;[35m[ADB]&amp#27;[39m Signer #1 certificate MD5 digest: e89b158e4bcf988ebd09eb83f5378e87
[debug] &amp#27;[35m[ADB]&amp#27;[39m 
[debug] &amp#27;[35m[ADB]&amp#27;[39m sha256 hash did match for 'appium-uiautomator2-server-debug-androidTest.apk'
&amp#27;[35m[ADB]&amp#27;[39m 'C:\Users\jenis\AppData\Roaming\npm\node_modules\appium\node_modules\appium-uiautomator2-server\apks\appium-uiautomator2-server-debug-androidTest.apk' is signed with the default certificate
&amp#27;[35m[UiAutomator2]&amp#27;[39m Server packages are not going to be (re)installed
[debug] &amp#27;[35m[UiAutomator2]&amp#27;[39m Waiting up to 30000ms for services to be available
[debug] &amp#27;[35m[ADB]&amp#27;[39m Running 'C:\Users\jenis\AppData\Local\Android\Sdk\platform-tools\adb.exe -P 5037 -s emulator-5554 shell pm list instrumentation'
[debug] &amp#27;[35m[UiAutomator2]&amp#27;[39m Instrumentation target 'io.appium.uiautomator2.server.test/androidx.test.runner.AndroidJUnitRunner' is available
&amp#27;[35m[ADB]&amp#27;[39m Adding packages ["io.appium.settings","io.appium.uiautomator2.server","io.appium.uiautomator2.server.test"] to Doze whitelist
[debug] &amp#27;[35m[ADB]&amp#27;[39m Got the following command chunks to execute: [["dumpsys","deviceidle","whitelist","+io.appium.settings",";","dumpsys","deviceidle","whitelist","+io.appium.uiautomator2.server",";","dumpsys","deviceidle","whitelist","+io.appium.uiautomator2.server.test",";"]]
[debug] &amp#27;[35m[ADB]&amp#27;[39m Running 'C:\Users\jenis\AppData\Local\Android\Sdk\platform-tools\adb.exe -P 5037 -s emulator-5554 shell dumpsys deviceidle whitelist +io.appium.settings ; dumpsys deviceidle whitelist +io.appium.uiautomator2.server ; dumpsys deviceidle whitelist +io.appium.uiautomator2.server.test ;'
[debug] &amp#27;[35m[ADB]&amp#27;[39m Checking app cert for D:\Selenium\AppiumFramework\src\ApiDemos-debug.apk
[debug] &amp#27;[35m[ADB]&amp#27;[39m Starting apksigner: 'C:\\Program Files\\Java\\jre1.8.0_271\\bin\\java.exe' -Xmx1024M -Xss1m -jar C:\\Users\\jenis\\AppData\\Local\\Android\\Sdk\\build-tools\\30.0.3\\lib\\apksigner.jar verify --print-certs D:\\Selenium\\AppiumFramework\\src\\ApiDemos-debug.apk
[debug] &amp#27;[35m[ADB]&amp#27;[39m apksigner stdout: Signer #1 certificate DN: EMAILADDRESS=android@android.com, CN=Android, OU=Android, O=Android, L=Mountain View, ST=California, C=US
[debug] &amp#27;[35m[ADB]&amp#27;[39m Signer #1 certificate SHA-256 digest: a40da80a59d170caa950cf15c18c454d47a39b26989d8b640ecd745ba71bf5dc
[debug] &amp#27;[35m[ADB]&amp#27;[39m Signer #1 certificate SHA-1 digest: 61ed377e85d386a8dfee6b864bd85b0bfaa5af81
[debug] &amp#27;[35m[ADB]&amp#27;[39m Signer #1 certificate MD5 digest: e89b158e4bcf988ebd09eb83f5378e87
[debug] &amp#27;[35m[ADB]&amp#27;[39m 
[debug] &amp#27;[35m[ADB]&amp#27;[39m sha256 hash did match for 'ApiDemos-debug.apk'
&amp#27;[35m[ADB]&amp#27;[39m 'D:\Selenium\AppiumFramework\src\ApiDemos-debug.apk' is signed with the default certificate
[debug] &amp#27;[35m[ADB]&amp#27;[39m Getting install status for io.appium.android.apis
[debug] &amp#27;[35m[ADB]&amp#27;[39m Running 'C:\Users\jenis\AppData\Local\Android\Sdk\platform-tools\adb.exe -P 5037 -s emulator-5554 shell dumpsys package io.appium.android.apis'
[debug] &amp#27;[35m[ADB]&amp#27;[39m 'io.appium.android.apis' is not installed
[debug] &amp#27;[35m[ADB]&amp#27;[39m App 'D:\Selenium\AppiumFramework\src\ApiDemos-debug.apk' is not installed
[debug] &amp#27;[35m[ADB]&amp#27;[39m Installing 'D:\Selenium\AppiumFramework\src\ApiDemos-debug.apk'
[debug] &amp#27;[35m[ADB]&amp#27;[39m Running 'C:\Users\jenis\AppData\Local\Android\Sdk\platform-tools\adb.exe -P 5037 -s emulator-5554 help'
[debug] &amp#27;[35m[ADB]&amp#27;[39m Running 'C:\Users\jenis\AppData\Local\Android\Sdk\platform-tools\adb.exe -P 5037 -s emulator-5554 features'
&amp#27;[35m[ADB]&amp#27;[39m The application at 'D:\Selenium\AppiumFramework\src\ApiDemos-debug.apk' will not be cached, because the device under test has confirmed the support of streamed installs
[debug] &amp#27;[35m[ADB]&amp#27;[39m Running 'C:\Users\jenis\AppData\Local\Android\Sdk\platform-tools\adb.exe -P 5037 -s emulator-5554 install D:\Selenium\AppiumFramework\src\ApiDemos-debug.apk'
&amp#27;[35m[ADB]&amp#27;[39m The installation of 'ApiDemos-debug.apk' took 480ms
[debug] &amp#27;[35m[ADB]&amp#27;[39m Install command stdout: Performing Streamed Install
[debug] &amp#27;[35m[ADB]&amp#27;[39m Success
[debug] &amp#27;[35m[UiAutomator2]&amp#27;[39m Performing shallow cleanup of automation leftovers
[debug] &amp#27;[35m[UiAutomator2]&amp#27;[39m The following obsolete sessions are still running: [null]
[debug] &amp#27;[35m[UiAutomator2]&amp#27;[39m Cleaning up the obsolete sessions
[debug] &amp#27;[35m[ADB]&amp#27;[39m Running 'C:\Users\jenis\AppData\Local\Android\Sdk\platform-tools\adb.exe -P 5037 -s emulator-5554 shell am force-stop io.appium.uiautomator2.server.test'
&amp#27;[35m[UiAutomator2]&amp#27;[39m Starting UIAutomator2 server 4.17.2
&amp#27;[35m[UiAutomator2]&amp#27;[39m Using UIAutomator2 server from 'C:\Users\jenis\AppData\Roaming\npm\node_modules\appium\node_modules\appium-uiautomator2-server\apks\appium-uiautomator2-server-v4.17.2.apk' and test from 'C:\Users\jenis\AppData\Roaming\npm\node_modules\appium\node_modules\appium-uiautomator2-server\apks\appium-uiautomator2-server-debug-androidTest.apk'
&amp#27;[35m[UiAutomator2]&amp#27;[39m Waiting up to 30000ms for UiAutomator2 to be online...
[debug] &amp#27;[35m[ADB]&amp#27;[39m Creating ADB subprocess with args: ["-P",5037,"-s","emulator-5554","shell","am","instrument","-w","io.appium.uiautomator2.server.test/androidx.test.runner.AndroidJUnitRunner"]
[debug] &amp#27;[35m[WD Proxy]&amp#27;[39m Matched '/status' to command name 'getStatus'
[debug] &amp#27;[35m[WD Proxy]&amp#27;[39m Proxying [GET /status] to [GET http://127.0.0.1:8201/wd/hub/status] with no body
&amp#27;[35m[WD Proxy]&amp#27;[39m socket hang up
[debug] &amp#27;[35m[WD Proxy]&amp#27;[39m Matched '/status' to command name 'getStatus'
[debug] &amp#27;[35m[WD Proxy]&amp#27;[39m Proxying [GET /status] to [GET http://127.0.0.1:8201/wd/hub/status] with no body
&amp#27;[35m[WD Proxy]&amp#27;[39m socket hang up
[debug] &amp#27;[35m[Instrumentation]&amp#27;[39m io.appium.uiautomator2.server.test.AppiumUiAutomator2Server:
[debug] &amp#27;[35m[WD Proxy]&amp#27;[39m Matched '/status' to command name 'getStatus'
[debug] &amp#27;[35m[WD Proxy]&amp#27;[39m Proxying [GET /status] to [GET http://127.0.0.1:8201/wd/hub/status] with no body
&amp#27;[35m[WD Proxy]&amp#27;[39m socket hang up
[debug] &amp#27;[35m[WD Proxy]&amp#27;[39m Matched '/status' to command name 'getStatus'
[debug] &amp#27;[35m[WD Proxy]&amp#27;[39m Proxying [GET /status] to [GET http://127.0.0.1:8201/wd/hub/status] with no body
[debug] &amp#27;[35m[WD Proxy]&amp#27;[39m Got response with status 200: {"sessionId":"None","value":{"message":"UiAutomator2 Server is ready to accept commands","ready":true}}
[debug] &amp#27;[35m[UiAutomator2]&amp#27;[39m The initialization of the instrumentation process took 3225ms
[debug] &amp#27;[35m[WD Proxy]&amp#27;[39m Matched '/session' to command name 'createSession'
[debug] &amp#27;[35m[WD Proxy]&amp#27;[39m Proxying [POST /session] to [POST http://127.0.0.1:8201/wd/hub/session] with body: {"capabilities":{"firstMatch":[{"platform":"LINUX","webStorageEnabled":false,"takesScreenshot":true,"javascriptEnabled":true,"databaseEnabled":false,"networkConnectionEnabled":true,"locationContextEnabled":false,"warnings":{},"desired":{"platformName":"android","app":"D:\\Selenium\\AppiumFramework\\src\\ApiDemos-debug.apk","automationName":"uiautomator2","avd":"Nexus_Emulator","deviceName":"Nexus_Emulator","fullReset":false,"noReset":true},"platformName":"android","app":"D:\\Selenium\\AppiumFramework\\src\\ApiDemos-debug.apk","automationName":"uiautomator2","avd":"Nexus_Emulator","deviceName":"emulator-5554","fullReset":false,"noReset":true,"deviceUDID":"emulator-5554","appPackage":"io.appium.android.apis"}],"alwaysMatch":{}}}
[debug] &amp#27;[35m[WD Proxy]&amp#27;[39m Got response with status 200: {"sessionId":"fd19ca9d-ec37-4410-b51a-11798046d979","value":{"capabilities":{"firstMatch":[{"platform":"LINUX","webStorageEnabled":false,"takesScreenshot":true,"javascriptEnabled":true,"databaseEnabled":false,"networkConnectionEnabled":true,"locationContextEnabled":false,"warnings":{},"desired":{"platformName":"android","app":"D:\\Selenium\\AppiumFramework\\src\\ApiDemos-debug.apk","automationName":"uiautomator2","avd":"Nexus_Emulator","deviceName":"Nexus_Emulator","fullReset":false,"noReset":true},"platformName":"android","app":"D:\\Selenium\\AppiumFramework\\src\\ApiDemos-debug.apk","automationName":"uiautomator2","avd":"Nexus_Emulator","deviceName":"emulator-5554","fullReset":false,"noReset":true,"deviceUDID":"emulator-5554","appPackage":"io.appium.android.apis"}],"alwaysMatch":{}},"sessionId":"fd19ca9d-ec37-4410-b51a-11798046d979"}}
&amp#27;[35m[WD Proxy]&amp#27;[39m Determined the downstream protocol as 'W3C'
[debug] &amp#27;[35m[WD Proxy]&amp#27;[39m Proxying [GET /appium/device/info] to [GET http://127.0.0.1:8201/wd/hub/session/fd19ca9d-ec37-4410-b51a-11798046d979/appium/device/info] with no body
[debug] &amp#27;[35m[WD Proxy]&amp#27;[39m Got response with status 200: {"sessionId":"fd19ca9d-ec37-4410-b51a-11798046d979","value":{"androidId":"7ee336f46df1affe","apiVersion":"30","bluetooth":{"state":"ON"},"brand":"google","carrierName":"Android","displayDensity":440,"locale":"en_US","manufacturer":"Google","model":"sdk_gphone_x86_arm","networks":[{"capabilities":{"SSID":null,"linkDownBandwidthKbps":30000,"linkUpstreamBandwidthKbps":15000,"networkCapabilities":"NET_CAPABILITY_MMS,NET_CAPABILITY_SUPL,NET_CAPABILITY_DUN,NET_CAPABILITY_FOTA,NET_CAPABILITY_IMS,NET_CAPABILITY_CBS,NET_CAPABILITY_INTERNET,NET_CAPABILITY_NOT_RESTRICTED,NET_CAPABILITY_TRUSTED,NET_CAPABILITY_NOT_VPN,NET_CAPABILITY_VALIDATED,NET_CAPABILITY_NOT_ROAMING,NET_CAPABILITY_NOT_CONGESTED,NET_CAPABILITY_NOT_SUSPENDED","signalStrength":-2147483648,"transportTypes":"TRANSPORT_CELLULAR"},"detailedState":"CONNECTED","extraInfo":"epc.tmobile.com","isAvailable":true,"isConnected":true,"isFailover":false,"isRoaming":false,"state":"CONNECTED","subtype":13,"subtypeName":"LTE","type":0,"typeName":"MOBILE"},{"capabilitie...
[debug] &amp#27;[35m[ADB]&amp#27;[39m Running 'C:\Users\jenis\AppData\Local\Android\Sdk\platform-tools\adb.exe -P 5037 -s emulator-5554 shell dumpsys window'
&amp#27;[35m[AndroidDriver]&amp#27;[39m Screen already unlocked, doing nothing
&amp#27;[35m[UiAutomator2]&amp#27;[39m Starting 'io.appium.android.apis/ApiDemos and waiting for 'io.appium.android.apis/ApiDemos'
[debug] &amp#27;[35m[ADB]&amp#27;[39m Running 'C:\Users\jenis\AppData\Local\Android\Sdk\platform-tools\adb.exe -P 5037 -s emulator-5554 shell am start -W -n io.appium.android.apis/ApiDemos -S -a android.intent.action.MAIN -c android.intent.category.LAUNCHER -f 0x10200000'
[debug] &amp#27;[35m[ADB]&amp#27;[39m We tried to start an activity that doesn't exist, retrying with '.ApiDemos' activity name
[debug] &amp#27;[35m[ADB]&amp#27;[39m Running 'C:\Users\jenis\AppData\Local\Android\Sdk\platform-tools\adb.exe -P 5037 -s emulator-5554 shell am start -W -n io.appium.android.apis/.ApiDemos -S -a android.intent.action.MAIN -c android.intent.category.LAUNCHER -f 0x10200000'
[debug] &amp#27;[35m[ADB]&amp#27;[39m Waiting up to 20000ms for activity matching pkg: 'io.appium.android.apis' and activity: 'ApiDemos' to be focused
[debug] &amp#27;[35m[ADB]&amp#27;[39m Possible activities, to be checked: 'ApiDemos', 'io.appium.android.apis.ApiDemos'
[debug] &amp#27;[35m[ADB]&amp#27;[39m Getting focused package and activity
[debug] &amp#27;[35m[ADB]&amp#27;[39m Running 'C:\Users\jenis\AppData\Local\Android\Sdk\platform-tools\adb.exe -P 5037 -s emulator-5554 shell dumpsys window displays'
[debug] &amp#27;[35m[ADB]&amp#27;[39m Found package: 'com.google.android.permissioncontroller' and fully qualified activity name : 'com.android.permissioncontroller.permission.ui.ReviewPermissionsActivity'
[debug] &amp#27;[35m[ADB]&amp#27;[39m Incorrect package and activity. Retrying.
[debug] &amp#27;[35m[ADB]&amp#27;[39m Getting focused package and activity
[debug] &amp#27;[35m[ADB]&amp#27;[39m Running 'C:\Users\jenis\AppData\Local\Android\Sdk\platform-tools\adb.exe -P 5037 -s emulator-5554 shell dumpsys window displays'
[debug] &amp#27;[35m[ADB]&amp#27;[39m Found package: 'com.google.android.permissioncontroller' and fully qualified activity name : 'com.android.permissioncontroller.permission.ui.ReviewPermissionsActivity'
[debug] &amp#27;[35m[ADB]&amp#27;[39m Incorrect package and activity. Retrying.
[debug] &amp#27;[35m[ADB]&amp#27;[39m Getting focused package and activity
[debug] &amp#27;[35m[ADB]&amp#27;[39m Running 'C:\Users\jenis\AppData\Local\Android\Sdk\platform-tools\adb.exe -P 5037 -s emulator-5554 shell dumpsys window displays'
[debug] &amp#27;[35m[ADB]&amp#27;[39m Found package: 'com.google.android.permissioncontroller' and fully qualified activity name : 'com.android.permissioncontroller.permission.ui.ReviewPermissionsActivity'
[debug] &amp#27;[35m[ADB]&amp#27;[39m Incorrect package and activity. Retrying.
[debug] &amp#27;[35m[ADB]&amp#27;[39m Getting focused package and activity
[debug] &amp#27;[35m[ADB]&amp#27;[39m Running 'C:\Users\jenis\AppData\Local\Android\Sdk\platform-tools\adb.exe -P 5037 -s emulator-5554 shell dumpsys window displays'
[debug] &amp#27;[35m[ADB]&amp#27;[39m Found package: 'com.google.android.permissioncontroller' and fully qualified activity name : 'com.android.permissioncontroller.permission.ui.ReviewPermissionsActivity'
[debug] &amp#27;[35m[ADB]&amp#27;[39m Incorrect package and activity. Retrying.
[debug] &amp#27;[35m[ADB]&amp#27;[39m Getting focused package and activity
[debug] &amp#27;[35m[ADB]&amp#27;[39m Running 'C:\Users\jenis\AppData\Local\Android\Sdk\platform-tools\adb.exe -P 5037 -s emulator-5554 shell dumpsys window displays'
[debug] &amp#27;[35m[ADB]&amp#27;[39m Found package: 'com.google.android.permissioncontroller' and fully qualified activity name : 'com.android.permissioncontroller.permission.ui.ReviewPermissionsActivity'
[debug] &amp#27;[35m[ADB]&amp#27;[39m Incorrect package and activity. Retrying.
[debug] &amp#27;[35m[ADB]&amp#27;[39m Getting focused package and activity
[debug] &amp#27;[35m[ADB]&amp#27;[39m Running 'C:\Users\jenis\AppData\Local\Android\Sdk\platform-tools\adb.exe -P 5037 -s emulator-5554 shell dumpsys window displays'
[debug] &amp#27;[35m[ADB]&amp#27;[39m Found package: 'com.google.android.permissioncontroller' and fully qualified activity name : 'com.android.permissioncontroller.permission.ui.ReviewPermissionsActivity'
[debug] &amp#27;[35m[ADB]&amp#27;[39m Incorrect package and activity. Retrying.
[debug] &amp#27;[35m[ADB]&amp#27;[39m Getting focused package and activity
[debug] &amp#27;[35m[ADB]&amp#27;[39m Running 'C:\Users\jenis\AppData\Local\Android\Sdk\platform-tools\adb.exe -P 5037 -s emulator-5554 shell dumpsys window displays'
[debug] &amp#27;[35m[ADB]&amp#27;[39m Found package: 'com.google.android.permissioncontroller' and fully qualified activity name : 'com.android.permissioncontroller.permission.ui.ReviewPermissionsActivity'
[debug] &amp#27;[35m[ADB]&amp#27;[39m Incorrect package and activity. Retrying.
[debug] &amp#27;[35m[ADB]&amp#27;[39m Getting focused package and activity
[debug] &amp#27;[35m[ADB]&amp#27;[39m Running 'C:\Users\jenis\AppData\Local\Android\Sdk\platform-tools\adb.exe -P 5037 -s emulator-5554 shell dumpsys window displays'
[debug] &amp#27;[35m[ADB]&amp#27;[39m Found package: 'com.google.android.permissioncontroller' and fully qualified activity name : 'com.android.permissioncontroller.permission.ui.ReviewPermissionsActivity'
[debug] &amp#27;[35m[ADB]&amp#27;[39m Incorrect package and activity. Retrying.
[debug] &amp#27;[35m[ADB]&amp#27;[39m Getting focused package and activity
[debug] &amp#27;[35m[ADB]&amp#27;[39m Running 'C:\Users\jenis\AppData\Local\Android\Sdk\platform-tools\adb.exe -P 5037 -s emulator-5554 shell dumpsys window displays'
[debug] &amp#27;[35m[ADB]&amp#27;[39m Found package: 'com.google.android.permissioncontroller' and fully qualified activity name : 'com.android.permissioncontroller.permission.ui.ReviewPermissionsActivity'
[debug] &amp#27;[35m[ADB]&amp#27;[39m Incorrect package and activity. Retrying.
[debug] &amp#27;[35m[ADB]&amp#27;[39m Getting focused package and activity
[debug] &amp#27;[35m[ADB]&amp#27;[39m Running 'C:\Users\jenis\AppData\Local\Android\Sdk\platform-tools\adb.exe -P 5037 -s emulator-5554 shell dumpsys window displays'
[debug] &amp#27;[35m[ADB]&amp#27;[39m Found package: 'com.google.android.permissioncontroller' and fully qualified activity name : 'com.android.permissioncontroller.permission.ui.ReviewPermissionsActivity'
[debug] &amp#27;[35m[ADB]&amp#27;[39m Incorrect package and activity. Retrying.
[debug] &amp#27;[35m[ADB]&amp#27;[39m Getting focused package and activity
[debug] &amp#27;[35m[ADB]&amp#27;[39m Running 'C:\Users\jenis\AppData\Local\Android\Sdk\platform-tools\adb.exe -P 5037 -s emulator-5554 shell dumpsys window displays'
[debug] &amp#27;[35m[ADB]&amp#27;[39m Found package: 'com.google.android.permissioncontroller' and fully qualified activity name : 'com.android.permissioncontroller.permission.ui.ReviewPermissionsActivity'
[debug] &amp#27;[35m[ADB]&amp#27;[39m Incorrect package and activity. Retrying.
[debug] &amp#27;[35m[ADB]&amp#27;[39m Getting focused package and activity
[debug] &amp#27;[35m[ADB]&amp#27;[39m Running 'C:\Users\jenis\AppData\Local\Android\Sdk\platform-tools\adb.exe -P 5037 -s emulator-5554 shell dumpsys window displays'
[debug] &amp#27;[35m[ADB]&amp#27;[39m Found package: 'com.google.android.permissioncontroller' and fully qualified activity name : 'com.android.permissioncontroller.permission.ui.ReviewPermissionsActivity'
[debug] &amp#27;[35m[ADB]&amp#27;[39m Incorrect package and activity. Retrying.
[debug] &amp#27;[35m[ADB]&amp#27;[39m Getting focused package and activity
[debug] &amp#27;[35m[ADB]&amp#27;[39m Running 'C:\Users\jenis\AppData\Local\Android\Sdk\platform-tools\adb.exe -P 5037 -s emulator-5554 shell dumpsys window displays'
[debug] &amp#27;[35m[ADB]&amp#27;[39m Found package: 'com.google.android.permissioncontroller' and fully qualified activity name : 'com.android.permissioncontroller.permission.ui.ReviewPermissionsActivity'
[debug] &amp#27;[35m[ADB]&amp#27;[39m Incorrect package and activity. Retrying.
[debug] &amp#27;[35m[ADB]&amp#27;[39m Getting focused package and activity
[debug] &amp#27;[35m[ADB]&amp#27;[39m Running 'C:\Users\jenis\AppData\Local\Android\Sdk\platform-tools\adb.exe -P 5037 -s emulator-5554 shell dumpsys window displays'
[debug] &amp#27;[35m[ADB]&amp#27;[39m Found package: 'com.google.android.permissioncontroller' and fully qualified activity name : 'com.android.permissioncontroller.permission.ui.ReviewPermissionsActivity'
[debug] &amp#27;[35m[ADB]&amp#27;[39m Incorrect package and activity. Retrying.
[debug] &amp#27;[35m[ADB]&amp#27;[39m Getting focused package and activity
[debug] &amp#27;[35m[ADB]&amp#27;[39m Running 'C:\Users\jenis\AppData\Local\Android\Sdk\platform-tools\adb.exe -P 5037 -s emulator-5554 shell dumpsys window displays'
[debug] &amp#27;[35m[ADB]&amp#27;[39m Found package: 'com.google.android.permissioncontroller' and fully qualified activity name : 'com.android.permissioncontroller.permission.ui.ReviewPermissionsActivity'
[debug] &amp#27;[35m[ADB]&amp#27;[39m Incorrect package and activity. Retrying.
[debug] &amp#27;[35m[ADB]&amp#27;[39m Getting focused package and activity
[debug] &amp#27;[35m[ADB]&amp#27;[39m Running 'C:\Users\jenis\AppData\Local\Android\Sdk\platform-tools\adb.exe -P 5037 -s emulator-5554 shell dumpsys window displays'
[debug] &amp#27;[35m[ADB]&amp#27;[39m Found package: 'com.google.android.permissioncontroller' and fully qualified activity name : 'com.android.permissioncontroller.permission.ui.ReviewPermissionsActivity'
[debug] &amp#27;[35m[ADB]&amp#27;[39m Incorrect package and activity. Retrying.
[debug] &amp#27;[35m[ADB]&amp#27;[39m Getting focused package and activity
[debug] &amp#27;[35m[ADB]&amp#27;[39m Running 'C:\Users\jenis\AppData\Local\Android\Sdk\platform-tools\adb.exe -P 5037 -s emulator-5554 shell dumpsys window displays'
[debug] &amp#27;[35m[ADB]&amp#27;[39m Found package: 'com.google.android.permissioncontroller' and fully qualified activity name : 'com.android.permissioncontroller.permission.ui.ReviewPermissionsActivity'
[debug] &amp#27;[35m[ADB]&amp#27;[39m Incorrect package and activity. Retrying.
[debug] &amp#27;[35m[ADB]&amp#27;[39m Getting focused package and activity
[debug] &amp#27;[35m[ADB]&amp#27;[39m Running 'C:\Users\jenis\AppData\Local\Android\Sdk\platform-tools\adb.exe -P 5037 -s emulator-5554 shell dumpsys window displays'
[debug] &amp#27;[35m[ADB]&amp#27;[39m Found package: 'com.google.android.permissioncontroller' and fully qualified activity name : 'com.android.permissioncontroller.permission.ui.ReviewPermissionsActivity'
[debug] &amp#27;[35m[ADB]&amp#27;[39m Incorrect package and activity. Retrying.
[debug] &amp#27;[35m[ADB]&amp#27;[39m Getting focused package and activity
[debug] &amp#27;[35m[ADB]&amp#27;[39m Running 'C:\Users\jenis\AppData\Local\Android\Sdk\platform-tools\adb.exe -P 5037 -s emulator-5554 shell dumpsys window displays'
[debug] &amp#27;[35m[ADB]&amp#27;[39m Found package: 'com.google.android.permissioncontroller' and fully qualified activity name : 'com.android.permissioncontroller.permission.ui.ReviewPermissionsActivity'
[debug] &amp#27;[35m[ADB]&amp#27;[39m Incorrect package and activity. Retrying.
[debug] &amp#27;[35m[ADB]&amp#27;[39m Getting focused package and activity
[debug] &amp#27;[35m[ADB]&amp#27;[39m Running 'C:\Users\jenis\AppData\Local\Android\Sdk\platform-tools\adb.exe -P 5037 -s emulator-5554 shell dumpsys window displays'
[debug] &amp#27;[35m[ADB]&amp#27;[39m Found package: 'com.google.android.permissioncontroller' and fully qualified activity name : 'com.android.permissioncontroller.permission.ui.ReviewPermissionsActivity'
[debug] &amp#27;[35m[ADB]&amp#27;[39m Incorrect package and activity. Retrying.
[debug] &amp#27;[35m[ADB]&amp#27;[39m Getting focused package and activity
[debug] &amp#27;[35m[ADB]&amp#27;[39m Running 'C:\Users\jenis\AppData\Local\Android\Sdk\platform-tools\adb.exe -P 5037 -s emulator-5554 shell dumpsys window displays'
[debug] &amp#27;[35m[ADB]&amp#27;[39m Found package: 'com.google.android.permissioncontroller' and fully qualified activity name : 'com.android.permissioncontroller.permission.ui.ReviewPermissionsActivity'
[debug] &amp#27;[35m[ADB]&amp#27;[39m Incorrect package and activity. Retrying.
[debug] &amp#27;[35m[ADB]&amp#27;[39m Getting focused package and activity
[debug] &amp#27;[35m[ADB]&amp#27;[39m Running 'C:\Users\jenis\AppData\Local\Android\Sdk\platform-tools\adb.exe -P 5037 -s emulator-5554 shell dumpsys window displays'
[debug] &amp#27;[35m[ADB]&amp#27;[39m Found package: 'com.google.android.permissioncontroller' and fully qualified activity name : 'com.android.permissioncontroller.permission.ui.ReviewPermissionsActivity'
[debug] &amp#27;[35m[ADB]&amp#27;[39m Incorrect package and activity. Retrying.
[debug] &amp#27;[35m[ADB]&amp#27;[39m Getting focused package and activity
[debug] &amp#27;[35m[ADB]&amp#27;[39m Running 'C:\Users\jenis\AppData\Local\Android\Sdk\platform-tools\adb.exe -P 5037 -s emulator-5554 shell dumpsys window displays'
[debug] &amp#27;[35m[ADB]&amp#27;[39m Found package: 'com.google.android.permissioncontroller' and fully qualified activity name : 'com.android.permissioncontroller.permission.ui.ReviewPermissionsActivity'
[debug] &amp#27;[35m[ADB]&amp#27;[39m Incorrect package and activity. Retrying.
[debug] &amp#27;[35m[ADB]&amp#27;[39m Getting focused package and activity
[debug] &amp#27;[35m[ADB]&amp#27;[39m Running 'C:\Users\jenis\AppData\Local\Android\Sdk\platform-tools\adb.exe -P 5037 -s emulator-5554 shell dumpsys window displays'
[debug] &amp#27;[35m[ADB]&amp#27;[39m Found package: 'com.google.android.permissioncontroller' and fully qualified activity name : 'com.android.permissioncontroller.permission.ui.ReviewPermissionsActivity'
[debug] &amp#27;[35m[ADB]&amp#27;[39m Incorrect package and activity. Retrying.
[debug] &amp#27;[35m[ADB]&amp#27;[39m Getting focused package and activity
[debug] &amp#27;[35m[ADB]&amp#27;[39m Running 'C:\Users\jenis\AppData\Local\Android\Sdk\platform-tools\adb.exe -P 5037 -s emulator-5554 shell dumpsys window displays'
[debug] &amp#27;[35m[ADB]&amp#27;[39m Found package: 'com.google.android.permissioncontroller' and fully qualified activity name : 'com.android.permissioncontroller.permission.ui.ReviewPermissionsActivity'
[debug] &amp#27;[35m[ADB]&amp#27;[39m Incorrect package and activity. Retrying.
[debug] &amp#27;[35m[ADB]&amp#27;[39m Getting focused package and activity
[debug] &amp#27;[35m[ADB]&amp#27;[39m Running 'C:\Users\jenis\AppData\Local\Android\Sdk\platform-tools\adb.exe -P 5037 -s emulator-5554 shell dumpsys window displays'
[debug] &amp#27;[35m[ADB]&amp#27;[39m Found package: 'com.google.android.permissioncontroller' and fully qualified activity name : 'com.android.permissioncontroller.permission.ui.ReviewPermissionsActivity'
[debug] &amp#27;[35m[ADB]&amp#27;[39m Incorrect package and activity. Retrying.
[debug] &amp#27;[35m[ADB]&amp#27;[39m Getting focused package and activity
[debug] &amp#27;[35m[ADB]&amp#27;[39m Running 'C:\Users\jenis\AppData\Local\Android\Sdk\platform-tools\adb.exe -P 5037 -s emulator-5554 shell dumpsys window displays'
[debug] &amp#27;[35m[ADB]&amp#27;[39m Found package: 'com.google.android.permissioncontroller' and fully qualified activity name : 'com.android.permissioncontroller.permission.ui.ReviewPermissionsActivity'
[debug] &amp#27;[35m[ADB]&amp#27;[39m Incorrect package and activity. Retrying.
[debug] &amp#27;[35m[ADB]&amp#27;[39m Getting focused package and activity
[debug] &amp#27;[35m[ADB]&amp#27;[39m Running 'C:\Users\jenis\AppData\Local\Android\Sdk\platform-tools\adb.exe -P 5037 -s emulator-5554 shell dumpsys window displays'
[debug] &amp#27;[35m[ADB]&amp#27;[39m Found package: 'com.google.android.permissioncontroller' and fully qualified activity name : 'com.android.permissioncontroller.permission.ui.ReviewPermissionsActivity'
[debug] &amp#27;[35m[ADB]&amp#27;[39m Incorrect package and activity. Retrying.
[debug] &amp#27;[35m[ADB]&amp#27;[39m Getting focused package and activity
[debug] &amp#27;[35m[ADB]&amp#27;[39m Running 'C:\Users\jenis\AppData\Local\Android\Sdk\platform-tools\adb.exe -P 5037 -s emulator-5554 shell dumpsys window displays'
[debug] &amp#27;[35m[ADB]&amp#27;[39m Found package: 'com.google.android.permissioncontroller' and fully qualified activity name : 'com.android.permissioncontroller.permission.ui.ReviewPermissionsActivity'
[debug] &amp#27;[35m[ADB]&amp#27;[39m Incorrect package and activity. Retrying.
[debug] &amp#27;[35m[ADB]&amp#27;[39m Getting focused package and activity
[debug] &amp#27;[35m[ADB]&amp#27;[39m Running 'C:\Users\jenis\AppData\Local\Android\Sdk\platform-tools\adb.exe -P 5037 -s emulator-5554 shell dumpsys window displays'
[debug] &amp#27;[35m[ADB]&amp#27;[39m Found package: 'com.google.android.permissioncontroller' and fully qualified activity name : 'com.android.permissioncontroller.permission.ui.ReviewPermissionsActivity'
[debug] &amp#27;[35m[ADB]&amp#27;[39m Incorrect package and activity. Retrying.
[debug] &amp#27;[35m[ADB]&amp#27;[39m Getting focused package and activity
[debug] &amp#27;[35m[ADB]&amp#27;[39m Running 'C:\Users\jenis\AppData\Local\Android\Sdk\platform-tools\adb.exe -P 5037 -s emulator-5554 shell dumpsys window displays'
[debug] &amp#27;[35m[ADB]&amp#27;[39m Found package: 'com.google.android.permissioncontroller' and fully qualified activity name : 'com.android.permissioncontroller.permission.ui.ReviewPermissionsActivity'
[debug] &amp#27;[35m[ADB]&amp#27;[39m Incorrect package and activity. Retrying.
[debug] &amp#27;[35m[ADB]&amp#27;[39m Getting focused package and activity
[debug] &amp#27;[35m[ADB]&amp#27;[39m Running 'C:\Users\jenis\AppData\Local\Android\Sdk\platform-tools\adb.exe -P 5037 -s emulator-5554 shell dumpsys window displays'
[debug] &amp#27;[35m[ADB]&amp#27;[39m Found package: 'com.google.android.permissioncontroller' and fully qualified activity name : 'com.android.permissioncontroller.permission.ui.ReviewPermissionsActivity'
[debug] &amp#27;[35m[ADB]&amp#27;[39m Incorrect package and activity. Retrying.
[debug] &amp#27;[35m[ADB]&amp#27;[39m Getting focused package and activity
[debug] &amp#27;[35m[ADB]&amp#27;[39m Running 'C:\Users\jenis\AppData\Local\Android\Sdk\platform-tools\adb.exe -P 5037 -s emulator-5554 shell dumpsys window displays'
[debug] &amp#27;[35m[ADB]&amp#27;[39m Found package: 'io.appium.android.apis' and fully qualified activity name : 'io.appium.android.apis.ApiDemos'
[debug] &amp#27;[35m[WD Proxy]&amp#27;[39m Proxying [GET /appium/device/pixel_ratio] to [GET http://127.0.0.1:8201/wd/hub/session/fd19ca9d-ec37-4410-b51a-11798046d979/appium/device/pixel_ratio] with no body
[debug] &amp#27;[35m[WD Proxy]&amp#27;[39m Got response with status 200: {"sessionId":"fd19ca9d-ec37-4410-b51a-11798046d979","value":2.75}
[debug] &amp#27;[35m[WD Proxy]&amp#27;[39m Matched '/appium/device/system_bars' to command name 'getSystemBars'
[debug] &amp#27;[35m[WD Proxy]&amp#27;[39m Proxying [GET /appium/device/system_bars] to [GET http://127.0.0.1:8201/wd/hub/session/fd19ca9d-ec37-4410-b51a-11798046d979/appium/device/system_bars] with no body
[debug] &amp#27;[35m[WD Proxy]&amp#27;[39m Got response with status 200: {"sessionId":"fd19ca9d-ec37-4410-b51a-11798046d979","value":{"statusBar":66}}
[debug] &amp#27;[35m[WD Proxy]&amp#27;[39m Matched '/window/current/size' to command name 'getWindowSize'
[debug] &amp#27;[35m[WD Proxy]&amp#27;[39m Proxying [GET /window/current/size] to [GET http://127.0.0.1:8201/wd/hub/session/fd19ca9d-ec37-4410-b51a-11798046d979/window/current/size] with no body
[debug] &amp#27;[35m[WD Proxy]&amp#27;[39m Got response with status 200: {"sessionId":"fd19ca9d-ec37-4410-b51a-11798046d979","value":{"height":2088,"width":1080}}
&amp#27;[35m[Appium]&amp#27;[39m New AndroidUiautomator2Driver session created successfully, session 1598ee9e-1203-4c9f-8530-f15e122a0321 added to master session list
[debug] &amp#27;[35m[BaseDriver]&amp#27;[39m Event 'newSessionStarted' logged at 1610568982030 (14:16:22 GMT-0600 (Central Standard Time))
[debug] &amp#27;[35m[W3C (1598ee9e)]&amp#27;[39m Cached the protocol value 'W3C' for the new session 1598ee9e-1203-4c9f-8530-f15e122a0321
[debug] &amp#27;[35m[W3C (1598ee9e)]&amp#27;[39m Responding to client with driver.createSession() result: {"capabilities":{"platform":"LINUX","webStorageEnabled":false,"takesScreenshot":true,"javascriptEnabled":true,"databaseEnabled":false,"networkConnectionEnabled":true,"locationContextEnabled":false,"warnings":{},"desired":{"platformName":"android","app":"D:\\Selenium\\AppiumFramework\\src\\ApiDemos-debug.apk","automationName":"uiautomator2","avd":"Nexus_Emulator","deviceName":"Nexus_Emulator","fullReset":false,"noReset":true},"platformName":"android","app":"D:\\Selenium\\AppiumFramework\\src\\ApiDemos-debug.apk","automationName":"uiautomator2","avd":"Nexus_Emulator","deviceName":"emulator-5554","fullReset":false,"noReset":true,"deviceUDID":"emulator-5554","appPackage":"io.appium.android.apis","deviceApiLevel":30,"platformVersion":"11","deviceScreenSize":"1080x2220","deviceScreenDensity":440,"deviceModel":"sdk_gphone_x86_arm","deviceManufacturer":"Google","pixelRatio":2.75,"statBarHeight":66,"viewportRect":{"left":0,"top":66,"width":1080,"height":2022}}}
&amp#27;[35m[HTTP]&amp#27;[39m &amp#27;[37m<-- POST /wd/hub/session &amp#27;[39m&amp#27;[32m200&amp#27;[39m &amp#27;[90m29446 ms - 1027&amp#27;[39m
&amp#27;[35m[HTTP]&amp#27;[39m &amp#27;[90m&amp#27;[39m
&amp#27;[35m[HTTP]&amp#27;[39m &amp#27;[37m-->&amp#27;[39m &amp#27;[37mPOST&amp#27;[39m &amp#27;[37m/wd/hub/session/1598ee9e-1203-4c9f-8530-f15e122a0321/timeouts&amp#27;[39m
&amp#27;[35m[HTTP]&amp#27;[39m &amp#27;[90m{"implicit":10000}&amp#27;[39m
[debug] &amp#27;[35m[W3C (1598ee9e)]&amp#27;[39m Calling AppiumDriver.timeouts() with args: [null,null,null,null,10000,"1598ee9e-1203-4c9f-8530-f15e122a0321"]
[debug] &amp#27;[35m[BaseDriver]&amp#27;[39m W3C timeout argument: {"implicit":10000}}
[debug] &amp#27;[35m[BaseDriver]&amp#27;[39m Set implicit wait to 10000ms
[debug] &amp#27;[35m[W3C (1598ee9e)]&amp#27;[39m Responding to client with driver.timeouts() result: null
&amp#27;[35m[HTTP]&amp#27;[39m &amp#27;[37m<-- POST /wd/hub/session/1598ee9e-1203-4c9f-8530-f15e122a0321/timeouts &amp#27;[39m&amp#27;[32m200&amp#27;[39m &amp#27;[90m8 ms - 14&amp#27;[39m
&amp#27;[35m[HTTP]&amp#27;[39m &amp#27;[90m&amp#27;[39m
&amp#27;[35m[HTTP]&amp#27;[39m &amp#27;[37m-->&amp#27;[39m &amp#27;[37mGET&amp#27;[39m &amp#27;[37m/wd/hub/session/1598ee9e-1203-4c9f-8530-f15e122a0321/context&amp#27;[39m
&amp#27;[35m[HTTP]&amp#27;[39m &amp#27;[90m{}&amp#27;[39m
[debug] &amp#27;[35m[W3C (1598ee9e)]&amp#27;[39m Calling AppiumDriver.getCurrentContext() with args: ["1598ee9e-1203-4c9f-8530-f15e122a0321"]
[debug] &amp#27;[35m[W3C (1598ee9e)]&amp#27;[39m Responding to client with driver.getCurrentContext() result: "NATIVE_APP"
&amp#27;[35m[HTTP]&amp#27;[39m &amp#27;[37m<-- GET /wd/hub/session/1598ee9e-1203-4c9f-8530-f15e122a0321/context &amp#27;[39m&amp#27;[32m200&amp#27;[39m &amp#27;[90m6 ms - 22&amp#27;[39m
&amp#27;[35m[HTTP]&amp#27;[39m &amp#27;[90m&amp#27;[39m
&amp#27;[35m[HTTP]&amp#27;[39m &amp#27;[37m-->&amp#27;[39m &amp#27;[37mPOST&amp#27;[39m &amp#27;[37m/wd/hub/session/1598ee9e-1203-4c9f-8530-f15e122a0321/element&amp#27;[39m
&amp#27;[35m[HTTP]&amp#27;[39m &amp#27;[90m{"using":"xpath","value":"//android.widget.TextView[@text='Preference']"}&amp#27;[39m
[debug] &amp#27;[35m[W3C (1598ee9e)]&amp#27;[39m Calling AppiumDriver.findElement() with args: ["xpath","//android.widget.TextView[@text='Preference']","1598ee9e-1203-4c9f-8530-f15e122a0321"]
[debug] &amp#27;[35m[BaseDriver]&amp#27;[39m Valid locator strategies for this request: xpath, id, class name, accessibility id, css selector, -android uiautomator
[debug] &amp#27;[35m[BaseDriver]&amp#27;[39m Waiting up to 10000 ms for condition
[debug] &amp#27;[35m[WD Proxy]&amp#27;[39m Matched '/element' to command name 'findElement'
[debug] &amp#27;[35m[WD Proxy]&amp#27;[39m Proxying [POST /element] to [POST http://127.0.0.1:8201/wd/hub/session/fd19ca9d-ec37-4410-b51a-11798046d979/element] with body: {"strategy":"xpath","selector":"//android.widget.TextView[@text='Preference']","context":"","multiple":false}
[debug] &amp#27;[35m[WD Proxy]&amp#27;[39m Got response with status 200: {"sessionId":"fd19ca9d-ec37-4410-b51a-11798046d979","value":{"ELEMENT":"ae69fb45-0229-42d5-be7e-47050132b0f0","element-6066-11e4-a52e-4f735466cecf":"ae69fb45-0229-42d5-be7e-47050132b0f0"}}
[debug] &amp#27;[35m[W3C (1598ee9e)]&amp#27;[39m Responding to client with driver.findElement() result: {"element-6066-11e4-a52e-4f735466cecf":"ae69fb45-0229-42d5-be7e-47050132b0f0","ELEMENT":"ae69fb45-0229-42d5-be7e-47050132b0f0"}
&amp#27;[35m[HTTP]&amp#27;[39m &amp#27;[37m<-- POST /wd/hub/session/1598ee9e-1203-4c9f-8530-f15e122a0321/element &amp#27;[39m&amp#27;[32m200&amp#27;[39m &amp#27;[90m171 ms - 137&amp#27;[39m
&amp#27;[35m[HTTP]&amp#27;[39m &amp#27;[90m&amp#27;[39m
&amp#27;[35m[HTTP]&amp#27;[39m &amp#27;[37m-->&amp#27;[39m &amp#27;[37mPOST&amp#27;[39m &amp#27;[37m/wd/hub/session/1598ee9e-1203-4c9f-8530-f15e122a0321/element/ae69fb45-0229-42d5-be7e-47050132b0f0/click&amp#27;[39m
&amp#27;[35m[HTTP]&amp#27;[39m &amp#27;[90m{"id":"ae69fb45-0229-42d5-be7e-47050132b0f0"}&amp#27;[39m
[debug] &amp#27;[35m[W3C (1598ee9e)]&amp#27;[39m Calling AppiumDriver.click() with args: ["ae69fb45-0229-42d5-be7e-47050132b0f0","1598ee9e-1203-4c9f-8530-f15e122a0321"]
[debug] &amp#27;[35m[WD Proxy]&amp#27;[39m Matched '/element/ae69fb45-0229-42d5-be7e-47050132b0f0/click' to command name 'click'
[debug] &amp#27;[35m[WD Proxy]&amp#27;[39m Proxying [POST /element/ae69fb45-0229-42d5-be7e-47050132b0f0/click] to [POST http://127.0.0.1:8201/wd/hub/session/fd19ca9d-ec37-4410-b51a-11798046d979/element/ae69fb45-0229-42d5-be7e-47050132b0f0/click] with body: {"element":"ae69fb45-0229-42d5-be7e-47050132b0f0"}
[debug] &amp#27;[35m[WD Proxy]&amp#27;[39m Got response with status 200: {"sessionId":"fd19ca9d-ec37-4410-b51a-11798046d979","value":null}
[debug] &amp#27;[35m[W3C (1598ee9e)]&amp#27;[39m Responding to client with driver.click() result: null
&amp#27;[35m[HTTP]&amp#27;[39m &amp#27;[37m<-- POST /wd/hub/session/1598ee9e-1203-4c9f-8530-f15e122a0321/element/ae69fb45-0229-42d5-be7e-47050132b0f0/click &amp#27;[39m&amp#27;[32m200&amp#27;[39m &amp#27;[90m1038 ms - 14&amp#27;[39m
&amp#27;[35m[HTTP]&amp#27;[39m &amp#27;[90m&amp#27;[39m
&amp#27;[35m[HTTP]&amp#27;[39m &amp#27;[37m-->&amp#27;[39m &amp#27;[37mGET&amp#27;[39m &amp#27;[37m/wd/hub/session/1598ee9e-1203-4c9f-8530-f15e122a0321/context&amp#27;[39m
&amp#27;[35m[HTTP]&amp#27;[39m &amp#27;[90m{}&amp#27;[39m
[debug] &amp#27;[35m[W3C (1598ee9e)]&amp#27;[39m Calling AppiumDriver.getCurrentContext() with args: ["1598ee9e-1203-4c9f-8530-f15e122a0321"]
[debug] &amp#27;[35m[W3C (1598ee9e)]&amp#27;[39m Responding to client with driver.getCurrentContext() result: "NATIVE_APP"
&amp#27;[35m[HTTP]&amp#27;[39m &amp#27;[37m<-- GET /wd/hub/session/1598ee9e-1203-4c9f-8530-f15e122a0321/context &amp#27;[39m&amp#27;[32m200&amp#27;[39m &amp#27;[90m3 ms - 22&amp#27;[39m
&amp#27;[35m[HTTP]&amp#27;[39m &amp#27;[90m&amp#27;[39m
&amp#27;[35m[HTTP]&amp#27;[39m &amp#27;[37m-->&amp#27;[39m &amp#27;[37mPOST&amp#27;[39m &amp#27;[37m/wd/hub/session/1598ee9e-1203-4c9f-8530-f15e122a0321/element&amp#27;[39m
&amp#27;[35m[HTTP]&amp#27;[39m &amp#27;[90m{"using":"xpath","value":"//android.widget.TextView[@text='3. Preference dependencies']"}&amp#27;[39m
[debug] &amp#27;[35m[W3C (1598ee9e)]&amp#27;[39m Calling AppiumDriver.findElement() with args: ["xpath","//android.widget.TextView[@text='3. Preference dependencies']","1598ee9e-1203-4c9f-8530-f15e122a0321"]
[debug] &amp#27;[35m[BaseDriver]&amp#27;[39m Valid locator strategies for this request: xpath, id, class name, accessibility id, css selector, -android uiautomator
[debug] &amp#27;[35m[BaseDriver]&amp#27;[39m Waiting up to 10000 ms for condition
[debug] &amp#27;[35m[WD Proxy]&amp#27;[39m Matched '/element' to command name 'findElement'
[debug] &amp#27;[35m[WD Proxy]&amp#27;[39m Proxying [POST /element] to [POST http://127.0.0.1:8201/wd/hub/session/fd19ca9d-ec37-4410-b51a-11798046d979/element] with body: {"strategy":"xpath","selector":"//android.widget.TextView[@text='3. Preference dependencies']","context":"","multiple":false}
[debug] &amp#27;[35m[WD Proxy]&amp#27;[39m Got response with status 200: {"sessionId":"fd19ca9d-ec37-4410-b51a-11798046d979","value":{"ELEMENT":"dadc9137-11a6-401d-b6ca-7db91c0b01e4","element-6066-11e4-a52e-4f735466cecf":"dadc9137-11a6-401d-b6ca-7db91c0b01e4"}}
[debug] &amp#27;[35m[W3C (1598ee9e)]&amp#27;[39m Responding to client with driver.findElement() result: {"element-6066-11e4-a52e-4f735466cecf":"dadc9137-11a6-401d-b6ca-7db91c0b01e4","ELEMENT":"dadc9137-11a6-401d-b6ca-7db91c0b01e4"}
&amp#27;[35m[HTTP]&amp#27;[39m &amp#27;[37m<-- POST /wd/hub/session/1598ee9e-1203-4c9f-8530-f15e122a0321/element &amp#27;[39m&amp#27;[32m200&amp#27;[39m &amp#27;[90m70 ms - 137&amp#27;[39m
&amp#27;[35m[HTTP]&amp#27;[39m &amp#27;[90m&amp#27;[39m
&amp#27;[35m[HTTP]&amp#27;[39m &amp#27;[37m-->&amp#27;[39m &amp#27;[37mPOST&amp#27;[39m &amp#27;[37m/wd/hub/session/1598ee9e-1203-4c9f-8530-f15e122a0321/element/dadc9137-11a6-401d-b6ca-7db91c0b01e4/click&amp#27;[39m
&amp#27;[35m[HTTP]&amp#27;[39m &amp#27;[90m{"id":"dadc9137-11a6-401d-b6ca-7db91c0b01e4"}&amp#27;[39m
[debug] &amp#27;[35m[W3C (1598ee9e)]&amp#27;[39m Calling AppiumDriver.click() with args: ["dadc9137-11a6-401d-b6ca-7db91c0b01e4","1598ee9e-1203-4c9f-8530-f15e122a0321"]
[debug] &amp#27;[35m[WD Proxy]&amp#27;[39m Matched '/element/dadc9137-11a6-401d-b6ca-7db91c0b01e4/click' to command name 'click'
[debug] &amp#27;[35m[WD Proxy]&amp#27;[39m Proxying [POST /element/dadc9137-11a6-401d-b6ca-7db91c0b01e4/click] to [POST http://127.0.0.1:8201/wd/hub/session/fd19ca9d-ec37-4410-b51a-11798046d979/element/dadc9137-11a6-401d-b6ca-7db91c0b01e4/click] with body: {"element":"dadc9137-11a6-401d-b6ca-7db91c0b01e4"}
[debug] &amp#27;[35m[WD Proxy]&amp#27;[39m Got response with status 200: {"sessionId":"fd19ca9d-ec37-4410-b51a-11798046d979","value":null}
[debug] &amp#27;[35m[W3C (1598ee9e)]&amp#27;[39m Responding to client with driver.click() result: null
&amp#27;[35m[HTTP]&amp#27;[39m &amp#27;[37m<-- POST /wd/hub/session/1598ee9e-1203-4c9f-8530-f15e122a0321/element/dadc9137-11a6-401d-b6ca-7db91c0b01e4/click &amp#27;[39m&amp#27;[32m200&amp#27;[39m &amp#27;[90m1029 ms - 14&amp#27;[39m
&amp#27;[35m[HTTP]&amp#27;[39m &amp#27;[90m&amp#27;[39m
]]></system-out>
    <system-err><![CDATA[Jan 13, 2021 2:16:22 PM io.appium.java_client.remote.AppiumCommandExecutor$1 lambda$0
INFO: Detected dialect: W3C
]]></system-err>
  </testcase>
  <testcase name="Preference_dependencies[hello](1)" classname="Practies.AppiumFramework.ApiDemoAppTestCase" time="7.746">
    <system-out><![CDATA[&amp#27;[35m[HTTP]&amp#27;[39m &amp#27;[37m-->&amp#27;[39m &amp#27;[37mGET&amp#27;[39m &amp#27;[37m/wd/hub/session/1598ee9e-1203-4c9f-8530-f15e122a0321/context&amp#27;[39m
&amp#27;[35m[HTTP]&amp#27;[39m &amp#27;[90m{}&amp#27;[39m
[debug] &amp#27;[35m[W3C (1598ee9e)]&amp#27;[39m Calling AppiumDriver.getCurrentContext() with args: ["1598ee9e-1203-4c9f-8530-f15e122a0321"]
[debug] &amp#27;[35m[W3C (1598ee9e)]&amp#27;[39m Responding to client with driver.getCurrentContext() result: "NATIVE_APP"
&amp#27;[35m[HTTP]&amp#27;[39m &amp#27;[37m<-- GET /wd/hub/session/1598ee9e-1203-4c9f-8530-f15e122a0321/context &amp#27;[39m&amp#27;[32m200&amp#27;[39m &amp#27;[90m1 ms - 22&amp#27;[39m
&amp#27;[35m[HTTP]&amp#27;[39m &amp#27;[90m&amp#27;[39m
&amp#27;[35m[HTTP]&amp#27;[39m &amp#27;[37m-->&amp#27;[39m &amp#27;[37mPOST&amp#27;[39m &amp#27;[37m/wd/hub/session/1598ee9e-1203-4c9f-8530-f15e122a0321/element&amp#27;[39m
&amp#27;[35m[HTTP]&amp#27;[39m &amp#27;[90m{"using":"xpath","value":"//android.widget.TextView[@text='WiFi']"}&amp#27;[39m
[debug] &amp#27;[35m[W3C (1598ee9e)]&amp#27;[39m Calling AppiumDriver.findElement() with args: ["xpath","//android.widget.TextView[@text='WiFi']","1598ee9e-1203-4c9f-8530-f15e122a0321"]
[debug] &amp#27;[35m[BaseDriver]&amp#27;[39m Valid locator strategies for this request: xpath, id, class name, accessibility id, css selector, -android uiautomator
[debug] &amp#27;[35m[BaseDriver]&amp#27;[39m Waiting up to 10000 ms for condition
[debug] &amp#27;[35m[WD Proxy]&amp#27;[39m Matched '/element' to command name 'findElement'
[debug] &amp#27;[35m[WD Proxy]&amp#27;[39m Proxying [POST /element] to [POST http://127.0.0.1:8201/wd/hub/session/fd19ca9d-ec37-4410-b51a-11798046d979/element] with body: {"strategy":"xpath","selector":"//android.widget.TextView[@text='WiFi']","context":"","multiple":false}
[debug] &amp#27;[35m[WD Proxy]&amp#27;[39m Got response with status 200: {"sessionId":"fd19ca9d-ec37-4410-b51a-11798046d979","value":{"ELEMENT":"96414505-ad96-4e74-899d-602b3b363ee9","element-6066-11e4-a52e-4f735466cecf":"96414505-ad96-4e74-899d-602b3b363ee9"}}
[debug] &amp#27;[35m[W3C (1598ee9e)]&amp#27;[39m Responding to client with driver.findElement() result: {"element-6066-11e4-a52e-4f735466cecf":"96414505-ad96-4e74-899d-602b3b363ee9","ELEMENT":"96414505-ad96-4e74-899d-602b3b363ee9"}
&amp#27;[35m[HTTP]&amp#27;[39m &amp#27;[37m<-- POST /wd/hub/session/1598ee9e-1203-4c9f-8530-f15e122a0321/element &amp#27;[39m&amp#27;[32m200&amp#27;[39m &amp#27;[90m96 ms - 137&amp#27;[39m
&amp#27;[35m[HTTP]&amp#27;[39m &amp#27;[90m&amp#27;[39m
&amp#27;[35m[HTTP]&amp#27;[39m &amp#27;[37m-->&amp#27;[39m &amp#27;[37mPOST&amp#27;[39m &amp#27;[37m/wd/hub/session/1598ee9e-1203-4c9f-8530-f15e122a0321/element/96414505-ad96-4e74-899d-602b3b363ee9/click&amp#27;[39m
&amp#27;[35m[HTTP]&amp#27;[39m &amp#27;[90m{"id":"96414505-ad96-4e74-899d-602b3b363ee9"}&amp#27;[39m
[debug] &amp#27;[35m[W3C (1598ee9e)]&amp#27;[39m Calling AppiumDriver.click() with args: ["96414505-ad96-4e74-899d-602b3b363ee9","1598ee9e-1203-4c9f-8530-f15e122a0321"]
[debug] &amp#27;[35m[WD Proxy]&amp#27;[39m Matched '/element/96414505-ad96-4e74-899d-602b3b363ee9/click' to command name 'click'
[debug] &amp#27;[35m[WD Proxy]&amp#27;[39m Proxying [POST /element/96414505-ad96-4e74-899d-602b3b363ee9/click] to [POST http://127.0.0.1:8201/wd/hub/session/fd19ca9d-ec37-4410-b51a-11798046d979/element/96414505-ad96-4e74-899d-602b3b363ee9/click] with body: {"element":"96414505-ad96-4e74-899d-602b3b363ee9"}
[debug] &amp#27;[35m[WD Proxy]&amp#27;[39m Got response with status 200: {"sessionId":"fd19ca9d-ec37-4410-b51a-11798046d979","value":null}
[debug] &amp#27;[35m[W3C (1598ee9e)]&amp#27;[39m Responding to client with driver.click() result: null
&amp#27;[35m[HTTP]&amp#27;[39m &amp#27;[37m<-- POST /wd/hub/session/1598ee9e-1203-4c9f-8530-f15e122a0321/element/96414505-ad96-4e74-899d-602b3b363ee9/click &amp#27;[39m&amp#27;[32m200&amp#27;[39m &amp#27;[90m653 ms - 14&amp#27;[39m
&amp#27;[35m[HTTP]&amp#27;[39m &amp#27;[90m&amp#27;[39m
&amp#27;[35m[HTTP]&amp#27;[39m &amp#27;[37m-->&amp#27;[39m &amp#27;[37mGET&amp#27;[39m &amp#27;[37m/wd/hub/session/1598ee9e-1203-4c9f-8530-f15e122a0321/context&amp#27;[39m
&amp#27;[35m[HTTP]&amp#27;[39m &amp#27;[90m{}&amp#27;[39m
[debug] &amp#27;[35m[W3C (1598ee9e)]&amp#27;[39m Calling AppiumDriver.getCurrentContext() with args: ["1598ee9e-1203-4c9f-8530-f15e122a0321"]
[debug] &amp#27;[35m[W3C (1598ee9e)]&amp#27;[39m Responding to client with driver.getCurrentContext() result: "NATIVE_APP"
&amp#27;[35m[HTTP]&amp#27;[39m &amp#27;[37m<-- GET /wd/hub/session/1598ee9e-1203-4c9f-8530-f15e122a0321/context &amp#27;[39m&amp#27;[32m200&amp#27;[39m &amp#27;[90m2 ms - 22&amp#27;[39m
&amp#27;[35m[HTTP]&amp#27;[39m &amp#27;[90m&amp#27;[39m
&amp#27;[35m[HTTP]&amp#27;[39m &amp#27;[37m-->&amp#27;[39m &amp#27;[37mPOST&amp#27;[39m &amp#27;[37m/wd/hub/session/1598ee9e-1203-4c9f-8530-f15e122a0321/element&amp#27;[39m
&amp#27;[35m[HTTP]&amp#27;[39m &amp#27;[90m{"using":"xpath","value":"//android.widget.TextView[@text='WiFi settings']"}&amp#27;[39m
[debug] &amp#27;[35m[W3C (1598ee9e)]&amp#27;[39m Calling AppiumDriver.findElement() with args: ["xpath","//android.widget.TextView[@text='WiFi settings']","1598ee9e-1203-4c9f-8530-f15e122a0321"]
[debug] &amp#27;[35m[BaseDriver]&amp#27;[39m Valid locator strategies for this request: xpath, id, class name, accessibility id, css selector, -android uiautomator
[debug] &amp#27;[35m[BaseDriver]&amp#27;[39m Waiting up to 10000 ms for condition
[debug] &amp#27;[35m[WD Proxy]&amp#27;[39m Matched '/element' to command name 'findElement'
[debug] &amp#27;[35m[WD Proxy]&amp#27;[39m Proxying [POST /element] to [POST http://127.0.0.1:8201/wd/hub/session/fd19ca9d-ec37-4410-b51a-11798046d979/element] with body: {"strategy":"xpath","selector":"//android.widget.TextView[@text='WiFi settings']","context":"","multiple":false}
[debug] &amp#27;[35m[WD Proxy]&amp#27;[39m Got response with status 200: {"sessionId":"fd19ca9d-ec37-4410-b51a-11798046d979","value":{"ELEMENT":"1cc36f8e-9c44-4dcd-b5b1-0fff4a4bcc6a","element-6066-11e4-a52e-4f735466cecf":"1cc36f8e-9c44-4dcd-b5b1-0fff4a4bcc6a"}}
[debug] &amp#27;[35m[W3C (1598ee9e)]&amp#27;[39m Responding to client with driver.findElement() result: {"element-6066-11e4-a52e-4f735466cecf":"1cc36f8e-9c44-4dcd-b5b1-0fff4a4bcc6a","ELEMENT":"1cc36f8e-9c44-4dcd-b5b1-0fff4a4bcc6a"}
&amp#27;[35m[HTTP]&amp#27;[39m &amp#27;[37m<-- POST /wd/hub/session/1598ee9e-1203-4c9f-8530-f15e122a0321/element &amp#27;[39m&amp#27;[32m200&amp#27;[39m &amp#27;[90m94 ms - 137&amp#27;[39m
&amp#27;[35m[HTTP]&amp#27;[39m &amp#27;[90m&amp#27;[39m
&amp#27;[35m[HTTP]&amp#27;[39m &amp#27;[37m-->&amp#27;[39m &amp#27;[37mPOST&amp#27;[39m &amp#27;[37m/wd/hub/session/1598ee9e-1203-4c9f-8530-f15e122a0321/element/1cc36f8e-9c44-4dcd-b5b1-0fff4a4bcc6a/click&amp#27;[39m
&amp#27;[35m[HTTP]&amp#27;[39m &amp#27;[90m{"id":"1cc36f8e-9c44-4dcd-b5b1-0fff4a4bcc6a"}&amp#27;[39m
[debug] &amp#27;[35m[W3C (1598ee9e)]&amp#27;[39m Calling AppiumDriver.click() with args: ["1cc36f8e-9c44-4dcd-b5b1-0fff4a4bcc6a","1598ee9e-1203-4c9f-8530-f15e122a0321"]
[debug] &amp#27;[35m[WD Proxy]&amp#27;[39m Matched '/element/1cc36f8e-9c44-4dcd-b5b1-0fff4a4bcc6a/click' to command name 'click'
[debug] &amp#27;[35m[WD Proxy]&amp#27;[39m Proxying [POST /element/1cc36f8e-9c44-4dcd-b5b1-0fff4a4bcc6a/click] to [POST http://127.0.0.1:8201/wd/hub/session/fd19ca9d-ec37-4410-b51a-11798046d979/element/1cc36f8e-9c44-4dcd-b5b1-0fff4a4bcc6a/click] with body: {"element":"1cc36f8e-9c44-4dcd-b5b1-0fff4a4bcc6a"}
[debug] &amp#27;[35m[WD Proxy]&amp#27;[39m Got response with status 200: {"sessionId":"fd19ca9d-ec37-4410-b51a-11798046d979","value":null}
[debug] &amp#27;[35m[W3C (1598ee9e)]&amp#27;[39m Responding to client with driver.click() result: null
&amp#27;[35m[HTTP]&amp#27;[39m &amp#27;[37m<-- POST /wd/hub/session/1598ee9e-1203-4c9f-8530-f15e122a0321/element/1cc36f8e-9c44-4dcd-b5b1-0fff4a4bcc6a/click &amp#27;[39m&amp#27;[32m200&amp#27;[39m &amp#27;[90m1766 ms - 14&amp#27;[39m
&amp#27;[35m[HTTP]&amp#27;[39m &amp#27;[90m&amp#27;[39m
&amp#27;[35m[HTTP]&amp#27;[39m &amp#27;[37m-->&amp#27;[39m &amp#27;[37mGET&amp#27;[39m &amp#27;[37m/wd/hub/session/1598ee9e-1203-4c9f-8530-f15e122a0321/context&amp#27;[39m
&amp#27;[35m[HTTP]&amp#27;[39m &amp#27;[90m{}&amp#27;[39m
[debug] &amp#27;[35m[W3C (1598ee9e)]&amp#27;[39m Calling AppiumDriver.getCurrentContext() with args: ["1598ee9e-1203-4c9f-8530-f15e122a0321"]
[debug] &amp#27;[35m[W3C (1598ee9e)]&amp#27;[39m Responding to client with driver.getCurrentContext() result: "NATIVE_APP"
&amp#27;[35m[HTTP]&amp#27;[39m &amp#27;[37m<-- GET /wd/hub/session/1598ee9e-1203-4c9f-8530-f15e122a0321/context &amp#27;[39m&amp#27;[32m200&amp#27;[39m &amp#27;[90m2 ms - 22&amp#27;[39m
&amp#27;[35m[HTTP]&amp#27;[39m &amp#27;[90m&amp#27;[39m
&amp#27;[35m[HTTP]&amp#27;[39m &amp#27;[37m-->&amp#27;[39m &amp#27;[37mPOST&amp#27;[39m &amp#27;[37m/wd/hub/session/1598ee9e-1203-4c9f-8530-f15e122a0321/element&amp#27;[39m
&amp#27;[35m[HTTP]&amp#27;[39m &amp#27;[90m{"using":"id","value":"android:id/edit"}&amp#27;[39m
[debug] &amp#27;[35m[W3C (1598ee9e)]&amp#27;[39m Calling AppiumDriver.findElement() with args: ["id","android:id/edit","1598ee9e-1203-4c9f-8530-f15e122a0321"]
[debug] &amp#27;[35m[BaseDriver]&amp#27;[39m Valid locator strategies for this request: xpath, id, class name, accessibility id, css selector, -android uiautomator
[debug] &amp#27;[35m[BaseDriver]&amp#27;[39m Waiting up to 10000 ms for condition
[debug] &amp#27;[35m[WD Proxy]&amp#27;[39m Matched '/element' to command name 'findElement'
[debug] &amp#27;[35m[WD Proxy]&amp#27;[39m Proxying [POST /element] to [POST http://127.0.0.1:8201/wd/hub/session/fd19ca9d-ec37-4410-b51a-11798046d979/element] with body: {"strategy":"id","selector":"android:id/edit","context":"","multiple":false}
[debug] &amp#27;[35m[WD Proxy]&amp#27;[39m Got response with status 200: {"sessionId":"fd19ca9d-ec37-4410-b51a-11798046d979","value":{"ELEMENT":"ca0966be-8205-489e-a3f6-5bbd677b71b7","element-6066-11e4-a52e-4f735466cecf":"ca0966be-8205-489e-a3f6-5bbd677b71b7"}}
[debug] &amp#27;[35m[W3C (1598ee9e)]&amp#27;[39m Responding to client with driver.findElement() result: {"element-6066-11e4-a52e-4f735466cecf":"ca0966be-8205-489e-a3f6-5bbd677b71b7","ELEMENT":"ca0966be-8205-489e-a3f6-5bbd677b71b7"}
&amp#27;[35m[HTTP]&amp#27;[39m &amp#27;[37m<-- POST /wd/hub/session/1598ee9e-1203-4c9f-8530-f15e122a0321/element &amp#27;[39m&amp#27;[32m200&amp#27;[39m &amp#27;[90m144 ms - 137&amp#27;[39m
&amp#27;[35m[HTTP]&amp#27;[39m &amp#27;[90m&amp#27;[39m
&amp#27;[35m[HTTP]&amp#27;[39m &amp#27;[37m-->&amp#27;[39m &amp#27;[37mPOST&amp#27;[39m &amp#27;[37m/wd/hub/session/1598ee9e-1203-4c9f-8530-f15e122a0321/element/ca0966be-8205-489e-a3f6-5bbd677b71b7/clear&amp#27;[39m
&amp#27;[35m[HTTP]&amp#27;[39m &amp#27;[90m{"id":"ca0966be-8205-489e-a3f6-5bbd677b71b7"}&amp#27;[39m
[debug] &amp#27;[35m[W3C (1598ee9e)]&amp#27;[39m Calling AppiumDriver.clear() with args: ["ca0966be-8205-489e-a3f6-5bbd677b71b7","1598ee9e-1203-4c9f-8530-f15e122a0321"]
[debug] &amp#27;[35m[WD Proxy]&amp#27;[39m Matched '/element/ca0966be-8205-489e-a3f6-5bbd677b71b7/clear' to command name 'clear'
[debug] &amp#27;[35m[WD Proxy]&amp#27;[39m Proxying [POST /element/ca0966be-8205-489e-a3f6-5bbd677b71b7/clear] to [POST http://127.0.0.1:8201/wd/hub/session/fd19ca9d-ec37-4410-b51a-11798046d979/element/ca0966be-8205-489e-a3f6-5bbd677b71b7/clear] with body: {"elementId":"ca0966be-8205-489e-a3f6-5bbd677b71b7"}
[debug] &amp#27;[35m[WD Proxy]&amp#27;[39m Got response with status 200: {"sessionId":"fd19ca9d-ec37-4410-b51a-11798046d979","value":null}
[debug] &amp#27;[35m[W3C (1598ee9e)]&amp#27;[39m Responding to client with driver.clear() result: null
&amp#27;[35m[HTTP]&amp#27;[39m &amp#27;[37m<-- POST /wd/hub/session/1598ee9e-1203-4c9f-8530-f15e122a0321/element/ca0966be-8205-489e-a3f6-5bbd677b71b7/clear &amp#27;[39m&amp#27;[32m200&amp#27;[39m &amp#27;[90m47 ms - 14&amp#27;[39m
&amp#27;[35m[HTTP]&amp#27;[39m &amp#27;[90m&amp#27;[39m
&amp#27;[35m[HTTP]&amp#27;[39m &amp#27;[37m-->&amp#27;[39m &amp#27;[37mGET&amp#27;[39m &amp#27;[37m/wd/hub/session/1598ee9e-1203-4c9f-8530-f15e122a0321/context&amp#27;[39m
&amp#27;[35m[HTTP]&amp#27;[39m &amp#27;[90m{}&amp#27;[39m
[debug] &amp#27;[35m[W3C (1598ee9e)]&amp#27;[39m Calling AppiumDriver.getCurrentContext() with args: ["1598ee9e-1203-4c9f-8530-f15e122a0321"]
[debug] &amp#27;[35m[W3C (1598ee9e)]&amp#27;[39m Responding to client with driver.getCurrentContext() result: "NATIVE_APP"
&amp#27;[35m[HTTP]&amp#27;[39m &amp#27;[37m<-- GET /wd/hub/session/1598ee9e-1203-4c9f-8530-f15e122a0321/context &amp#27;[39m&amp#27;[32m200&amp#27;[39m &amp#27;[90m3 ms - 22&amp#27;[39m
&amp#27;[35m[HTTP]&amp#27;[39m &amp#27;[90m&amp#27;[39m
&amp#27;[35m[HTTP]&amp#27;[39m &amp#27;[37m-->&amp#27;[39m &amp#27;[37mPOST&amp#27;[39m &amp#27;[37m/wd/hub/session/1598ee9e-1203-4c9f-8530-f15e122a0321/element&amp#27;[39m
&amp#27;[35m[HTTP]&amp#27;[39m &amp#27;[90m{"using":"id","value":"android:id/edit"}&amp#27;[39m
[debug] &amp#27;[35m[W3C (1598ee9e)]&amp#27;[39m Calling AppiumDriver.findElement() with args: ["id","android:id/edit","1598ee9e-1203-4c9f-8530-f15e122a0321"]
[debug] &amp#27;[35m[BaseDriver]&amp#27;[39m Valid locator strategies for this request: xpath, id, class name, accessibility id, css selector, -android uiautomator
[debug] &amp#27;[35m[BaseDriver]&amp#27;[39m Waiting up to 10000 ms for condition
[debug] &amp#27;[35m[WD Proxy]&amp#27;[39m Matched '/element' to command name 'findElement'
[debug] &amp#27;[35m[WD Proxy]&amp#27;[39m Proxying [POST /element] to [POST http://127.0.0.1:8201/wd/hub/session/fd19ca9d-ec37-4410-b51a-11798046d979/element] with body: {"strategy":"id","selector":"android:id/edit","context":"","multiple":false}
[debug] &amp#27;[35m[WD Proxy]&amp#27;[39m Got response with status 200: {"sessionId":"fd19ca9d-ec37-4410-b51a-11798046d979","value":{"ELEMENT":"ca0966be-8205-489e-a3f6-5bbd677b71b7","element-6066-11e4-a52e-4f735466cecf":"ca0966be-8205-489e-a3f6-5bbd677b71b7"}}
[debug] &amp#27;[35m[W3C (1598ee9e)]&amp#27;[39m Responding to client with driver.findElement() result: {"element-6066-11e4-a52e-4f735466cecf":"ca0966be-8205-489e-a3f6-5bbd677b71b7","ELEMENT":"ca0966be-8205-489e-a3f6-5bbd677b71b7"}
&amp#27;[35m[HTTP]&amp#27;[39m &amp#27;[37m<-- POST /wd/hub/session/1598ee9e-1203-4c9f-8530-f15e122a0321/element &amp#27;[39m&amp#27;[32m200&amp#27;[39m &amp#27;[90m1230 ms - 137&amp#27;[39m
&amp#27;[35m[HTTP]&amp#27;[39m &amp#27;[90m&amp#27;[39m
&amp#27;[35m[HTTP]&amp#27;[39m &amp#27;[37m-->&amp#27;[39m &amp#27;[37mPOST&amp#27;[39m &amp#27;[37m/wd/hub/session/1598ee9e-1203-4c9f-8530-f15e122a0321/element/ca0966be-8205-489e-a3f6-5bbd677b71b7/value&amp#27;[39m
&amp#27;[35m[HTTP]&amp#27;[39m &amp#27;[90m{"id":"ca0966be-8205-489e-a3f6-5bbd677b71b7","text":"hello","value":["h","e","l","l","o"]}&amp#27;[39m
[debug] &amp#27;[35m[W3C (1598ee9e)]&amp#27;[39m Calling AppiumDriver.setValue() with args: [["h","e","l","l","o"],"ca0966be-8205-489e-a3f6-5bbd677b71b7","1598ee9e-1203-4c9f-8530-f15e122a0321"]
[debug] &amp#27;[35m[WD Proxy]&amp#27;[39m Matched '/element/ca0966be-8205-489e-a3f6-5bbd677b71b7/value' to command name 'setValue'
[debug] &amp#27;[35m[Protocol Converter]&amp#27;[39m Added 'value' property ["h","e","l","l","o"] to 'setValue' request body
[debug] &amp#27;[35m[WD Proxy]&amp#27;[39m Proxying [POST /element/ca0966be-8205-489e-a3f6-5bbd677b71b7/value] to [POST http://127.0.0.1:8201/wd/hub/session/fd19ca9d-ec37-4410-b51a-11798046d979/element/ca0966be-8205-489e-a3f6-5bbd677b71b7/value] with body: {"elementId":"ca0966be-8205-489e-a3f6-5bbd677b71b7","text":"hello","replace":false,"value":["h","e","l","l","o"]}
[debug] &amp#27;[35m[WD Proxy]&amp#27;[39m Got response with status 200: {"sessionId":"fd19ca9d-ec37-4410-b51a-11798046d979","value":null}
[debug] &amp#27;[35m[W3C (1598ee9e)]&amp#27;[39m Responding to client with driver.setValue() result: null
&amp#27;[35m[HTTP]&amp#27;[39m &amp#27;[37m<-- POST /wd/hub/session/1598ee9e-1203-4c9f-8530-f15e122a0321/element/ca0966be-8205-489e-a3f6-5bbd677b71b7/value &amp#27;[39m&amp#27;[32m200&amp#27;[39m &amp#27;[90m75 ms - 14&amp#27;[39m
&amp#27;[35m[HTTP]&amp#27;[39m &amp#27;[90m&amp#27;[39m
&amp#27;[35m[HTTP]&amp#27;[39m &amp#27;[37m-->&amp#27;[39m &amp#27;[37mGET&amp#27;[39m &amp#27;[37m/wd/hub/session/1598ee9e-1203-4c9f-8530-f15e122a0321/context&amp#27;[39m
&amp#27;[35m[HTTP]&amp#27;[39m &amp#27;[90m{}&amp#27;[39m
[debug] &amp#27;[35m[W3C (1598ee9e)]&amp#27;[39m Calling AppiumDriver.getCurrentContext() with args: ["1598ee9e-1203-4c9f-8530-f15e122a0321"]
[debug] &amp#27;[35m[W3C (1598ee9e)]&amp#27;[39m Responding to client with driver.getCurrentContext() result: "NATIVE_APP"
&amp#27;[35m[HTTP]&amp#27;[39m &amp#27;[37m<-- GET /wd/hub/session/1598ee9e-1203-4c9f-8530-f15e122a0321/context &amp#27;[39m&amp#27;[32m200&amp#27;[39m &amp#27;[90m2 ms - 22&amp#27;[39m
&amp#27;[35m[HTTP]&amp#27;[39m &amp#27;[90m&amp#27;[39m
&amp#27;[35m[HTTP]&amp#27;[39m &amp#27;[37m-->&amp#27;[39m &amp#27;[37mPOST&amp#27;[39m &amp#27;[37m/wd/hub/session/1598ee9e-1203-4c9f-8530-f15e122a0321/element&amp#27;[39m
&amp#27;[35m[HTTP]&amp#27;[39m &amp#27;[90m{"using":"xpath","value":"//android.widget.Button[@text='OK']"}&amp#27;[39m
[debug] &amp#27;[35m[W3C (1598ee9e)]&amp#27;[39m Calling AppiumDriver.findElement() with args: ["xpath","//android.widget.Button[@text='OK']","1598ee9e-1203-4c9f-8530-f15e122a0321"]
[debug] &amp#27;[35m[BaseDriver]&amp#27;[39m Valid locator strategies for this request: xpath, id, class name, accessibility id, css selector, -android uiautomator
[debug] &amp#27;[35m[BaseDriver]&amp#27;[39m Waiting up to 10000 ms for condition
[debug] &amp#27;[35m[WD Proxy]&amp#27;[39m Matched '/element' to command name 'findElement'
[debug] &amp#27;[35m[WD Proxy]&amp#27;[39m Proxying [POST /element] to [POST http://127.0.0.1:8201/wd/hub/session/fd19ca9d-ec37-4410-b51a-11798046d979/element] with body: {"strategy":"xpath","selector":"//android.widget.Button[@text='OK']","context":"","multiple":false}
[debug] &amp#27;[35m[WD Proxy]&amp#27;[39m Got response with status 200: {"sessionId":"fd19ca9d-ec37-4410-b51a-11798046d979","value":{"ELEMENT":"2b7716b3-0f17-428a-b2f0-8b528abaf75b","element-6066-11e4-a52e-4f735466cecf":"2b7716b3-0f17-428a-b2f0-8b528abaf75b"}}
[debug] &amp#27;[35m[W3C (1598ee9e)]&amp#27;[39m Responding to client with driver.findElement() result: {"element-6066-11e4-a52e-4f735466cecf":"2b7716b3-0f17-428a-b2f0-8b528abaf75b","ELEMENT":"2b7716b3-0f17-428a-b2f0-8b528abaf75b"}
&amp#27;[35m[HTTP]&amp#27;[39m &amp#27;[37m<-- POST /wd/hub/session/1598ee9e-1203-4c9f-8530-f15e122a0321/element &amp#27;[39m&amp#27;[32m200&amp#27;[39m &amp#27;[90m1033 ms - 137&amp#27;[39m
&amp#27;[35m[HTTP]&amp#27;[39m &amp#27;[90m&amp#27;[39m
&amp#27;[35m[HTTP]&amp#27;[39m &amp#27;[37m-->&amp#27;[39m &amp#27;[37mPOST&amp#27;[39m &amp#27;[37m/wd/hub/session/1598ee9e-1203-4c9f-8530-f15e122a0321/element/2b7716b3-0f17-428a-b2f0-8b528abaf75b/click&amp#27;[39m
&amp#27;[35m[HTTP]&amp#27;[39m &amp#27;[90m{"id":"2b7716b3-0f17-428a-b2f0-8b528abaf75b"}&amp#27;[39m
[debug] &amp#27;[35m[W3C (1598ee9e)]&amp#27;[39m Calling AppiumDriver.click() with args: ["2b7716b3-0f17-428a-b2f0-8b528abaf75b","1598ee9e-1203-4c9f-8530-f15e122a0321"]
[debug] &amp#27;[35m[WD Proxy]&amp#27;[39m Matched '/element/2b7716b3-0f17-428a-b2f0-8b528abaf75b/click' to command name 'click'
[debug] &amp#27;[35m[WD Proxy]&amp#27;[39m Proxying [POST /element/2b7716b3-0f17-428a-b2f0-8b528abaf75b/click] to [POST http://127.0.0.1:8201/wd/hub/session/fd19ca9d-ec37-4410-b51a-11798046d979/element/2b7716b3-0f17-428a-b2f0-8b528abaf75b/click] with body: {"element":"2b7716b3-0f17-428a-b2f0-8b528abaf75b"}
[debug] &amp#27;[35m[WD Proxy]&amp#27;[39m Got response with status 200: {"sessionId":"fd19ca9d-ec37-4410-b51a-11798046d979","value":null}
[debug] &amp#27;[35m[W3C (1598ee9e)]&amp#27;[39m Responding to client with driver.click() result: null
&amp#27;[35m[HTTP]&amp#27;[39m &amp#27;[37m<-- POST /wd/hub/session/1598ee9e-1203-4c9f-8530-f15e122a0321/element/2b7716b3-0f17-428a-b2f0-8b528abaf75b/click &amp#27;[39m&amp#27;[32m200&amp#27;[39m &amp#27;[90m61 ms - 14&amp#27;[39m
&amp#27;[35m[HTTP]&amp#27;[39m &amp#27;[90m&amp#27;[39m
&amp#27;[35m[HTTP]&amp#27;[39m &amp#27;[37m-->&amp#27;[39m &amp#27;[37mGET&amp#27;[39m &amp#27;[37m/wd/hub/session/1598ee9e-1203-4c9f-8530-f15e122a0321/context&amp#27;[39m
&amp#27;[35m[HTTP]&amp#27;[39m &amp#27;[90m{}&amp#27;[39m
[debug] &amp#27;[35m[W3C (1598ee9e)]&amp#27;[39m Calling AppiumDriver.getCurrentContext() with args: ["1598ee9e-1203-4c9f-8530-f15e122a0321"]
[debug] &amp#27;[35m[W3C (1598ee9e)]&amp#27;[39m Responding to client with driver.getCurrentContext() result: "NATIVE_APP"
&amp#27;[35m[HTTP]&amp#27;[39m &amp#27;[37m<-- GET /wd/hub/session/1598ee9e-1203-4c9f-8530-f15e122a0321/context &amp#27;[39m&amp#27;[32m200&amp#27;[39m &amp#27;[90m3 ms - 22&amp#27;[39m
&amp#27;[35m[HTTP]&amp#27;[39m &amp#27;[90m&amp#27;[39m
&amp#27;[35m[HTTP]&amp#27;[39m &amp#27;[37m-->&amp#27;[39m &amp#27;[37mPOST&amp#27;[39m &amp#27;[37m/wd/hub/session/1598ee9e-1203-4c9f-8530-f15e122a0321/element&amp#27;[39m
&amp#27;[35m[HTTP]&amp#27;[39m &amp#27;[90m{"using":"xpath","value":"//android.widget.TextView[@text='WiFi']"}&amp#27;[39m
[debug] &amp#27;[35m[W3C (1598ee9e)]&amp#27;[39m Calling AppiumDriver.findElement() with args: ["xpath","//android.widget.TextView[@text='WiFi']","1598ee9e-1203-4c9f-8530-f15e122a0321"]
[debug] &amp#27;[35m[BaseDriver]&amp#27;[39m Valid locator strategies for this request: xpath, id, class name, accessibility id, css selector, -android uiautomator
[debug] &amp#27;[35m[BaseDriver]&amp#27;[39m Waiting up to 10000 ms for condition
[debug] &amp#27;[35m[WD Proxy]&amp#27;[39m Matched '/element' to command name 'findElement'
[debug] &amp#27;[35m[WD Proxy]&amp#27;[39m Proxying [POST /element] to [POST http://127.0.0.1:8201/wd/hub/session/fd19ca9d-ec37-4410-b51a-11798046d979/element] with body: {"strategy":"xpath","selector":"//android.widget.TextView[@text='WiFi']","context":"","multiple":false}
[debug] &amp#27;[35m[WD Proxy]&amp#27;[39m Got response with status 200: {"sessionId":"fd19ca9d-ec37-4410-b51a-11798046d979","value":{"ELEMENT":"96414505-ad96-4e74-899d-602b3b363ee9","element-6066-11e4-a52e-4f735466cecf":"96414505-ad96-4e74-899d-602b3b363ee9"}}
[debug] &amp#27;[35m[W3C (1598ee9e)]&amp#27;[39m Responding to client with driver.findElement() result: {"element-6066-11e4-a52e-4f735466cecf":"96414505-ad96-4e74-899d-602b3b363ee9","ELEMENT":"96414505-ad96-4e74-899d-602b3b363ee9"}
&amp#27;[35m[HTTP]&amp#27;[39m &amp#27;[37m<-- POST /wd/hub/session/1598ee9e-1203-4c9f-8530-f15e122a0321/element &amp#27;[39m&amp#27;[32m200&amp#27;[39m &amp#27;[90m719 ms - 137&amp#27;[39m
&amp#27;[35m[HTTP]&amp#27;[39m &amp#27;[90m&amp#27;[39m
&amp#27;[35m[HTTP]&amp#27;[39m &amp#27;[37m-->&amp#27;[39m &amp#27;[37mPOST&amp#27;[39m &amp#27;[37m/wd/hub/session/1598ee9e-1203-4c9f-8530-f15e122a0321/element/96414505-ad96-4e74-899d-602b3b363ee9/click&amp#27;[39m
&amp#27;[35m[HTTP]&amp#27;[39m &amp#27;[90m{"id":"96414505-ad96-4e74-899d-602b3b363ee9"}&amp#27;[39m
[debug] &amp#27;[35m[W3C (1598ee9e)]&amp#27;[39m Calling AppiumDriver.click() with args: ["96414505-ad96-4e74-899d-602b3b363ee9","1598ee9e-1203-4c9f-8530-f15e122a0321"]
[debug] &amp#27;[35m[WD Proxy]&amp#27;[39m Matched '/element/96414505-ad96-4e74-899d-602b3b363ee9/click' to command name 'click'
[debug] &amp#27;[35m[WD Proxy]&amp#27;[39m Proxying [POST /element/96414505-ad96-4e74-899d-602b3b363ee9/click] to [POST http://127.0.0.1:8201/wd/hub/session/fd19ca9d-ec37-4410-b51a-11798046d979/element/96414505-ad96-4e74-899d-602b3b363ee9/click] with body: {"element":"96414505-ad96-4e74-899d-602b3b363ee9"}
[debug] &amp#27;[35m[WD Proxy]&amp#27;[39m Got response with status 200: {"sessionId":"fd19ca9d-ec37-4410-b51a-11798046d979","value":null}
[debug] &amp#27;[35m[W3C (1598ee9e)]&amp#27;[39m Responding to client with driver.click() result: null
&amp#27;[35m[HTTP]&amp#27;[39m &amp#27;[37m<-- POST /wd/hub/session/1598ee9e-1203-4c9f-8530-f15e122a0321/element/96414505-ad96-4e74-899d-602b3b363ee9/click &amp#27;[39m&amp#27;[32m200&amp#27;[39m &amp#27;[90m648 ms - 14&amp#27;[39m
&amp#27;[35m[HTTP]&amp#27;[39m &amp#27;[90m&amp#27;[39m
]]></system-out>
  </testcase>
  <testcase name="Preference_dependencies[XYZ](2)" classname="Practies.AppiumFramework.ApiDemoAppTestCase" time="6.882">
    <system-out><![CDATA[&amp#27;[35m[HTTP]&amp#27;[39m &amp#27;[37m-->&amp#27;[39m &amp#27;[37mGET&amp#27;[39m &amp#27;[37m/wd/hub/session/1598ee9e-1203-4c9f-8530-f15e122a0321/context&amp#27;[39m
&amp#27;[35m[HTTP]&amp#27;[39m &amp#27;[90m{}&amp#27;[39m
[debug] &amp#27;[35m[W3C (1598ee9e)]&amp#27;[39m Calling AppiumDriver.getCurrentContext() with args: ["1598ee9e-1203-4c9f-8530-f15e122a0321"]
[debug] &amp#27;[35m[W3C (1598ee9e)]&amp#27;[39m Responding to client with driver.getCurrentContext() result: "NATIVE_APP"
&amp#27;[35m[HTTP]&amp#27;[39m &amp#27;[37m<-- GET /wd/hub/session/1598ee9e-1203-4c9f-8530-f15e122a0321/context &amp#27;[39m&amp#27;[32m200&amp#27;[39m &amp#27;[90m1 ms - 22&amp#27;[39m
&amp#27;[35m[HTTP]&amp#27;[39m &amp#27;[90m&amp#27;[39m
&amp#27;[35m[HTTP]&amp#27;[39m &amp#27;[37m-->&amp#27;[39m &amp#27;[37mPOST&amp#27;[39m &amp#27;[37m/wd/hub/session/1598ee9e-1203-4c9f-8530-f15e122a0321/element&amp#27;[39m
&amp#27;[35m[HTTP]&amp#27;[39m &amp#27;[90m{"using":"xpath","value":"//android.widget.TextView[@text='WiFi']"}&amp#27;[39m
[debug] &amp#27;[35m[W3C (1598ee9e)]&amp#27;[39m Calling AppiumDriver.findElement() with args: ["xpath","//android.widget.TextView[@text='WiFi']","1598ee9e-1203-4c9f-8530-f15e122a0321"]
[debug] &amp#27;[35m[BaseDriver]&amp#27;[39m Valid locator strategies for this request: xpath, id, class name, accessibility id, css selector, -android uiautomator
[debug] &amp#27;[35m[BaseDriver]&amp#27;[39m Waiting up to 10000 ms for condition
[debug] &amp#27;[35m[WD Proxy]&amp#27;[39m Matched '/element' to command name 'findElement'
[debug] &amp#27;[35m[WD Proxy]&amp#27;[39m Proxying [POST /element] to [POST http://127.0.0.1:8201/wd/hub/session/fd19ca9d-ec37-4410-b51a-11798046d979/element] with body: {"strategy":"xpath","selector":"//android.widget.TextView[@text='WiFi']","context":"","multiple":false}
[debug] &amp#27;[35m[WD Proxy]&amp#27;[39m Got response with status 200: {"sessionId":"fd19ca9d-ec37-4410-b51a-11798046d979","value":{"ELEMENT":"96414505-ad96-4e74-899d-602b3b363ee9","element-6066-11e4-a52e-4f735466cecf":"96414505-ad96-4e74-899d-602b3b363ee9"}}
[debug] &amp#27;[35m[W3C (1598ee9e)]&amp#27;[39m Responding to client with driver.findElement() result: {"element-6066-11e4-a52e-4f735466cecf":"96414505-ad96-4e74-899d-602b3b363ee9","ELEMENT":"96414505-ad96-4e74-899d-602b3b363ee9"}
&amp#27;[35m[HTTP]&amp#27;[39m &amp#27;[37m<-- POST /wd/hub/session/1598ee9e-1203-4c9f-8530-f15e122a0321/element &amp#27;[39m&amp#27;[32m200&amp#27;[39m &amp#27;[90m135 ms - 137&amp#27;[39m
&amp#27;[35m[HTTP]&amp#27;[39m &amp#27;[90m&amp#27;[39m
&amp#27;[35m[HTTP]&amp#27;[39m &amp#27;[37m-->&amp#27;[39m &amp#27;[37mPOST&amp#27;[39m &amp#27;[37m/wd/hub/session/1598ee9e-1203-4c9f-8530-f15e122a0321/element/96414505-ad96-4e74-899d-602b3b363ee9/click&amp#27;[39m
&amp#27;[35m[HTTP]&amp#27;[39m &amp#27;[90m{"id":"96414505-ad96-4e74-899d-602b3b363ee9"}&amp#27;[39m
[debug] &amp#27;[35m[W3C (1598ee9e)]&amp#27;[39m Calling AppiumDriver.click() with args: ["96414505-ad96-4e74-899d-602b3b363ee9","1598ee9e-1203-4c9f-8530-f15e122a0321"]
[debug] &amp#27;[35m[WD Proxy]&amp#27;[39m Matched '/element/96414505-ad96-4e74-899d-602b3b363ee9/click' to command name 'click'
[debug] &amp#27;[35m[WD Proxy]&amp#27;[39m Proxying [POST /element/96414505-ad96-4e74-899d-602b3b363ee9/click] to [POST http://127.0.0.1:8201/wd/hub/session/fd19ca9d-ec37-4410-b51a-11798046d979/element/96414505-ad96-4e74-899d-602b3b363ee9/click] with body: {"element":"96414505-ad96-4e74-899d-602b3b363ee9"}
[debug] &amp#27;[35m[WD Proxy]&amp#27;[39m Got response with status 200: {"sessionId":"fd19ca9d-ec37-4410-b51a-11798046d979","value":null}
[debug] &amp#27;[35m[W3C (1598ee9e)]&amp#27;[39m Responding to client with driver.click() result: null
&amp#27;[35m[HTTP]&amp#27;[39m &amp#27;[37m<-- POST /wd/hub/session/1598ee9e-1203-4c9f-8530-f15e122a0321/element/96414505-ad96-4e74-899d-602b3b363ee9/click &amp#27;[39m&amp#27;[32m200&amp#27;[39m &amp#27;[90m672 ms - 14&amp#27;[39m
&amp#27;[35m[HTTP]&amp#27;[39m &amp#27;[90m&amp#27;[39m
&amp#27;[35m[HTTP]&amp#27;[39m &amp#27;[37m-->&amp#27;[39m &amp#27;[37mGET&amp#27;[39m &amp#27;[37m/wd/hub/session/1598ee9e-1203-4c9f-8530-f15e122a0321/context&amp#27;[39m
&amp#27;[35m[HTTP]&amp#27;[39m &amp#27;[90m{}&amp#27;[39m
[debug] &amp#27;[35m[W3C (1598ee9e)]&amp#27;[39m Calling AppiumDriver.getCurrentContext() with args: ["1598ee9e-1203-4c9f-8530-f15e122a0321"]
[debug] &amp#27;[35m[W3C (1598ee9e)]&amp#27;[39m Responding to client with driver.getCurrentContext() result: "NATIVE_APP"
&amp#27;[35m[HTTP]&amp#27;[39m &amp#27;[37m<-- GET /wd/hub/session/1598ee9e-1203-4c9f-8530-f15e122a0321/context &amp#27;[39m&amp#27;[32m200&amp#27;[39m &amp#27;[90m2 ms - 22&amp#27;[39m
&amp#27;[35m[HTTP]&amp#27;[39m &amp#27;[90m&amp#27;[39m
&amp#27;[35m[HTTP]&amp#27;[39m &amp#27;[37m-->&amp#27;[39m &amp#27;[37mPOST&amp#27;[39m &amp#27;[37m/wd/hub/session/1598ee9e-1203-4c9f-8530-f15e122a0321/element&amp#27;[39m
&amp#27;[35m[HTTP]&amp#27;[39m &amp#27;[90m{"using":"xpath","value":"//android.widget.TextView[@text='WiFi settings']"}&amp#27;[39m
[debug] &amp#27;[35m[W3C (1598ee9e)]&amp#27;[39m Calling AppiumDriver.findElement() with args: ["xpath","//android.widget.TextView[@text='WiFi settings']","1598ee9e-1203-4c9f-8530-f15e122a0321"]
[debug] &amp#27;[35m[BaseDriver]&amp#27;[39m Valid locator strategies for this request: xpath, id, class name, accessibility id, css selector, -android uiautomator
[debug] &amp#27;[35m[BaseDriver]&amp#27;[39m Waiting up to 10000 ms for condition
[debug] &amp#27;[35m[WD Proxy]&amp#27;[39m Matched '/element' to command name 'findElement'
[debug] &amp#27;[35m[WD Proxy]&amp#27;[39m Proxying [POST /element] to [POST http://127.0.0.1:8201/wd/hub/session/fd19ca9d-ec37-4410-b51a-11798046d979/element] with body: {"strategy":"xpath","selector":"//android.widget.TextView[@text='WiFi settings']","context":"","multiple":false}
[debug] &amp#27;[35m[WD Proxy]&amp#27;[39m Got response with status 200: {"sessionId":"fd19ca9d-ec37-4410-b51a-11798046d979","value":{"ELEMENT":"1cc36f8e-9c44-4dcd-b5b1-0fff4a4bcc6a","element-6066-11e4-a52e-4f735466cecf":"1cc36f8e-9c44-4dcd-b5b1-0fff4a4bcc6a"}}
[debug] &amp#27;[35m[W3C (1598ee9e)]&amp#27;[39m Responding to client with driver.findElement() result: {"element-6066-11e4-a52e-4f735466cecf":"1cc36f8e-9c44-4dcd-b5b1-0fff4a4bcc6a","ELEMENT":"1cc36f8e-9c44-4dcd-b5b1-0fff4a4bcc6a"}
&amp#27;[35m[HTTP]&amp#27;[39m &amp#27;[37m<-- POST /wd/hub/session/1598ee9e-1203-4c9f-8530-f15e122a0321/element &amp#27;[39m&amp#27;[32m200&amp#27;[39m &amp#27;[90m75 ms - 137&amp#27;[39m
&amp#27;[35m[HTTP]&amp#27;[39m &amp#27;[90m&amp#27;[39m
&amp#27;[35m[HTTP]&amp#27;[39m &amp#27;[37m-->&amp#27;[39m &amp#27;[37mPOST&amp#27;[39m &amp#27;[37m/wd/hub/session/1598ee9e-1203-4c9f-8530-f15e122a0321/element/1cc36f8e-9c44-4dcd-b5b1-0fff4a4bcc6a/click&amp#27;[39m
&amp#27;[35m[HTTP]&amp#27;[39m &amp#27;[90m{"id":"1cc36f8e-9c44-4dcd-b5b1-0fff4a4bcc6a"}&amp#27;[39m
[debug] &amp#27;[35m[W3C (1598ee9e)]&amp#27;[39m Calling AppiumDriver.click() with args: ["1cc36f8e-9c44-4dcd-b5b1-0fff4a4bcc6a","1598ee9e-1203-4c9f-8530-f15e122a0321"]
[debug] &amp#27;[35m[WD Proxy]&amp#27;[39m Matched '/element/1cc36f8e-9c44-4dcd-b5b1-0fff4a4bcc6a/click' to command name 'click'
[debug] &amp#27;[35m[WD Proxy]&amp#27;[39m Proxying [POST /element/1cc36f8e-9c44-4dcd-b5b1-0fff4a4bcc6a/click] to [POST http://127.0.0.1:8201/wd/hub/session/fd19ca9d-ec37-4410-b51a-11798046d979/element/1cc36f8e-9c44-4dcd-b5b1-0fff4a4bcc6a/click] with body: {"element":"1cc36f8e-9c44-4dcd-b5b1-0fff4a4bcc6a"}
[debug] &amp#27;[35m[WD Proxy]&amp#27;[39m Got response with status 200: {"sessionId":"fd19ca9d-ec37-4410-b51a-11798046d979","value":null}
[debug] &amp#27;[35m[W3C (1598ee9e)]&amp#27;[39m Responding to client with driver.click() result: null
&amp#27;[35m[HTTP]&amp#27;[39m &amp#27;[37m<-- POST /wd/hub/session/1598ee9e-1203-4c9f-8530-f15e122a0321/element/1cc36f8e-9c44-4dcd-b5b1-0fff4a4bcc6a/click &amp#27;[39m&amp#27;[32m200&amp#27;[39m &amp#27;[90m1397 ms - 14&amp#27;[39m
&amp#27;[35m[HTTP]&amp#27;[39m &amp#27;[90m&amp#27;[39m
&amp#27;[35m[HTTP]&amp#27;[39m &amp#27;[37m-->&amp#27;[39m &amp#27;[37mGET&amp#27;[39m &amp#27;[37m/wd/hub/session/1598ee9e-1203-4c9f-8530-f15e122a0321/context&amp#27;[39m
&amp#27;[35m[HTTP]&amp#27;[39m &amp#27;[90m{}&amp#27;[39m
[debug] &amp#27;[35m[W3C (1598ee9e)]&amp#27;[39m Calling AppiumDriver.getCurrentContext() with args: ["1598ee9e-1203-4c9f-8530-f15e122a0321"]
[debug] &amp#27;[35m[W3C (1598ee9e)]&amp#27;[39m Responding to client with driver.getCurrentContext() result: "NATIVE_APP"
&amp#27;[35m[HTTP]&amp#27;[39m &amp#27;[37m<-- GET /wd/hub/session/1598ee9e-1203-4c9f-8530-f15e122a0321/context &amp#27;[39m&amp#27;[32m200&amp#27;[39m &amp#27;[90m1 ms - 22&amp#27;[39m
&amp#27;[35m[HTTP]&amp#27;[39m &amp#27;[90m&amp#27;[39m
&amp#27;[35m[HTTP]&amp#27;[39m &amp#27;[37m-->&amp#27;[39m &amp#27;[37mPOST&amp#27;[39m &amp#27;[37m/wd/hub/session/1598ee9e-1203-4c9f-8530-f15e122a0321/element&amp#27;[39m
&amp#27;[35m[HTTP]&amp#27;[39m &amp#27;[90m{"using":"id","value":"android:id/edit"}&amp#27;[39m
[debug] &amp#27;[35m[W3C (1598ee9e)]&amp#27;[39m Calling AppiumDriver.findElement() with args: ["id","android:id/edit","1598ee9e-1203-4c9f-8530-f15e122a0321"]
[debug] &amp#27;[35m[BaseDriver]&amp#27;[39m Valid locator strategies for this request: xpath, id, class name, accessibility id, css selector, -android uiautomator
[debug] &amp#27;[35m[BaseDriver]&amp#27;[39m Waiting up to 10000 ms for condition
[debug] &amp#27;[35m[WD Proxy]&amp#27;[39m Matched '/element' to command name 'findElement'
[debug] &amp#27;[35m[WD Proxy]&amp#27;[39m Proxying [POST /element] to [POST http://127.0.0.1:8201/wd/hub/session/fd19ca9d-ec37-4410-b51a-11798046d979/element] with body: {"strategy":"id","selector":"android:id/edit","context":"","multiple":false}
[debug] &amp#27;[35m[WD Proxy]&amp#27;[39m Got response with status 200: {"sessionId":"fd19ca9d-ec37-4410-b51a-11798046d979","value":{"ELEMENT":"30487ac8-c939-46dd-8b8c-b2c05db08b45","element-6066-11e4-a52e-4f735466cecf":"30487ac8-c939-46dd-8b8c-b2c05db08b45"}}
[debug] &amp#27;[35m[W3C (1598ee9e)]&amp#27;[39m Responding to client with driver.findElement() result: {"element-6066-11e4-a52e-4f735466cecf":"30487ac8-c939-46dd-8b8c-b2c05db08b45","ELEMENT":"30487ac8-c939-46dd-8b8c-b2c05db08b45"}
&amp#27;[35m[HTTP]&amp#27;[39m &amp#27;[37m<-- POST /wd/hub/session/1598ee9e-1203-4c9f-8530-f15e122a0321/element &amp#27;[39m&amp#27;[32m200&amp#27;[39m &amp#27;[90m67 ms - 137&amp#27;[39m
&amp#27;[35m[HTTP]&amp#27;[39m &amp#27;[90m&amp#27;[39m
&amp#27;[35m[HTTP]&amp#27;[39m &amp#27;[37m-->&amp#27;[39m &amp#27;[37mPOST&amp#27;[39m &amp#27;[37m/wd/hub/session/1598ee9e-1203-4c9f-8530-f15e122a0321/element/30487ac8-c939-46dd-8b8c-b2c05db08b45/clear&amp#27;[39m
&amp#27;[35m[HTTP]&amp#27;[39m &amp#27;[90m{"id":"30487ac8-c939-46dd-8b8c-b2c05db08b45"}&amp#27;[39m
[debug] &amp#27;[35m[W3C (1598ee9e)]&amp#27;[39m Calling AppiumDriver.clear() with args: ["30487ac8-c939-46dd-8b8c-b2c05db08b45","1598ee9e-1203-4c9f-8530-f15e122a0321"]
[debug] &amp#27;[35m[WD Proxy]&amp#27;[39m Matched '/element/30487ac8-c939-46dd-8b8c-b2c05db08b45/clear' to command name 'clear'
[debug] &amp#27;[35m[WD Proxy]&amp#27;[39m Proxying [POST /element/30487ac8-c939-46dd-8b8c-b2c05db08b45/clear] to [POST http://127.0.0.1:8201/wd/hub/session/fd19ca9d-ec37-4410-b51a-11798046d979/element/30487ac8-c939-46dd-8b8c-b2c05db08b45/clear] with body: {"elementId":"30487ac8-c939-46dd-8b8c-b2c05db08b45"}
[debug] &amp#27;[35m[WD Proxy]&amp#27;[39m Got response with status 200: {"sessionId":"fd19ca9d-ec37-4410-b51a-11798046d979","value":null}
[debug] &amp#27;[35m[W3C (1598ee9e)]&amp#27;[39m Responding to client with driver.clear() result: null
&amp#27;[35m[HTTP]&amp#27;[39m &amp#27;[37m<-- POST /wd/hub/session/1598ee9e-1203-4c9f-8530-f15e122a0321/element/30487ac8-c939-46dd-8b8c-b2c05db08b45/clear &amp#27;[39m&amp#27;[32m200&amp#27;[39m &amp#27;[90m43 ms - 14&amp#27;[39m
&amp#27;[35m[HTTP]&amp#27;[39m &amp#27;[90m&amp#27;[39m
&amp#27;[35m[HTTP]&amp#27;[39m &amp#27;[37m-->&amp#27;[39m &amp#27;[37mGET&amp#27;[39m &amp#27;[37m/wd/hub/session/1598ee9e-1203-4c9f-8530-f15e122a0321/context&amp#27;[39m
&amp#27;[35m[HTTP]&amp#27;[39m &amp#27;[90m{}&amp#27;[39m
[debug] &amp#27;[35m[W3C (1598ee9e)]&amp#27;[39m Calling AppiumDriver.getCurrentContext() with args: ["1598ee9e-1203-4c9f-8530-f15e122a0321"]
[debug] &amp#27;[35m[W3C (1598ee9e)]&amp#27;[39m Responding to client with driver.getCurrentContext() result: "NATIVE_APP"
&amp#27;[35m[HTTP]&amp#27;[39m &amp#27;[37m<-- GET /wd/hub/session/1598ee9e-1203-4c9f-8530-f15e122a0321/context &amp#27;[39m&amp#27;[32m200&amp#27;[39m &amp#27;[90m2 ms - 22&amp#27;[39m
&amp#27;[35m[HTTP]&amp#27;[39m &amp#27;[90m&amp#27;[39m
&amp#27;[35m[HTTP]&amp#27;[39m &amp#27;[37m-->&amp#27;[39m &amp#27;[37mPOST&amp#27;[39m &amp#27;[37m/wd/hub/session/1598ee9e-1203-4c9f-8530-f15e122a0321/element&amp#27;[39m
&amp#27;[35m[HTTP]&amp#27;[39m &amp#27;[90m{"using":"id","value":"android:id/edit"}&amp#27;[39m
[debug] &amp#27;[35m[W3C (1598ee9e)]&amp#27;[39m Calling AppiumDriver.findElement() with args: ["id","android:id/edit","1598ee9e-1203-4c9f-8530-f15e122a0321"]
[debug] &amp#27;[35m[BaseDriver]&amp#27;[39m Valid locator strategies for this request: xpath, id, class name, accessibility id, css selector, -android uiautomator
[debug] &amp#27;[35m[BaseDriver]&amp#27;[39m Waiting up to 10000 ms for condition
[debug] &amp#27;[35m[WD Proxy]&amp#27;[39m Matched '/element' to command name 'findElement'
[debug] &amp#27;[35m[WD Proxy]&amp#27;[39m Proxying [POST /element] to [POST http://127.0.0.1:8201/wd/hub/session/fd19ca9d-ec37-4410-b51a-11798046d979/element] with body: {"strategy":"id","selector":"android:id/edit","context":"","multiple":false}
[debug] &amp#27;[35m[WD Proxy]&amp#27;[39m Got response with status 200: {"sessionId":"fd19ca9d-ec37-4410-b51a-11798046d979","value":{"ELEMENT":"30487ac8-c939-46dd-8b8c-b2c05db08b45","element-6066-11e4-a52e-4f735466cecf":"30487ac8-c939-46dd-8b8c-b2c05db08b45"}}
[debug] &amp#27;[35m[W3C (1598ee9e)]&amp#27;[39m Responding to client with driver.findElement() result: {"element-6066-11e4-a52e-4f735466cecf":"30487ac8-c939-46dd-8b8c-b2c05db08b45","ELEMENT":"30487ac8-c939-46dd-8b8c-b2c05db08b45"}
&amp#27;[35m[HTTP]&amp#27;[39m &amp#27;[37m<-- POST /wd/hub/session/1598ee9e-1203-4c9f-8530-f15e122a0321/element &amp#27;[39m&amp#27;[32m200&amp#27;[39m &amp#27;[90m833 ms - 137&amp#27;[39m
&amp#27;[35m[HTTP]&amp#27;[39m &amp#27;[90m&amp#27;[39m
&amp#27;[35m[HTTP]&amp#27;[39m &amp#27;[37m-->&amp#27;[39m &amp#27;[37mPOST&amp#27;[39m &amp#27;[37m/wd/hub/session/1598ee9e-1203-4c9f-8530-f15e122a0321/element/30487ac8-c939-46dd-8b8c-b2c05db08b45/value&amp#27;[39m
&amp#27;[35m[HTTP]&amp#27;[39m &amp#27;[90m{"id":"30487ac8-c939-46dd-8b8c-b2c05db08b45","text":"XYZ","value":["X","Y","Z"]}&amp#27;[39m
[debug] &amp#27;[35m[W3C (1598ee9e)]&amp#27;[39m Calling AppiumDriver.setValue() with args: [["X","Y","Z"],"30487ac8-c939-46dd-8b8c-b2c05db08b45","1598ee9e-1203-4c9f-8530-f15e122a0321"]
[debug] &amp#27;[35m[WD Proxy]&amp#27;[39m Matched '/element/30487ac8-c939-46dd-8b8c-b2c05db08b45/value' to command name 'setValue'
[debug] &amp#27;[35m[Protocol Converter]&amp#27;[39m Added 'value' property ["X","Y","Z"] to 'setValue' request body
[debug] &amp#27;[35m[WD Proxy]&amp#27;[39m Proxying [POST /element/30487ac8-c939-46dd-8b8c-b2c05db08b45/value] to [POST http://127.0.0.1:8201/wd/hub/session/fd19ca9d-ec37-4410-b51a-11798046d979/element/30487ac8-c939-46dd-8b8c-b2c05db08b45/value] with body: {"elementId":"30487ac8-c939-46dd-8b8c-b2c05db08b45","text":"XYZ","replace":false,"value":["X","Y","Z"]}
[debug] &amp#27;[35m[WD Proxy]&amp#27;[39m Got response with status 200: {"sessionId":"fd19ca9d-ec37-4410-b51a-11798046d979","value":null}
[debug] &amp#27;[35m[W3C (1598ee9e)]&amp#27;[39m Responding to client with driver.setValue() result: null
&amp#27;[35m[HTTP]&amp#27;[39m &amp#27;[37m<-- POST /wd/hub/session/1598ee9e-1203-4c9f-8530-f15e122a0321/element/30487ac8-c939-46dd-8b8c-b2c05db08b45/value &amp#27;[39m&amp#27;[32m200&amp#27;[39m &amp#27;[90m108 ms - 14&amp#27;[39m
&amp#27;[35m[HTTP]&amp#27;[39m &amp#27;[90m&amp#27;[39m
&amp#27;[35m[HTTP]&amp#27;[39m &amp#27;[37m-->&amp#27;[39m &amp#27;[37mGET&amp#27;[39m &amp#27;[37m/wd/hub/session/1598ee9e-1203-4c9f-8530-f15e122a0321/context&amp#27;[39m
&amp#27;[35m[HTTP]&amp#27;[39m &amp#27;[90m{}&amp#27;[39m
[debug] &amp#27;[35m[W3C (1598ee9e)]&amp#27;[39m Calling AppiumDriver.getCurrentContext() with args: ["1598ee9e-1203-4c9f-8530-f15e122a0321"]
[debug] &amp#27;[35m[W3C (1598ee9e)]&amp#27;[39m Responding to client with driver.getCurrentContext() result: "NATIVE_APP"
&amp#27;[35m[HTTP]&amp#27;[39m &amp#27;[37m<-- GET /wd/hub/session/1598ee9e-1203-4c9f-8530-f15e122a0321/context &amp#27;[39m&amp#27;[32m200&amp#27;[39m &amp#27;[90m2 ms - 22&amp#27;[39m
&amp#27;[35m[HTTP]&amp#27;[39m &amp#27;[90m&amp#27;[39m
&amp#27;[35m[HTTP]&amp#27;[39m &amp#27;[37m-->&amp#27;[39m &amp#27;[37mPOST&amp#27;[39m &amp#27;[37m/wd/hub/session/1598ee9e-1203-4c9f-8530-f15e122a0321/element&amp#27;[39m
&amp#27;[35m[HTTP]&amp#27;[39m &amp#27;[90m{"using":"xpath","value":"//android.widget.Button[@text='OK']"}&amp#27;[39m
[debug] &amp#27;[35m[W3C (1598ee9e)]&amp#27;[39m Calling AppiumDriver.findElement() with args: ["xpath","//android.widget.Button[@text='OK']","1598ee9e-1203-4c9f-8530-f15e122a0321"]
[debug] &amp#27;[35m[BaseDriver]&amp#27;[39m Valid locator strategies for this request: xpath, id, class name, accessibility id, css selector, -android uiautomator
[debug] &amp#27;[35m[BaseDriver]&amp#27;[39m Waiting up to 10000 ms for condition
[debug] &amp#27;[35m[WD Proxy]&amp#27;[39m Matched '/element' to command name 'findElement'
[debug] &amp#27;[35m[WD Proxy]&amp#27;[39m Proxying [POST /element] to [POST http://127.0.0.1:8201/wd/hub/session/fd19ca9d-ec37-4410-b51a-11798046d979/element] with body: {"strategy":"xpath","selector":"//android.widget.Button[@text='OK']","context":"","multiple":false}
[debug] &amp#27;[35m[WD Proxy]&amp#27;[39m Got response with status 200: {"sessionId":"fd19ca9d-ec37-4410-b51a-11798046d979","value":{"ELEMENT":"c8785ba5-aa80-420f-8c39-9b30ee6a2c1e","element-6066-11e4-a52e-4f735466cecf":"c8785ba5-aa80-420f-8c39-9b30ee6a2c1e"}}
[debug] &amp#27;[35m[W3C (1598ee9e)]&amp#27;[39m Responding to client with driver.findElement() result: {"element-6066-11e4-a52e-4f735466cecf":"c8785ba5-aa80-420f-8c39-9b30ee6a2c1e","ELEMENT":"c8785ba5-aa80-420f-8c39-9b30ee6a2c1e"}
&amp#27;[35m[HTTP]&amp#27;[39m &amp#27;[37m<-- POST /wd/hub/session/1598ee9e-1203-4c9f-8530-f15e122a0321/element &amp#27;[39m&amp#27;[32m200&amp#27;[39m &amp#27;[90m1015 ms - 137&amp#27;[39m
&amp#27;[35m[HTTP]&amp#27;[39m &amp#27;[90m&amp#27;[39m
&amp#27;[35m[HTTP]&amp#27;[39m &amp#27;[37m-->&amp#27;[39m &amp#27;[37mPOST&amp#27;[39m &amp#27;[37m/wd/hub/session/1598ee9e-1203-4c9f-8530-f15e122a0321/element/c8785ba5-aa80-420f-8c39-9b30ee6a2c1e/click&amp#27;[39m
&amp#27;[35m[HTTP]&amp#27;[39m &amp#27;[90m{"id":"c8785ba5-aa80-420f-8c39-9b30ee6a2c1e"}&amp#27;[39m
[debug] &amp#27;[35m[W3C (1598ee9e)]&amp#27;[39m Calling AppiumDriver.click() with args: ["c8785ba5-aa80-420f-8c39-9b30ee6a2c1e","1598ee9e-1203-4c9f-8530-f15e122a0321"]
[debug] &amp#27;[35m[WD Proxy]&amp#27;[39m Matched '/element/c8785ba5-aa80-420f-8c39-9b30ee6a2c1e/click' to command name 'click'
[debug] &amp#27;[35m[WD Proxy]&amp#27;[39m Proxying [POST /element/c8785ba5-aa80-420f-8c39-9b30ee6a2c1e/click] to [POST http://127.0.0.1:8201/wd/hub/session/fd19ca9d-ec37-4410-b51a-11798046d979/element/c8785ba5-aa80-420f-8c39-9b30ee6a2c1e/click] with body: {"element":"c8785ba5-aa80-420f-8c39-9b30ee6a2c1e"}
[debug] &amp#27;[35m[WD Proxy]&amp#27;[39m Got response with status 200: {"sessionId":"fd19ca9d-ec37-4410-b51a-11798046d979","value":null}
[debug] &amp#27;[35m[W3C (1598ee9e)]&amp#27;[39m Responding to client with driver.click() result: null
&amp#27;[35m[HTTP]&amp#27;[39m &amp#27;[37m<-- POST /wd/hub/session/1598ee9e-1203-4c9f-8530-f15e122a0321/element/c8785ba5-aa80-420f-8c39-9b30ee6a2c1e/click &amp#27;[39m&amp#27;[32m200&amp#27;[39m &amp#27;[90m51 ms - 14&amp#27;[39m
&amp#27;[35m[HTTP]&amp#27;[39m &amp#27;[90m&amp#27;[39m
&amp#27;[35m[HTTP]&amp#27;[39m &amp#27;[37m-->&amp#27;[39m &amp#27;[37mGET&amp#27;[39m &amp#27;[37m/wd/hub/session/1598ee9e-1203-4c9f-8530-f15e122a0321/context&amp#27;[39m
&amp#27;[35m[HTTP]&amp#27;[39m &amp#27;[90m{}&amp#27;[39m
[debug] &amp#27;[35m[W3C (1598ee9e)]&amp#27;[39m Calling AppiumDriver.getCurrentContext() with args: ["1598ee9e-1203-4c9f-8530-f15e122a0321"]
[debug] &amp#27;[35m[W3C (1598ee9e)]&amp#27;[39m Responding to client with driver.getCurrentContext() result: "NATIVE_APP"
&amp#27;[35m[HTTP]&amp#27;[39m &amp#27;[37m<-- GET /wd/hub/session/1598ee9e-1203-4c9f-8530-f15e122a0321/context &amp#27;[39m&amp#27;[32m200&amp#27;[39m &amp#27;[90m8 ms - 22&amp#27;[39m
&amp#27;[35m[HTTP]&amp#27;[39m &amp#27;[90m&amp#27;[39m
&amp#27;[35m[HTTP]&amp#27;[39m &amp#27;[37m-->&amp#27;[39m &amp#27;[37mPOST&amp#27;[39m &amp#27;[37m/wd/hub/session/1598ee9e-1203-4c9f-8530-f15e122a0321/element&amp#27;[39m
&amp#27;[35m[HTTP]&amp#27;[39m &amp#27;[90m{"using":"xpath","value":"//android.widget.TextView[@text='WiFi']"}&amp#27;[39m
[debug] &amp#27;[35m[W3C (1598ee9e)]&amp#27;[39m Calling AppiumDriver.findElement() with args: ["xpath","//android.widget.TextView[@text='WiFi']","1598ee9e-1203-4c9f-8530-f15e122a0321"]
[debug] &amp#27;[35m[BaseDriver]&amp#27;[39m Valid locator strategies for this request: xpath, id, class name, accessibility id, css selector, -android uiautomator
[debug] &amp#27;[35m[BaseDriver]&amp#27;[39m Waiting up to 10000 ms for condition
[debug] &amp#27;[35m[WD Proxy]&amp#27;[39m Matched '/element' to command name 'findElement'
[debug] &amp#27;[35m[WD Proxy]&amp#27;[39m Proxying [POST /element] to [POST http://127.0.0.1:8201/wd/hub/session/fd19ca9d-ec37-4410-b51a-11798046d979/element] with body: {"strategy":"xpath","selector":"//android.widget.TextView[@text='WiFi']","context":"","multiple":false}
[debug] &amp#27;[35m[WD Proxy]&amp#27;[39m Got response with status 200: {"sessionId":"fd19ca9d-ec37-4410-b51a-11798046d979","value":{"ELEMENT":"96414505-ad96-4e74-899d-602b3b363ee9","element-6066-11e4-a52e-4f735466cecf":"96414505-ad96-4e74-899d-602b3b363ee9"}}
[debug] &amp#27;[35m[W3C (1598ee9e)]&amp#27;[39m Responding to client with driver.findElement() result: {"element-6066-11e4-a52e-4f735466cecf":"96414505-ad96-4e74-899d-602b3b363ee9","ELEMENT":"96414505-ad96-4e74-899d-602b3b363ee9"}
&amp#27;[35m[HTTP]&amp#27;[39m &amp#27;[37m<-- POST /wd/hub/session/1598ee9e-1203-4c9f-8530-f15e122a0321/element &amp#27;[39m&amp#27;[32m200&amp#27;[39m &amp#27;[90m743 ms - 137&amp#27;[39m
&amp#27;[35m[HTTP]&amp#27;[39m &amp#27;[90m&amp#27;[39m
&amp#27;[35m[HTTP]&amp#27;[39m &amp#27;[37m-->&amp#27;[39m &amp#27;[37mPOST&amp#27;[39m &amp#27;[37m/wd/hub/session/1598ee9e-1203-4c9f-8530-f15e122a0321/element/96414505-ad96-4e74-899d-602b3b363ee9/click&amp#27;[39m
&amp#27;[35m[HTTP]&amp#27;[39m &amp#27;[90m{"id":"96414505-ad96-4e74-899d-602b3b363ee9"}&amp#27;[39m
[debug] &amp#27;[35m[W3C (1598ee9e)]&amp#27;[39m Calling AppiumDriver.click() with args: ["96414505-ad96-4e74-899d-602b3b363ee9","1598ee9e-1203-4c9f-8530-f15e122a0321"]
[debug] &amp#27;[35m[WD Proxy]&amp#27;[39m Matched '/element/96414505-ad96-4e74-899d-602b3b363ee9/click' to command name 'click'
[debug] &amp#27;[35m[WD Proxy]&amp#27;[39m Proxying [POST /element/96414505-ad96-4e74-899d-602b3b363ee9/click] to [POST http://127.0.0.1:8201/wd/hub/session/fd19ca9d-ec37-4410-b51a-11798046d979/element/96414505-ad96-4e74-899d-602b3b363ee9/click] with body: {"element":"96414505-ad96-4e74-899d-602b3b363ee9"}
[debug] &amp#27;[35m[WD Proxy]&amp#27;[39m Got response with status 200: {"sessionId":"fd19ca9d-ec37-4410-b51a-11798046d979","value":null}
[debug] &amp#27;[35m[W3C (1598ee9e)]&amp#27;[39m Responding to client with driver.click() result: null
&amp#27;[35m[HTTP]&amp#27;[39m &amp#27;[37m<-- POST /wd/hub/session/1598ee9e-1203-4c9f-8530-f15e122a0321/element/96414505-ad96-4e74-899d-602b3b363ee9/click &amp#27;[39m&amp#27;[32m200&amp#27;[39m &amp#27;[90m644 ms - 14&amp#27;[39m
&amp#27;[35m[HTTP]&amp#27;[39m &amp#27;[90m&amp#27;[39m
]]></system-out>
  </testcase>
</testsuite>