<?xml version="1.0" encoding="UTF-8"?>
<!-- Generated by org.testng.reporters.JUnitReportReporter -->
<testsuite hostname="DESKTOP-3NLNO6U" failures="0" tests="1" name="Practies.AppiumFramework.Ecommerce_Shopping_APP_tc" time="101.825" errors="0" timestamp="2021-01-13T00:25:13 CST" skipped="0">
  <testcase classname="Practies.AppiumFramework.Ecommerce_Shopping_APP_tc" name="testCase5" time="101.825"/>
  <system-out/>
</testsuite> <!-- Practies.AppiumFramework.Ecommerce_Shopping_APP_tc -->
