<?xml version="1.0" encoding="UTF-8"?>
<!-- Generated by org.testng.reporters.JUnitReportReporter -->
<testsuite hostname="DESKTOP-3NLNO6U" failures="0" tests="1" name="Practies.AppiumFramework.tc_05" time="68.949" errors="0" timestamp="2021-01-11T22:35:21 CST" skipped="0">
  <testcase classname="Practies.AppiumFramework.tc_05" name="testCase5" time="68.949"/>
  <system-out/>
</testsuite> <!-- Practies.AppiumFramework.tc_05 -->
