<?xml version="1.0" encoding="UTF-8"?>
<!-- Generated by org.testng.reporters.JUnitReportReporter -->
<testsuite skipped="0" hostname="DESKTOP-3NLNO6U" name="Practies.AppiumFramework.Ecommerce_Shopping_APP_tc" tests="1" failures="0" timestamp="2021-01-13T14:16:45 CST" time="153.539" errors="0">
  <testcase name="testCase5" time="153.539" classname="Practies.AppiumFramework.Ecommerce_Shopping_APP_tc"/>
  <system-out/>
</testsuite> <!-- Practies.AppiumFramework.Ecommerce_Shopping_APP_tc -->
