<?xml version="1.0" encoding="UTF-8"?>
<!-- Generated by org.testng.reporters.JUnitReportReporter -->
<testsuite skipped="0" hostname="DESKTOP-3NLNO6U" name="Practies.AppiumFramework.ApiDemoAppTestCase" tests="3" failures="0" timestamp="2021-01-13T14:16:45 CST" time="64.312" errors="0">
  <testcase name="APIDemoTC" time="49.656" classname="Practies.AppiumFramework.ApiDemoAppTestCase"/>
  <system-out/>
  <testcase name="Preference_dependencies" time="7.771" classname="Practies.AppiumFramework.ApiDemoAppTestCase"/>
  <system-out/>
  <testcase name="Preference_dependencies" time="6.885" classname="Practies.AppiumFramework.ApiDemoAppTestCase"/>
  <system-out/>
</testsuite> <!-- Practies.AppiumFramework.ApiDemoAppTestCase -->
